<?xml version="1.0" encoding="UTF-8"?>
<testsuite name="bdbe.bdbd.carwash.CarwashRestControllerTest" tests="8" skipped="0" failures="0" errors="0" timestamp="2023-11-06T17:30:27" hostname="MacBook-Pro.local" time="1.743">
  <properties/>
  <testcase name="키워드로 세차장 검색" classname="bdbe.bdbd.carwash.CarwashRestControllerTest" time="0.16"/>
  <testcase name="주변 세차장 검색" classname="bdbe.bdbd.carwash.CarwashRestControllerTest" time="0.074"/>
  <testcase name="세차장 기존 정보 불러오기" classname="bdbe.bdbd.carwash.CarwashRestControllerTest" time="0.146"/>
  <testcase name="가장 가까운 세차장 검색(추천세차장)" classname="bdbe.bdbd.carwash.CarwashRestControllerTest" time="0.071"/>
  <testcase name="세차장 등록 기능" classname="bdbe.bdbd.carwash.CarwashRestControllerTest" time="0.553"/>
  <testcase name="세차장 세부 정보 수정" classname="bdbe.bdbd.carwash.CarwashRestControllerTest" time="0.333"/>
  <testcase name="세차장 상세 정보 조회 기능" classname="bdbe.bdbd.carwash.CarwashRestControllerTest" time="0.184"/>
  <testcase name="전체 세차장 목록 조회" classname="bdbe.bdbd.carwash.CarwashRestControllerTest" time="0.216"/>
  <system-out><![CDATA[2023-11-07 02:30:27.246  INFO 98385 --- [    Test worker] .b.t.c.SpringBootTestContextBootstrapper : Neither @ContextConfiguration nor @ContextHierarchy found for test class [bdbe.bdbd.carwash.CarwashRestControllerTest], using SpringBootContextLoader
2023-11-07 02:30:27.247  INFO 98385 --- [    Test worker] o.s.t.c.support.AbstractContextLoader    : Could not detect default resource locations for test class [bdbe.bdbd.carwash.CarwashRestControllerTest]: no resource found for suffixes {-context.xml, Context.groovy}.
2023-11-07 02:30:27.247  INFO 98385 --- [    Test worker] t.c.s.AnnotationConfigContextLoaderUtils : Could not detect default configuration classes for test class [bdbe.bdbd.carwash.CarwashRestControllerTest]: CarwashRestControllerTest does not declare any static, non-private, non-final, nested classes annotated with @Configuration.
2023-11-07 02:30:27.252  INFO 98385 --- [    Test worker] .b.t.c.SpringBootTestContextBootstrapper : Found @SpringBootConfiguration bdbe.bdbd.BdbdApplication for test class bdbe.bdbd.carwash.CarwashRestControllerTest
2023-11-07 02:30:27.252  INFO 98385 --- [    Test worker] .b.t.c.SpringBootTestContextBootstrapper : Loaded default TestExecutionListener class names from location [META-INF/spring.factories]: [org.springframework.security.test.context.support.WithSecurityContextTestExecutionListener, org.springframework.security.test.context.support.ReactorContextTestExecutionListener, org.springframework.boot.test.autoconfigure.restdocs.RestDocsTestExecutionListener, org.springframework.boot.test.autoconfigure.web.client.MockRestServiceServerResetTestExecutionListener, org.springframework.boot.test.autoconfigure.web.servlet.MockMvcPrintOnlyOnFailureTestExecutionListener, org.springframework.boot.test.autoconfigure.web.servlet.WebDriverTestExecutionListener, org.springframework.boot.test.autoconfigure.webservices.client.MockWebServiceServerTestExecutionListener, org.springframework.boot.test.mock.mockito.MockitoTestExecutionListener, org.springframework.boot.test.mock.mockito.ResetMocksTestExecutionListener, org.springframework.test.context.web.ServletTestExecutionListener, org.springframework.test.context.support.DirtiesContextBeforeModesTestExecutionListener, org.springframework.test.context.event.ApplicationEventsTestExecutionListener, org.springframework.test.context.support.DependencyInjectionTestExecutionListener, org.springframework.test.context.support.DirtiesContextTestExecutionListener, org.springframework.test.context.transaction.TransactionalTestExecutionListener, org.springframework.test.context.jdbc.SqlScriptsTestExecutionListener, org.springframework.test.context.event.EventPublishingTestExecutionListener]
2023-11-07 02:30:27.253  INFO 98385 --- [    Test worker] .b.t.c.SpringBootTestContextBootstrapper : Using TestExecutionListeners: [org.springframework.test.context.web.ServletTestExecutionListener@258274cb, org.springframework.test.context.support.DirtiesContextBeforeModesTestExecutionListener@44c6e366, org.springframework.test.context.event.ApplicationEventsTestExecutionListener@637edfe0, org.springframework.boot.test.mock.mockito.MockitoTestExecutionListener@3107833, org.springframework.boot.test.autoconfigure.SpringBootDependencyInjectionTestExecutionListener@358260b6, org.springframework.test.context.support.DirtiesContextTestExecutionListener@462c68b3, org.springframework.test.context.transaction.TransactionalTestExecutionListener@53b83e49, org.springframework.test.context.jdbc.SqlScriptsTestExecutionListener@536905ed, org.springframework.security.test.context.support.WithSecurityContextTestExecutionListener@75c858e6, org.springframework.test.context.event.EventPublishingTestExecutionListener@5084cf1c, org.springframework.security.test.context.support.ReactorContextTestExecutionListener@425cf933, org.springframework.boot.test.autoconfigure.restdocs.RestDocsTestExecutionListener@5901caf8, org.springframework.boot.test.autoconfigure.web.client.MockRestServiceServerResetTestExecutionListener@6e39b656, org.springframework.boot.test.autoconfigure.web.servlet.MockMvcPrintOnlyOnFailureTestExecutionListener@18b378a2, org.springframework.boot.test.autoconfigure.web.servlet.WebDriverTestExecutionListener@3d039fe6, org.springframework.boot.test.autoconfigure.webservices.client.MockWebServiceServerTestExecutionListener@6a82d4b4, org.springframework.boot.test.mock.mockito.ResetMocksTestExecutionListener@492a54b4]
2023-11-07 02:30:27.267  INFO 98385 --- [    Test worker] o.s.t.c.transaction.TransactionContext   : Began transaction (1) for test context [DefaultTestContext@7f6a0c29 testClass = CarwashRestControllerTest, testInstance = bdbe.bdbd.carwash.CarwashRestControllerTest@4211a66, testMethod = findCarwashesByKeywords_test@CarwashRestControllerTest, testException = [null], mergedContextConfiguration = [WebMergedContextConfiguration@1ccab629 testClass = CarwashRestControllerTest, locations = '{}', classes = '{class bdbe.bdbd.BdbdApplication}', contextInitializerClasses = '[]', activeProfiles = '{}', propertySourceLocations = '{}', propertySourceProperties = '{org.springframework.boot.test.context.SpringBootTestContextBootstrapper=true}', contextCustomizers = set[org.springframework.boot.test.autoconfigure.actuate.metrics.MetricsExportContextCustomizerFactory$DisableMetricExportContextCustomizer@78fb9a67, org.springframework.boot.test.autoconfigure.properties.PropertyMappingContextCustomizer@4b3fa0b3, org.springframework.boot.test.autoconfigure.web.servlet.WebDriverContextCustomizerFactory$Customizer@2692b61e, [ImportsContextCustomizer@210e7a5 key = [org.springframework.boot.test.autoconfigure.web.servlet.MockMvcAutoConfiguration, org.springframework.boot.test.autoconfigure.web.servlet.MockMvcWebClientAutoConfiguration, org.springframework.boot.test.autoconfigure.web.servlet.MockMvcWebDriverAutoConfiguration, org.springframework.boot.autoconfigure.security.oauth2.client.servlet.OAuth2ClientAutoConfiguration, org.springframework.boot.autoconfigure.security.oauth2.resource.servlet.OAuth2ResourceServerAutoConfiguration, org.springframework.boot.autoconfigure.security.servlet.SecurityAutoConfiguration, org.springframework.boot.autoconfigure.security.servlet.SecurityFilterAutoConfiguration, org.springframework.boot.autoconfigure.security.servlet.UserDetailsServiceAutoConfiguration, org.springframework.boot.test.autoconfigure.web.servlet.MockMvcSecurityConfiguration, org.springframework.boot.test.autoconfigure.web.reactive.WebTestClientAutoConfiguration]], org.springframework.boot.test.context.filter.ExcludeFilterContextCustomizer@47dbb1e2, org.springframework.boot.test.json.DuplicateJsonObjectContextCustomizerFactory$DuplicateJsonObjectContextCustomizer@6d24ffa1, org.springframework.boot.test.mock.mockito.MockitoContextCustomizer@0, org.springframework.boot.test.web.client.TestRestTemplateContextCustomizer@5ddabb18, org.springframework.boot.test.context.SpringBootTestArgs@1, org.springframework.boot.test.context.SpringBootTestWebEnvironment@7b993c65], resourceBasePath = 'src/main/webapp', contextLoader = 'org.springframework.boot.test.context.SpringBootContextLoader', parent = [null]], attributes = map['org.springframework.test.context.web.ServletTestExecutionListener.activateListener' -> true, 'org.springframework.test.context.web.ServletTestExecutionListener.populatedRequestContextHolder' -> true, 'org.springframework.test.context.web.ServletTestExecutionListener.resetRequestContextHolder' -> true, 'org.springframework.test.context.event.ApplicationEventsTestExecutionListener.recordApplicationEvents' -> false]]; transaction manager [org.springframework.orm.jpa.JpaTransactionManager@7a56c3c7]; rollback [true]
Hibernate: 
    select
        member0_.id as id1_6_,
        member0_.email as email2_6_,
        member0_.password as password3_6_,
        member0_.role as role4_6_,
        member0_.tel as tel5_6_,
        member0_.username as username6_6_ 
    from
        member member0_ 
    where
        member0_.email=?
2023-11-07 02:30:27.268 TRACE 98385 --- [    Test worker] o.h.type.descriptor.sql.BasicBinder      : binding parameter [1] as [VARCHAR] - [user@nate.com]
2023-11-07 02:30:27.279 TRACE 98385 --- [    Test worker] o.h.type.descriptor.sql.BasicExtractor   : extracted value ([id1_6_] : [BIGINT]) - [1]
2023-11-07 02:30:27.279 TRACE 98385 --- [    Test worker] o.h.type.descriptor.sql.BasicExtractor   : extracted value ([email2_6_] : [VARCHAR]) - [user@nate.com]
2023-11-07 02:30:27.279 TRACE 98385 --- [    Test worker] o.h.type.descriptor.sql.BasicExtractor   : extracted value ([password3_6_] : [VARCHAR]) - [{bcrypt}$2a$10$v8NhNtmO91URnZ9nJIYdSeapN9qj4qxBHuf8Kd/hkms9.eRUEHcQS]
2023-11-07 02:30:27.279 TRACE 98385 --- [    Test worker] o.h.type.descriptor.sql.BasicExtractor   : extracted value ([role4_6_] : [VARCHAR]) - [ROLE_USER]
2023-11-07 02:30:27.279 TRACE 98385 --- [    Test worker] o.h.type.descriptor.sql.BasicExtractor   : extracted value ([tel5_6_] : [VARCHAR]) - [010-1234-5678]
2023-11-07 02:30:27.279 TRACE 98385 --- [    Test worker] o.h.type.descriptor.sql.BasicExtractor   : extracted value ([username6_6_] : [VARCHAR]) - [imnewuser]
Hibernate: 
    select
        keyword0_.id as id1_4_,
        keyword0_.name as name2_4_,
        keyword0_.type as type3_4_ 
    from
        keyword keyword0_ 
    where
        keyword0_.type=?
2023-11-07 02:30:27.282 DEBUG 98385 --- [    Test worker] tributeConverterSqlTypeDescriptorAdapter : Converted value on binding : CARWASH -> 1
2023-11-07 02:30:27.282 TRACE 98385 --- [    Test worker] o.h.type.descriptor.sql.BasicBinder      : binding parameter [1] as [INTEGER] - [1]
2023-11-07 02:30:27.293 TRACE 98385 --- [    Test worker] o.h.type.descriptor.sql.BasicExtractor   : extracted value ([id1_4_] : [BIGINT]) - [1]
2023-11-07 02:30:27.293 TRACE 98385 --- [    Test worker] o.h.type.descriptor.sql.BasicExtractor   : extracted value ([name2_4_] : [VARCHAR]) - [하부세차]
2023-11-07 02:30:27.294 TRACE 98385 --- [    Test worker] o.h.type.descriptor.sql.BasicExtractor   : extracted value ([type3_4_] : [INTEGER]) - [1]
2023-11-07 02:30:27.294 DEBUG 98385 --- [    Test worker] tributeConverterSqlTypeDescriptorAdapter : Converted value on extraction: 1 -> CARWASH
2023-11-07 02:30:27.294 TRACE 98385 --- [    Test worker] o.h.type.descriptor.sql.BasicExtractor   : extracted value ([id1_4_] : [BIGINT]) - [2]
2023-11-07 02:30:27.294 TRACE 98385 --- [    Test worker] o.h.type.descriptor.sql.BasicExtractor   : extracted value ([name2_4_] : [VARCHAR]) - [개러지형 독립공간]
2023-11-07 02:30:27.294 TRACE 98385 --- [    Test worker] o.h.type.descriptor.sql.BasicExtractor   : extracted value ([type3_4_] : [INTEGER]) - [1]
2023-11-07 02:30:27.294 DEBUG 98385 --- [    Test worker] tributeConverterSqlTypeDescriptorAdapter : Converted value on extraction: 1 -> CARWASH
2023-11-07 02:30:27.294 TRACE 98385 --- [    Test worker] o.h.type.descriptor.sql.BasicExtractor   : extracted value ([id1_4_] : [BIGINT]) - [4]
2023-11-07 02:30:27.294 TRACE 98385 --- [    Test worker] o.h.type.descriptor.sql.BasicExtractor   : extracted value ([name2_4_] : [VARCHAR]) - [100% 수돗물]
2023-11-07 02:30:27.294 TRACE 98385 --- [    Test worker] o.h.type.descriptor.sql.BasicExtractor   : extracted value ([type3_4_] : [INTEGER]) - [1]
2023-11-07 02:30:27.294 DEBUG 98385 --- [    Test worker] tributeConverterSqlTypeDescriptorAdapter : Converted value on extraction: 1 -> CARWASH
2023-11-07 02:30:27.295 TRACE 98385 --- [    Test worker] o.h.type.descriptor.sql.BasicExtractor   : extracted value ([id1_4_] : [BIGINT]) - [5]
2023-11-07 02:30:27.295 TRACE 98385 --- [    Test worker] o.h.type.descriptor.sql.BasicExtractor   : extracted value ([name2_4_] : [VARCHAR]) - [야간 조명]
2023-11-07 02:30:27.295 TRACE 98385 --- [    Test worker] o.h.type.descriptor.sql.BasicExtractor   : extracted value ([type3_4_] : [INTEGER]) - [1]
2023-11-07 02:30:27.295 DEBUG 98385 --- [    Test worker] tributeConverterSqlTypeDescriptorAdapter : Converted value on extraction: 1 -> CARWASH
2023-11-07 02:30:27.295 TRACE 98385 --- [    Test worker] o.h.type.descriptor.sql.BasicExtractor   : extracted value ([id1_4_] : [BIGINT]) - [7]
2023-11-07 02:30:27.295 TRACE 98385 --- [    Test worker] o.h.type.descriptor.sql.BasicExtractor   : extracted value ([name2_4_] : [VARCHAR]) - [에어컨]
2023-11-07 02:30:27.295 TRACE 98385 --- [    Test worker] o.h.type.descriptor.sql.BasicExtractor   : extracted value ([type3_4_] : [INTEGER]) - [1]
2023-11-07 02:30:27.295 DEBUG 98385 --- [    Test worker] tributeConverterSqlTypeDescriptorAdapter : Converted value on extraction: 1 -> CARWASH
2023-11-07 02:30:27.295 TRACE 98385 --- [    Test worker] o.h.type.descriptor.sql.BasicExtractor   : extracted value ([id1_4_] : [BIGINT]) - [11]
2023-11-07 02:30:27.295 TRACE 98385 --- [    Test worker] o.h.type.descriptor.sql.BasicExtractor   : extracted value ([name2_4_] : [VARCHAR]) - [발수코팅건]
2023-11-07 02:30:27.295 TRACE 98385 --- [    Test worker] o.h.type.descriptor.sql.BasicExtractor   : extracted value ([type3_4_] : [INTEGER]) - [1]
2023-11-07 02:30:27.295 DEBUG 98385 --- [    Test worker] tributeConverterSqlTypeDescriptorAdapter : Converted value on extraction: 1 -> CARWASH
2023-11-07 02:30:27.295 TRACE 98385 --- [    Test worker] o.h.type.descriptor.sql.BasicExtractor   : extracted value ([id1_4_] : [BIGINT]) - [12]
2023-11-07 02:30:27.295 TRACE 98385 --- [    Test worker] o.h.type.descriptor.sql.BasicExtractor   : extracted value ([name2_4_] : [VARCHAR]) - [휴게실]
2023-11-07 02:30:27.295 TRACE 98385 --- [    Test worker] o.h.type.descriptor.sql.BasicExtractor   : extracted value ([type3_4_] : [INTEGER]) - [1]
2023-11-07 02:30:27.295 DEBUG 98385 --- [    Test worker] tributeConverterSqlTypeDescriptorAdapter : Converted value on extraction: 1 -> CARWASH
Hibernate: 
    SELECT
        cw.* 
    FROM
        carwash cw 
    JOIN
        location l 
            ON cw.l_id = l.id 
    WHERE
        ST_Distance_Sphere(point(l.longitude, l.latitude), point(?, ?)) <= 10000
2023-11-07 02:30:27.322 TRACE 98385 --- [    Test worker] o.h.type.descriptor.sql.BasicBinder      : binding parameter [1] as [DOUBLE] - [2.34]
2023-11-07 02:30:27.322 TRACE 98385 --- [    Test worker] o.h.type.descriptor.sql.BasicBinder      : binding parameter [2] as [DOUBLE] - [1.23]
Hibernate: 
    select
        keyword0_.id as id1_4_,
        keyword0_.name as name2_4_,
        keyword0_.type as type3_4_ 
    from
        keyword keyword0_ 
    where
        keyword0_.id in (
            ?
        )
2023-11-07 02:30:27.336 TRACE 98385 --- [    Test worker] o.h.type.descriptor.sql.BasicBinder      : binding parameter [1] as [BIGINT] - [1]
2023-11-07 02:30:27.352 TRACE 98385 --- [    Test worker] o.h.type.descriptor.sql.BasicExtractor   : extracted value ([id1_4_] : [BIGINT]) - [1]
Hibernate: 
    select
        carwashkey0_.id as id1_2_,
        carwashkey0_.c_id as c_id2_2_,
        carwashkey0_.k_id as k_id3_2_ 
    from
        carwash_keyword carwashkey0_ 
    where
        carwashkey0_.k_id in (
            ?
        )
2023-11-07 02:30:27.354 TRACE 98385 --- [    Test worker] o.h.type.descriptor.sql.BasicBinder      : binding parameter [1] as [BIGINT] - [1]
2023-11-07 02:30:27.380 TRACE 98385 --- [    Test worker] o.h.type.descriptor.sql.BasicExtractor   : extracted value ([id1_2_] : [BIGINT]) - [1]
2023-11-07 02:30:27.380 TRACE 98385 --- [    Test worker] o.h.type.descriptor.sql.BasicExtractor   : extracted value ([c_id2_2_] : [BIGINT]) - [1]
2023-11-07 02:30:27.380 TRACE 98385 --- [    Test worker] o.h.type.descriptor.sql.BasicExtractor   : extracted value ([k_id3_2_] : [BIGINT]) - [1]
2023-11-07 02:30:27.380 TRACE 98385 --- [    Test worker] o.h.type.descriptor.sql.BasicExtractor   : extracted value ([id1_2_] : [BIGINT]) - [4]
2023-11-07 02:30:27.380 TRACE 98385 --- [    Test worker] o.h.type.descriptor.sql.BasicExtractor   : extracted value ([c_id2_2_] : [BIGINT]) - [2]
2023-11-07 02:30:27.380 TRACE 98385 --- [    Test worker] o.h.type.descriptor.sql.BasicExtractor   : extracted value ([k_id3_2_] : [BIGINT]) - [1]
2023-11-07 02:30:27.380 TRACE 98385 --- [    Test worker] o.h.type.descriptor.sql.BasicExtractor   : extracted value ([id1_2_] : [BIGINT]) - [10]
2023-11-07 02:30:27.380 TRACE 98385 --- [    Test worker] o.h.type.descriptor.sql.BasicExtractor   : extracted value ([c_id2_2_] : [BIGINT]) - [4]
2023-11-07 02:30:27.380 TRACE 98385 --- [    Test worker] o.h.type.descriptor.sql.BasicExtractor   : extracted value ([k_id3_2_] : [BIGINT]) - [1]
2023-11-07 02:30:27.380 TRACE 98385 --- [    Test worker] o.h.type.descriptor.sql.BasicExtractor   : extracted value ([id1_2_] : [BIGINT]) - [13]
2023-11-07 02:30:27.380 TRACE 98385 --- [    Test worker] o.h.type.descriptor.sql.BasicExtractor   : extracted value ([c_id2_2_] : [BIGINT]) - [5]
2023-11-07 02:30:27.381 TRACE 98385 --- [    Test worker] o.h.type.descriptor.sql.BasicExtractor   : extracted value ([k_id3_2_] : [BIGINT]) - [1]
2023-11-07 02:30:27.381 TRACE 98385 --- [    Test worker] o.h.type.descriptor.sql.BasicExtractor   : extracted value ([id1_2_] : [BIGINT]) - [17]
2023-11-07 02:30:27.381 TRACE 98385 --- [    Test worker] o.h.type.descriptor.sql.BasicExtractor   : extracted value ([c_id2_2_] : [BIGINT]) - [7]
2023-11-07 02:30:27.381 TRACE 98385 --- [    Test worker] o.h.type.descriptor.sql.BasicExtractor   : extracted value ([k_id3_2_] : [BIGINT]) - [1]
2023-11-07 02:30:27.381 TRACE 98385 --- [    Test worker] o.h.type.descriptor.sql.BasicExtractor   : extracted value ([id1_2_] : [BIGINT]) - [18]
2023-11-07 02:30:27.381 TRACE 98385 --- [    Test worker] o.h.type.descriptor.sql.BasicExtractor   : extracted value ([c_id2_2_] : [BIGINT]) - [8]
2023-11-07 02:30:27.381 TRACE 98385 --- [    Test worker] o.h.type.descriptor.sql.BasicExtractor   : extracted value ([k_id3_2_] : [BIGINT]) - [1]
2023-11-07 02:30:27.381 TRACE 98385 --- [    Test worker] o.h.type.descriptor.sql.BasicExtractor   : extracted value ([id1_2_] : [BIGINT]) - [19]
2023-11-07 02:30:27.381 TRACE 98385 --- [    Test worker] o.h.type.descriptor.sql.BasicExtractor   : extracted value ([c_id2_2_] : [BIGINT]) - [9]
2023-11-07 02:30:27.381 TRACE 98385 --- [    Test worker] o.h.type.descriptor.sql.BasicExtractor   : extracted value ([k_id3_2_] : [BIGINT]) - [1]
2023-11-07 02:30:27.381 TRACE 98385 --- [    Test worker] o.h.type.descriptor.sql.BasicExtractor   : extracted value ([id1_2_] : [BIGINT]) - [20]
2023-11-07 02:30:27.381 TRACE 98385 --- [    Test worker] o.h.type.descriptor.sql.BasicExtractor   : extracted value ([c_id2_2_] : [BIGINT]) - [10]
2023-11-07 02:30:27.381 TRACE 98385 --- [    Test worker] o.h.type.descriptor.sql.BasicExtractor   : extracted value ([k_id3_2_] : [BIGINT]) - [1]
2023-11-07 02:30:27.381 TRACE 98385 --- [    Test worker] o.h.type.descriptor.sql.BasicExtractor   : extracted value ([id1_2_] : [BIGINT]) - [21]
2023-11-07 02:30:27.381 TRACE 98385 --- [    Test worker] o.h.type.descriptor.sql.BasicExtractor   : extracted value ([c_id2_2_] : [BIGINT]) - [11]
2023-11-07 02:30:27.381 TRACE 98385 --- [    Test worker] o.h.type.descriptor.sql.BasicExtractor   : extracted value ([k_id3_2_] : [BIGINT]) - [1]
2023-11-07 02:30:27.381 TRACE 98385 --- [    Test worker] o.h.type.descriptor.sql.BasicExtractor   : extracted value ([id1_2_] : [BIGINT]) - [22]
2023-11-07 02:30:27.381 TRACE 98385 --- [    Test worker] o.h.type.descriptor.sql.BasicExtractor   : extracted value ([c_id2_2_] : [BIGINT]) - [12]
2023-11-07 02:30:27.381 TRACE 98385 --- [    Test worker] o.h.type.descriptor.sql.BasicExtractor   : extracted value ([k_id3_2_] : [BIGINT]) - [1]
2023-11-07 02:30:27.381 TRACE 98385 --- [    Test worker] o.h.type.descriptor.sql.BasicExtractor   : extracted value ([id1_2_] : [BIGINT]) - [23]
2023-11-07 02:30:27.381 TRACE 98385 --- [    Test worker] o.h.type.descriptor.sql.BasicExtractor   : extracted value ([c_id2_2_] : [BIGINT]) - [13]
2023-11-07 02:30:27.381 TRACE 98385 --- [    Test worker] o.h.type.descriptor.sql.BasicExtractor   : extracted value ([k_id3_2_] : [BIGINT]) - [1]
2023-11-07 02:30:27.381 TRACE 98385 --- [    Test worker] o.h.type.descriptor.sql.BasicExtractor   : extracted value ([id1_2_] : [BIGINT]) - [24]
2023-11-07 02:30:27.381 TRACE 98385 --- [    Test worker] o.h.type.descriptor.sql.BasicExtractor   : extracted value ([c_id2_2_] : [BIGINT]) - [14]
2023-11-07 02:30:27.381 TRACE 98385 --- [    Test worker] o.h.type.descriptor.sql.BasicExtractor   : extracted value ([k_id3_2_] : [BIGINT]) - [1]
2023-11-07 02:30:27.381 TRACE 98385 --- [    Test worker] o.h.type.descriptor.sql.BasicExtractor   : extracted value ([id1_2_] : [BIGINT]) - [25]
2023-11-07 02:30:27.381 TRACE 98385 --- [    Test worker] o.h.type.descriptor.sql.BasicExtractor   : extracted value ([c_id2_2_] : [BIGINT]) - [15]
2023-11-07 02:30:27.381 TRACE 98385 --- [    Test worker] o.h.type.descriptor.sql.BasicExtractor   : extracted value ([k_id3_2_] : [BIGINT]) - [1]
2023-11-07 02:30:27.381 TRACE 98385 --- [    Test worker] o.h.type.descriptor.sql.BasicExtractor   : extracted value ([id1_2_] : [BIGINT]) - [26]
2023-11-07 02:30:27.381 TRACE 98385 --- [    Test worker] o.h.type.descriptor.sql.BasicExtractor   : extracted value ([c_id2_2_] : [BIGINT]) - [16]
2023-11-07 02:30:27.381 TRACE 98385 --- [    Test worker] o.h.type.descriptor.sql.BasicExtractor   : extracted value ([k_id3_2_] : [BIGINT]) - [1]
2023-11-07 02:30:27.381 TRACE 98385 --- [    Test worker] o.h.type.descriptor.sql.BasicExtractor   : extracted value ([id1_2_] : [BIGINT]) - [27]
2023-11-07 02:30:27.381 TRACE 98385 --- [    Test worker] o.h.type.descriptor.sql.BasicExtractor   : extracted value ([c_id2_2_] : [BIGINT]) - [17]
2023-11-07 02:30:27.382 TRACE 98385 --- [    Test worker] o.h.type.descriptor.sql.BasicExtractor   : extracted value ([k_id3_2_] : [BIGINT]) - [1]
2023-11-07 02:30:27.382 TRACE 98385 --- [    Test worker] o.h.type.descriptor.sql.BasicExtractor   : extracted value ([id1_2_] : [BIGINT]) - [28]
2023-11-07 02:30:27.382 TRACE 98385 --- [    Test worker] o.h.type.descriptor.sql.BasicExtractor   : extracted value ([c_id2_2_] : [BIGINT]) - [18]
2023-11-07 02:30:27.382 TRACE 98385 --- [    Test worker] o.h.type.descriptor.sql.BasicExtractor   : extracted value ([k_id3_2_] : [BIGINT]) - [1]
2023-11-07 02:30:27.382 TRACE 98385 --- [    Test worker] o.h.type.descriptor.sql.BasicExtractor   : extracted value ([id1_2_] : [BIGINT]) - [29]
2023-11-07 02:30:27.382 TRACE 98385 --- [    Test worker] o.h.type.descriptor.sql.BasicExtractor   : extracted value ([c_id2_2_] : [BIGINT]) - [19]
2023-11-07 02:30:27.382 TRACE 98385 --- [    Test worker] o.h.type.descriptor.sql.BasicExtractor   : extracted value ([k_id3_2_] : [BIGINT]) - [1]
2023-11-07 02:30:27.382 TRACE 98385 --- [    Test worker] o.h.type.descriptor.sql.BasicExtractor   : extracted value ([id1_2_] : [BIGINT]) - [30]
2023-11-07 02:30:27.382 TRACE 98385 --- [    Test worker] o.h.type.descriptor.sql.BasicExtractor   : extracted value ([c_id2_2_] : [BIGINT]) - [20]
2023-11-07 02:30:27.382 TRACE 98385 --- [    Test worker] o.h.type.descriptor.sql.BasicExtractor   : extracted value ([k_id3_2_] : [BIGINT]) - [1]
2023-11-07 02:30:27.382 TRACE 98385 --- [    Test worker] o.h.type.descriptor.sql.BasicExtractor   : extracted value ([id1_2_] : [BIGINT]) - [31]
2023-11-07 02:30:27.382 TRACE 98385 --- [    Test worker] o.h.type.descriptor.sql.BasicExtractor   : extracted value ([c_id2_2_] : [BIGINT]) - [21]
2023-11-07 02:30:27.382 TRACE 98385 --- [    Test worker] o.h.type.descriptor.sql.BasicExtractor   : extracted value ([k_id3_2_] : [BIGINT]) - [1]
2023-11-07 02:30:27.382 TRACE 98385 --- [    Test worker] o.h.type.descriptor.sql.BasicExtractor   : extracted value ([id1_2_] : [BIGINT]) - [32]
2023-11-07 02:30:27.382 TRACE 98385 --- [    Test worker] o.h.type.descriptor.sql.BasicExtractor   : extracted value ([c_id2_2_] : [BIGINT]) - [22]
2023-11-07 02:30:27.382 TRACE 98385 --- [    Test worker] o.h.type.descriptor.sql.BasicExtractor   : extracted value ([k_id3_2_] : [BIGINT]) - [1]
2023-11-07 02:30:27.382 TRACE 98385 --- [    Test worker] o.h.type.descriptor.sql.BasicExtractor   : extracted value ([id1_2_] : [BIGINT]) - [33]
2023-11-07 02:30:27.382 TRACE 98385 --- [    Test worker] o.h.type.descriptor.sql.BasicExtractor   : extracted value ([c_id2_2_] : [BIGINT]) - [23]
2023-11-07 02:30:27.382 TRACE 98385 --- [    Test worker] o.h.type.descriptor.sql.BasicExtractor   : extracted value ([k_id3_2_] : [BIGINT]) - [1]
2023-11-07 02:30:27.382 TRACE 98385 --- [    Test worker] o.h.type.descriptor.sql.BasicExtractor   : extracted value ([id1_2_] : [BIGINT]) - [34]
2023-11-07 02:30:27.382 TRACE 98385 --- [    Test worker] o.h.type.descriptor.sql.BasicExtractor   : extracted value ([c_id2_2_] : [BIGINT]) - [24]
2023-11-07 02:30:27.382 TRACE 98385 --- [    Test worker] o.h.type.descriptor.sql.BasicExtractor   : extracted value ([k_id3_2_] : [BIGINT]) - [1]
2023-11-07 02:30:27.382 TRACE 98385 --- [    Test worker] o.h.type.descriptor.sql.BasicExtractor   : extracted value ([id1_2_] : [BIGINT]) - [35]
2023-11-07 02:30:27.382 TRACE 98385 --- [    Test worker] o.h.type.descriptor.sql.BasicExtractor   : extracted value ([c_id2_2_] : [BIGINT]) - [25]
2023-11-07 02:30:27.382 TRACE 98385 --- [    Test worker] o.h.type.descriptor.sql.BasicExtractor   : extracted value ([k_id3_2_] : [BIGINT]) - [1]
2023-11-07 02:30:27.382 TRACE 98385 --- [    Test worker] o.h.type.descriptor.sql.BasicExtractor   : extracted value ([id1_2_] : [BIGINT]) - [36]
2023-11-07 02:30:27.382 TRACE 98385 --- [    Test worker] o.h.type.descriptor.sql.BasicExtractor   : extracted value ([c_id2_2_] : [BIGINT]) - [26]
2023-11-07 02:30:27.382 TRACE 98385 --- [    Test worker] o.h.type.descriptor.sql.BasicExtractor   : extracted value ([k_id3_2_] : [BIGINT]) - [1]
2023-11-07 02:30:27.382 TRACE 98385 --- [    Test worker] o.h.type.descriptor.sql.BasicExtractor   : extracted value ([id1_2_] : [BIGINT]) - [37]
2023-11-07 02:30:27.382 TRACE 98385 --- [    Test worker] o.h.type.descriptor.sql.BasicExtractor   : extracted value ([c_id2_2_] : [BIGINT]) - [27]
2023-11-07 02:30:27.382 TRACE 98385 --- [    Test worker] o.h.type.descriptor.sql.BasicExtractor   : extracted value ([k_id3_2_] : [BIGINT]) - [1]
2023-11-07 02:30:27.382 TRACE 98385 --- [    Test worker] o.h.type.descriptor.sql.BasicExtractor   : extracted value ([id1_2_] : [BIGINT]) - [38]
2023-11-07 02:30:27.382 TRACE 98385 --- [    Test worker] o.h.type.descriptor.sql.BasicExtractor   : extracted value ([c_id2_2_] : [BIGINT]) - [28]
2023-11-07 02:30:27.382 TRACE 98385 --- [    Test worker] o.h.type.descriptor.sql.BasicExtractor   : extracted value ([k_id3_2_] : [BIGINT]) - [1]
2023-11-07 02:30:27.382 TRACE 98385 --- [    Test worker] o.h.type.descriptor.sql.BasicExtractor   : extracted value ([id1_2_] : [BIGINT]) - [39]
2023-11-07 02:30:27.382 TRACE 98385 --- [    Test worker] o.h.type.descriptor.sql.BasicExtractor   : extracted value ([c_id2_2_] : [BIGINT]) - [29]
2023-11-07 02:30:27.382 TRACE 98385 --- [    Test worker] o.h.type.descriptor.sql.BasicExtractor   : extracted value ([k_id3_2_] : [BIGINT]) - [1]
2023-11-07 02:30:27.382 TRACE 98385 --- [    Test worker] o.h.type.descriptor.sql.BasicExtractor   : extracted value ([id1_2_] : [BIGINT]) - [40]
2023-11-07 02:30:27.382 TRACE 98385 --- [    Test worker] o.h.type.descriptor.sql.BasicExtractor   : extracted value ([c_id2_2_] : [BIGINT]) - [30]
2023-11-07 02:30:27.382 TRACE 98385 --- [    Test worker] o.h.type.descriptor.sql.BasicExtractor   : extracted value ([k_id3_2_] : [BIGINT]) - [1]
2023-11-07 02:30:27.382 TRACE 98385 --- [    Test worker] o.h.type.descriptor.sql.BasicExtractor   : extracted value ([id1_2_] : [BIGINT]) - [41]
2023-11-07 02:30:27.382 TRACE 98385 --- [    Test worker] o.h.type.descriptor.sql.BasicExtractor   : extracted value ([c_id2_2_] : [BIGINT]) - [31]
2023-11-07 02:30:27.382 TRACE 98385 --- [    Test worker] o.h.type.descriptor.sql.BasicExtractor   : extracted value ([k_id3_2_] : [BIGINT]) - [1]
2023-11-07 02:30:27.382 TRACE 98385 --- [    Test worker] o.h.type.descriptor.sql.BasicExtractor   : extracted value ([id1_2_] : [BIGINT]) - [42]
2023-11-07 02:30:27.382 TRACE 98385 --- [    Test worker] o.h.type.descriptor.sql.BasicExtractor   : extracted value ([c_id2_2_] : [BIGINT]) - [32]
2023-11-07 02:30:27.383 TRACE 98385 --- [    Test worker] o.h.type.descriptor.sql.BasicExtractor   : extracted value ([k_id3_2_] : [BIGINT]) - [1]
2023-11-07 02:30:27.383 TRACE 98385 --- [    Test worker] o.h.type.descriptor.sql.BasicExtractor   : extracted value ([id1_2_] : [BIGINT]) - [43]
2023-11-07 02:30:27.383 TRACE 98385 --- [    Test worker] o.h.type.descriptor.sql.BasicExtractor   : extracted value ([c_id2_2_] : [BIGINT]) - [33]
2023-11-07 02:30:27.383 TRACE 98385 --- [    Test worker] o.h.type.descriptor.sql.BasicExtractor   : extracted value ([k_id3_2_] : [BIGINT]) - [1]
2023-11-07 02:30:27.383 TRACE 98385 --- [    Test worker] o.h.type.descriptor.sql.BasicExtractor   : extracted value ([id1_2_] : [BIGINT]) - [44]
2023-11-07 02:30:27.383 TRACE 98385 --- [    Test worker] o.h.type.descriptor.sql.BasicExtractor   : extracted value ([c_id2_2_] : [BIGINT]) - [34]
2023-11-07 02:30:27.383 TRACE 98385 --- [    Test worker] o.h.type.descriptor.sql.BasicExtractor   : extracted value ([k_id3_2_] : [BIGINT]) - [1]
2023-11-07 02:30:27.383 TRACE 98385 --- [    Test worker] o.h.type.descriptor.sql.BasicExtractor   : extracted value ([id1_2_] : [BIGINT]) - [49]
2023-11-07 02:30:27.383 TRACE 98385 --- [    Test worker] o.h.type.descriptor.sql.BasicExtractor   : extracted value ([c_id2_2_] : [BIGINT]) - [48]
2023-11-07 02:30:27.383 TRACE 98385 --- [    Test worker] o.h.type.descriptor.sql.BasicExtractor   : extracted value ([k_id3_2_] : [BIGINT]) - [1]
2023-11-07 02:30:27.383 TRACE 98385 --- [    Test worker] o.h.type.descriptor.sql.BasicExtractor   : extracted value ([id1_2_] : [BIGINT]) - [50]
2023-11-07 02:30:27.383 TRACE 98385 --- [    Test worker] o.h.type.descriptor.sql.BasicExtractor   : extracted value ([c_id2_2_] : [BIGINT]) - [49]
2023-11-07 02:30:27.383 TRACE 98385 --- [    Test worker] o.h.type.descriptor.sql.BasicExtractor   : extracted value ([k_id3_2_] : [BIGINT]) - [1]
2023-11-07 02:30:27.383 TRACE 98385 --- [    Test worker] o.h.type.descriptor.sql.BasicExtractor   : extracted value ([id1_2_] : [BIGINT]) - [51]
2023-11-07 02:30:27.383 TRACE 98385 --- [    Test worker] o.h.type.descriptor.sql.BasicExtractor   : extracted value ([c_id2_2_] : [BIGINT]) - [50]
2023-11-07 02:30:27.383 TRACE 98385 --- [    Test worker] o.h.type.descriptor.sql.BasicExtractor   : extracted value ([k_id3_2_] : [BIGINT]) - [1]
2023-11-07 02:30:27.383 TRACE 98385 --- [    Test worker] o.h.type.descriptor.sql.BasicExtractor   : extracted value ([id1_2_] : [BIGINT]) - [52]
2023-11-07 02:30:27.383 TRACE 98385 --- [    Test worker] o.h.type.descriptor.sql.BasicExtractor   : extracted value ([c_id2_2_] : [BIGINT]) - [51]
2023-11-07 02:30:27.383 TRACE 98385 --- [    Test worker] o.h.type.descriptor.sql.BasicExtractor   : extracted value ([k_id3_2_] : [BIGINT]) - [1]
응답 Body : {"success":true,"response":[],"error":null}
2023-11-07 02:30:27.417  INFO 98385 --- [    Test worker] o.s.t.c.transaction.TransactionContext   : Rolled back transaction for test: [DefaultTestContext@7f6a0c29 testClass = CarwashRestControllerTest, testInstance = bdbe.bdbd.carwash.CarwashRestControllerTest@4211a66, testMethod = findCarwashesByKeywords_test@CarwashRestControllerTest, testException = [null], mergedContextConfiguration = [WebMergedContextConfiguration@1ccab629 testClass = CarwashRestControllerTest, locations = '{}', classes = '{class bdbe.bdbd.BdbdApplication}', contextInitializerClasses = '[]', activeProfiles = '{}', propertySourceLocations = '{}', propertySourceProperties = '{org.springframework.boot.test.context.SpringBootTestContextBootstrapper=true}', contextCustomizers = set[org.springframework.boot.test.autoconfigure.actuate.metrics.MetricsExportContextCustomizerFactory$DisableMetricExportContextCustomizer@78fb9a67, org.springframework.boot.test.autoconfigure.properties.PropertyMappingContextCustomizer@4b3fa0b3, org.springframework.boot.test.autoconfigure.web.servlet.WebDriverContextCustomizerFactory$Customizer@2692b61e, [ImportsContextCustomizer@210e7a5 key = [org.springframework.boot.test.autoconfigure.web.servlet.MockMvcAutoConfiguration, org.springframework.boot.test.autoconfigure.web.servlet.MockMvcWebClientAutoConfiguration, org.springframework.boot.test.autoconfigure.web.servlet.MockMvcWebDriverAutoConfiguration, org.springframework.boot.autoconfigure.security.oauth2.client.servlet.OAuth2ClientAutoConfiguration, org.springframework.boot.autoconfigure.security.oauth2.resource.servlet.OAuth2ResourceServerAutoConfiguration, org.springframework.boot.autoconfigure.security.servlet.SecurityAutoConfiguration, org.springframework.boot.autoconfigure.security.servlet.SecurityFilterAutoConfiguration, org.springframework.boot.autoconfigure.security.servlet.UserDetailsServiceAutoConfiguration, org.springframework.boot.test.autoconfigure.web.servlet.MockMvcSecurityConfiguration, org.springframework.boot.test.autoconfigure.web.reactive.WebTestClientAutoConfiguration]], org.springframework.boot.test.context.filter.ExcludeFilterContextCustomizer@47dbb1e2, org.springframework.boot.test.json.DuplicateJsonObjectContextCustomizerFactory$DuplicateJsonObjectContextCustomizer@6d24ffa1, org.springframework.boot.test.mock.mockito.MockitoContextCustomizer@0, org.springframework.boot.test.web.client.TestRestTemplateContextCustomizer@5ddabb18, org.springframework.boot.test.context.SpringBootTestArgs@1, org.springframework.boot.test.context.SpringBootTestWebEnvironment@7b993c65], resourceBasePath = 'src/main/webapp', contextLoader = 'org.springframework.boot.test.context.SpringBootContextLoader', parent = [null]], attributes = map['org.springframework.test.context.web.ServletTestExecutionListener.activateListener' -> true, 'org.springframework.test.context.web.ServletTestExecutionListener.populatedRequestContextHolder' -> true, 'org.springframework.test.context.web.ServletTestExecutionListener.resetRequestContextHolder' -> true, 'org.springframework.test.context.event.ApplicationEventsTestExecutionListener.recordApplicationEvents' -> false]]
2023-11-07 02:30:27.431  INFO 98385 --- [    Test worker] o.s.t.c.transaction.TransactionContext   : Began transaction (1) for test context [DefaultTestContext@7f6a0c29 testClass = CarwashRestControllerTest, testInstance = bdbe.bdbd.carwash.CarwashRestControllerTest@59606589, testMethod = findNearbyCarwashes_test@CarwashRestControllerTest, testException = [null], mergedContextConfiguration = [WebMergedContextConfiguration@1ccab629 testClass = CarwashRestControllerTest, locations = '{}', classes = '{class bdbe.bdbd.BdbdApplication}', contextInitializerClasses = '[]', activeProfiles = '{}', propertySourceLocations = '{}', propertySourceProperties = '{org.springframework.boot.test.context.SpringBootTestContextBootstrapper=true}', contextCustomizers = set[org.springframework.boot.test.autoconfigure.actuate.metrics.MetricsExportContextCustomizerFactory$DisableMetricExportContextCustomizer@78fb9a67, org.springframework.boot.test.autoconfigure.properties.PropertyMappingContextCustomizer@4b3fa0b3, org.springframework.boot.test.autoconfigure.web.servlet.WebDriverContextCustomizerFactory$Customizer@2692b61e, [ImportsContextCustomizer@210e7a5 key = [org.springframework.boot.test.autoconfigure.web.servlet.MockMvcAutoConfiguration, org.springframework.boot.test.autoconfigure.web.servlet.MockMvcWebClientAutoConfiguration, org.springframework.boot.test.autoconfigure.web.servlet.MockMvcWebDriverAutoConfiguration, org.springframework.boot.autoconfigure.security.oauth2.client.servlet.OAuth2ClientAutoConfiguration, org.springframework.boot.autoconfigure.security.oauth2.resource.servlet.OAuth2ResourceServerAutoConfiguration, org.springframework.boot.autoconfigure.security.servlet.SecurityAutoConfiguration, org.springframework.boot.autoconfigure.security.servlet.SecurityFilterAutoConfiguration, org.springframework.boot.autoconfigure.security.servlet.UserDetailsServiceAutoConfiguration, org.springframework.boot.test.autoconfigure.web.servlet.MockMvcSecurityConfiguration, org.springframework.boot.test.autoconfigure.web.reactive.WebTestClientAutoConfiguration]], org.springframework.boot.test.context.filter.ExcludeFilterContextCustomizer@47dbb1e2, org.springframework.boot.test.json.DuplicateJsonObjectContextCustomizerFactory$DuplicateJsonObjectContextCustomizer@6d24ffa1, org.springframework.boot.test.mock.mockito.MockitoContextCustomizer@0, org.springframework.boot.test.web.client.TestRestTemplateContextCustomizer@5ddabb18, org.springframework.boot.test.context.SpringBootTestArgs@1, org.springframework.boot.test.context.SpringBootTestWebEnvironment@7b993c65], resourceBasePath = 'src/main/webapp', contextLoader = 'org.springframework.boot.test.context.SpringBootContextLoader', parent = [null]], attributes = map['org.springframework.test.context.web.ServletTestExecutionListener.activateListener' -> true, 'org.springframework.test.context.web.ServletTestExecutionListener.populatedRequestContextHolder' -> true, 'org.springframework.test.context.web.ServletTestExecutionListener.resetRequestContextHolder' -> true, 'org.springframework.test.context.event.ApplicationEventsTestExecutionListener.recordApplicationEvents' -> false]]; transaction manager [org.springframework.orm.jpa.JpaTransactionManager@7a56c3c7]; rollback [true]
Hibernate: 
    select
        member0_.id as id1_6_,
        member0_.email as email2_6_,
        member0_.password as password3_6_,
        member0_.role as role4_6_,
        member0_.tel as tel5_6_,
        member0_.username as username6_6_ 
    from
        member member0_ 
    where
        member0_.email=?
2023-11-07 02:30:27.432 TRACE 98385 --- [    Test worker] o.h.type.descriptor.sql.BasicBinder      : binding parameter [1] as [VARCHAR] - [user@nate.com]
2023-11-07 02:30:27.443 TRACE 98385 --- [    Test worker] o.h.type.descriptor.sql.BasicExtractor   : extracted value ([id1_6_] : [BIGINT]) - [1]
2023-11-07 02:30:27.443 TRACE 98385 --- [    Test worker] o.h.type.descriptor.sql.BasicExtractor   : extracted value ([email2_6_] : [VARCHAR]) - [user@nate.com]
2023-11-07 02:30:27.443 TRACE 98385 --- [    Test worker] o.h.type.descriptor.sql.BasicExtractor   : extracted value ([password3_6_] : [VARCHAR]) - [{bcrypt}$2a$10$v8NhNtmO91URnZ9nJIYdSeapN9qj4qxBHuf8Kd/hkms9.eRUEHcQS]
2023-11-07 02:30:27.443 TRACE 98385 --- [    Test worker] o.h.type.descriptor.sql.BasicExtractor   : extracted value ([role4_6_] : [VARCHAR]) - [ROLE_USER]
2023-11-07 02:30:27.443 TRACE 98385 --- [    Test worker] o.h.type.descriptor.sql.BasicExtractor   : extracted value ([tel5_6_] : [VARCHAR]) - [010-1234-5678]
2023-11-07 02:30:27.443 TRACE 98385 --- [    Test worker] o.h.type.descriptor.sql.BasicExtractor   : extracted value ([username6_6_] : [VARCHAR]) - [imnewuser]
Hibernate: 
    SELECT
        cw.* 
    FROM
        carwash cw 
    JOIN
        location l 
            ON cw.l_id = l.id 
    WHERE
        ST_Distance_Sphere(point(l.longitude, l.latitude), point(?, ?)) <= 10000
2023-11-07 02:30:27.447 TRACE 98385 --- [    Test worker] o.h.type.descriptor.sql.BasicBinder      : binding parameter [1] as [DOUBLE] - [2.34]
2023-11-07 02:30:27.447 TRACE 98385 --- [    Test worker] o.h.type.descriptor.sql.BasicBinder      : binding parameter [2] as [DOUBLE] - [1.23]
응답 Body : {"success":true,"response":[],"error":null}
2023-11-07 02:30:27.491  INFO 98385 --- [    Test worker] o.s.t.c.transaction.TransactionContext   : Rolled back transaction for test: [DefaultTestContext@7f6a0c29 testClass = CarwashRestControllerTest, testInstance = bdbe.bdbd.carwash.CarwashRestControllerTest@59606589, testMethod = findNearbyCarwashes_test@CarwashRestControllerTest, testException = [null], mergedContextConfiguration = [WebMergedContextConfiguration@1ccab629 testClass = CarwashRestControllerTest, locations = '{}', classes = '{class bdbe.bdbd.BdbdApplication}', contextInitializerClasses = '[]', activeProfiles = '{}', propertySourceLocations = '{}', propertySourceProperties = '{org.springframework.boot.test.context.SpringBootTestContextBootstrapper=true}', contextCustomizers = set[org.springframework.boot.test.autoconfigure.actuate.metrics.MetricsExportContextCustomizerFactory$DisableMetricExportContextCustomizer@78fb9a67, org.springframework.boot.test.autoconfigure.properties.PropertyMappingContextCustomizer@4b3fa0b3, org.springframework.boot.test.autoconfigure.web.servlet.WebDriverContextCustomizerFactory$Customizer@2692b61e, [ImportsContextCustomizer@210e7a5 key = [org.springframework.boot.test.autoconfigure.web.servlet.MockMvcAutoConfiguration, org.springframework.boot.test.autoconfigure.web.servlet.MockMvcWebClientAutoConfiguration, org.springframework.boot.test.autoconfigure.web.servlet.MockMvcWebDriverAutoConfiguration, org.springframework.boot.autoconfigure.security.oauth2.client.servlet.OAuth2ClientAutoConfiguration, org.springframework.boot.autoconfigure.security.oauth2.resource.servlet.OAuth2ResourceServerAutoConfiguration, org.springframework.boot.autoconfigure.security.servlet.SecurityAutoConfiguration, org.springframework.boot.autoconfigure.security.servlet.SecurityFilterAutoConfiguration, org.springframework.boot.autoconfigure.security.servlet.UserDetailsServiceAutoConfiguration, org.springframework.boot.test.autoconfigure.web.servlet.MockMvcSecurityConfiguration, org.springframework.boot.test.autoconfigure.web.reactive.WebTestClientAutoConfiguration]], org.springframework.boot.test.context.filter.ExcludeFilterContextCustomizer@47dbb1e2, org.springframework.boot.test.json.DuplicateJsonObjectContextCustomizerFactory$DuplicateJsonObjectContextCustomizer@6d24ffa1, org.springframework.boot.test.mock.mockito.MockitoContextCustomizer@0, org.springframework.boot.test.web.client.TestRestTemplateContextCustomizer@5ddabb18, org.springframework.boot.test.context.SpringBootTestArgs@1, org.springframework.boot.test.context.SpringBootTestWebEnvironment@7b993c65], resourceBasePath = 'src/main/webapp', contextLoader = 'org.springframework.boot.test.context.SpringBootContextLoader', parent = [null]], attributes = map['org.springframework.test.context.web.ServletTestExecutionListener.activateListener' -> true, 'org.springframework.test.context.web.ServletTestExecutionListener.populatedRequestContextHolder' -> true, 'org.springframework.test.context.web.ServletTestExecutionListener.resetRequestContextHolder' -> true, 'org.springframework.test.context.event.ApplicationEventsTestExecutionListener.recordApplicationEvents' -> false]]
2023-11-07 02:30:27.506  INFO 98385 --- [    Test worker] o.s.t.c.transaction.TransactionContext   : Began transaction (1) for test context [DefaultTestContext@7f6a0c29 testClass = CarwashRestControllerTest, testInstance = bdbe.bdbd.carwash.CarwashRestControllerTest@57f9cc7a, testMethod = findCarwashByDetailsTest@CarwashRestControllerTest, testException = [null], mergedContextConfiguration = [WebMergedContextConfiguration@1ccab629 testClass = CarwashRestControllerTest, locations = '{}', classes = '{class bdbe.bdbd.BdbdApplication}', contextInitializerClasses = '[]', activeProfiles = '{}', propertySourceLocations = '{}', propertySourceProperties = '{org.springframework.boot.test.context.SpringBootTestContextBootstrapper=true}', contextCustomizers = set[org.springframework.boot.test.autoconfigure.actuate.metrics.MetricsExportContextCustomizerFactory$DisableMetricExportContextCustomizer@78fb9a67, org.springframework.boot.test.autoconfigure.properties.PropertyMappingContextCustomizer@4b3fa0b3, org.springframework.boot.test.autoconfigure.web.servlet.WebDriverContextCustomizerFactory$Customizer@2692b61e, [ImportsContextCustomizer@210e7a5 key = [org.springframework.boot.test.autoconfigure.web.servlet.MockMvcAutoConfiguration, org.springframework.boot.test.autoconfigure.web.servlet.MockMvcWebClientAutoConfiguration, org.springframework.boot.test.autoconfigure.web.servlet.MockMvcWebDriverAutoConfiguration, org.springframework.boot.autoconfigure.security.oauth2.client.servlet.OAuth2ClientAutoConfiguration, org.springframework.boot.autoconfigure.security.oauth2.resource.servlet.OAuth2ResourceServerAutoConfiguration, org.springframework.boot.autoconfigure.security.servlet.SecurityAutoConfiguration, org.springframework.boot.autoconfigure.security.servlet.SecurityFilterAutoConfiguration, org.springframework.boot.autoconfigure.security.servlet.UserDetailsServiceAutoConfiguration, org.springframework.boot.test.autoconfigure.web.servlet.MockMvcSecurityConfiguration, org.springframework.boot.test.autoconfigure.web.reactive.WebTestClientAutoConfiguration]], org.springframework.boot.test.context.filter.ExcludeFilterContextCustomizer@47dbb1e2, org.springframework.boot.test.json.DuplicateJsonObjectContextCustomizerFactory$DuplicateJsonObjectContextCustomizer@6d24ffa1, org.springframework.boot.test.mock.mockito.MockitoContextCustomizer@0, org.springframework.boot.test.web.client.TestRestTemplateContextCustomizer@5ddabb18, org.springframework.boot.test.context.SpringBootTestArgs@1, org.springframework.boot.test.context.SpringBootTestWebEnvironment@7b993c65], resourceBasePath = 'src/main/webapp', contextLoader = 'org.springframework.boot.test.context.SpringBootContextLoader', parent = [null]], attributes = map['org.springframework.test.context.web.ServletTestExecutionListener.activateListener' -> true, 'org.springframework.test.context.web.ServletTestExecutionListener.populatedRequestContextHolder' -> true, 'org.springframework.test.context.web.ServletTestExecutionListener.resetRequestContextHolder' -> true, 'org.springframework.test.context.event.ApplicationEventsTestExecutionListener.recordApplicationEvents' -> false]]; transaction manager [org.springframework.orm.jpa.JpaTransactionManager@7a56c3c7]; rollback [true]
Hibernate: 
    select
        member0_.id as id1_6_,
        member0_.email as email2_6_,
        member0_.password as password3_6_,
        member0_.role as role4_6_,
        member0_.tel as tel5_6_,
        member0_.username as username6_6_ 
    from
        member member0_ 
    where
        member0_.email=?
2023-11-07 02:30:27.507 TRACE 98385 --- [    Test worker] o.h.type.descriptor.sql.BasicBinder      : binding parameter [1] as [VARCHAR] - [owner@nate.com]
2023-11-07 02:30:27.521 TRACE 98385 --- [    Test worker] o.h.type.descriptor.sql.BasicExtractor   : extracted value ([id1_6_] : [BIGINT]) - [2]
2023-11-07 02:30:27.521 TRACE 98385 --- [    Test worker] o.h.type.descriptor.sql.BasicExtractor   : extracted value ([email2_6_] : [VARCHAR]) - [owner@nate.com]
2023-11-07 02:30:27.521 TRACE 98385 --- [    Test worker] o.h.type.descriptor.sql.BasicExtractor   : extracted value ([password3_6_] : [VARCHAR]) - [{bcrypt}$2a$10$o6TVGm92x.GENlJ4Mig5qucFqAt/UTnT5lm6rzTY5v.gCk8uSf7h2]
2023-11-07 02:30:27.522 TRACE 98385 --- [    Test worker] o.h.type.descriptor.sql.BasicExtractor   : extracted value ([role4_6_] : [VARCHAR]) - [ROLE_OWNER]
2023-11-07 02:30:27.522 TRACE 98385 --- [    Test worker] o.h.type.descriptor.sql.BasicExtractor   : extracted value ([tel5_6_] : [VARCHAR]) - [010-9876-5432]
2023-11-07 02:30:27.522 TRACE 98385 --- [    Test worker] o.h.type.descriptor.sql.BasicExtractor   : extracted value ([username6_6_] : [VARCHAR]) - [imnewowner]
Hibernate: 
    select
        carwash0_.id as id1_1_,
        carwash0_.des as des2_1_,
        carwash0_.l_id as l_id7_1_,
        carwash0_.m_id as m_id8_1_,
        carwash0_.name as name3_1_,
        carwash0_.price as price4_1_,
        carwash0_.rate as rate5_1_,
        carwash0_.tel as tel6_1_ 
    from
        carwash carwash0_ limit ?
2023-11-07 02:30:27.544 TRACE 98385 --- [    Test worker] o.h.type.descriptor.sql.BasicExtractor   : extracted value ([id1_1_] : [BIGINT]) - [1]
2023-11-07 02:30:27.544 TRACE 98385 --- [    Test worker] o.h.type.descriptor.sql.BasicExtractor   : extracted value ([des2_1_] : [VARCHAR]) - [안녕하세요]
2023-11-07 02:30:27.544 TRACE 98385 --- [    Test worker] o.h.type.descriptor.sql.BasicExtractor   : extracted value ([l_id7_1_] : [BIGINT]) - [1]
2023-11-07 02:30:27.544 TRACE 98385 --- [    Test worker] o.h.type.descriptor.sql.BasicExtractor   : extracted value ([m_id8_1_] : [BIGINT]) - [2]
2023-11-07 02:30:27.544 TRACE 98385 --- [    Test worker] o.h.type.descriptor.sql.BasicExtractor   : extracted value ([name3_1_] : [VARCHAR]) - [구름r 세차장]
2023-11-07 02:30:27.544 TRACE 98385 --- [    Test worker] o.h.type.descriptor.sql.BasicExtractor   : extracted value ([price4_1_] : [INTEGER]) - [3000]
2023-11-07 02:30:27.544 TRACE 98385 --- [    Test worker] o.h.type.descriptor.sql.BasicExtractor   : extracted value ([rate5_1_] : [DOUBLE]) - [4.33846153846154]
2023-11-07 02:30:27.544 TRACE 98385 --- [    Test worker] o.h.type.descriptor.sql.BasicExtractor   : extracted value ([tel6_1_] : [VARCHAR]) - [010-2222-3333]
2023-11-07 02:30:27.544 TRACE 98385 --- [    Test worker] org.hibernate.type.CollectionType        : Created collection wrapper: [bdbe.bdbd.carwash.Carwash.carwashKeywords#1]
2023-11-07 02:30:27.544 TRACE 98385 --- [    Test worker] org.hibernate.type.CollectionType        : Created collection wrapper: [bdbe.bdbd.carwash.Carwash.fileList#1]
Hibernate: 
    select
        location0_.id as id1_5_0_,
        location0_.address as address2_5_0_,
        location0_.latitude as latitude3_5_0_,
        location0_.longitude as longitud4_5_0_,
        location0_.place as place5_5_0_ 
    from
        location location0_ 
    where
        location0_.id=?
2023-11-07 02:30:27.544 TRACE 98385 --- [    Test worker] o.h.type.descriptor.sql.BasicBinder      : binding parameter [1] as [BIGINT] - [1]
2023-11-07 02:30:27.555 TRACE 98385 --- [    Test worker] o.h.type.descriptor.sql.BasicExtractor   : extracted value ([address2_5_0_] : [VARCHAR]) - [구름 주소]
2023-11-07 02:30:27.556 TRACE 98385 --- [    Test worker] o.h.type.descriptor.sql.BasicExtractor   : extracted value ([latitude3_5_0_] : [DOUBLE]) - [12.121]
2023-11-07 02:30:27.556 TRACE 98385 --- [    Test worker] o.h.type.descriptor.sql.BasicExtractor   : extracted value ([longitud4_5_0_] : [DOUBLE]) - [2.232]
2023-11-07 02:30:27.556 TRACE 98385 --- [    Test worker] o.h.type.descriptor.sql.BasicExtractor   : extracted value ([place5_5_0_] : [VARCHAR]) - [구름 이름]
carwashId: 1
Hibernate: 
    select
        carwashkey0_.k_id as col_0_0_ 
    from
        carwash_keyword carwashkey0_ 
    where
        carwashkey0_.c_id=?
2023-11-07 02:30:27.562 TRACE 98385 --- [    Test worker] o.h.type.descriptor.sql.BasicBinder      : binding parameter [1] as [BIGINT] - [1]
2023-11-07 02:30:27.575 TRACE 98385 --- [    Test worker] o.h.type.descriptor.sql.BasicExtractor   : extracted value ([col_0_0_] : [BIGINT]) - [1]
Hibernate: 
    select
        optime0_.id as id1_7_,
        optime0_.c_id as c_id5_7_,
        optime0_.day_type as day_type2_7_,
        optime0_.end_time as end_time3_7_,
        optime0_.start_time as start_ti4_7_ 
    from
        optime optime0_ 
    left outer join
        carwash carwash1_ 
            on optime0_.c_id=carwash1_.id 
    where
        carwash1_.id=?
2023-11-07 02:30:27.578 TRACE 98385 --- [    Test worker] o.h.type.descriptor.sql.BasicBinder      : binding parameter [1] as [BIGINT] - [1]
2023-11-07 02:30:27.591 TRACE 98385 --- [    Test worker] o.h.type.descriptor.sql.BasicExtractor   : extracted value ([id1_7_] : [BIGINT]) - [1]
2023-11-07 02:30:27.591 TRACE 98385 --- [    Test worker] o.h.type.descriptor.sql.BasicExtractor   : extracted value ([c_id5_7_] : [BIGINT]) - [1]
2023-11-07 02:30:27.591 TRACE 98385 --- [    Test worker] o.h.type.descriptor.sql.BasicExtractor   : extracted value ([day_type2_7_] : [VARCHAR]) - [WEEKDAY]
2023-11-07 02:30:27.592 TRACE 98385 --- [    Test worker] o.h.type.descriptor.sql.BasicExtractor   : extracted value ([end_time3_7_] : [TIME]) - [20:00]
2023-11-07 02:30:27.592 TRACE 98385 --- [    Test worker] o.h.type.descriptor.sql.BasicExtractor   : extracted value ([start_ti4_7_] : [TIME]) - [07:00]
2023-11-07 02:30:27.592 TRACE 98385 --- [    Test worker] o.h.type.descriptor.sql.BasicExtractor   : extracted value ([id1_7_] : [BIGINT]) - [2]
2023-11-07 02:30:27.592 TRACE 98385 --- [    Test worker] o.h.type.descriptor.sql.BasicExtractor   : extracted value ([c_id5_7_] : [BIGINT]) - [1]
2023-11-07 02:30:27.592 TRACE 98385 --- [    Test worker] o.h.type.descriptor.sql.BasicExtractor   : extracted value ([day_type2_7_] : [VARCHAR]) - [WEEKEND]
2023-11-07 02:30:27.592 TRACE 98385 --- [    Test worker] o.h.type.descriptor.sql.BasicExtractor   : extracted value ([end_time3_7_] : [TIME]) - [20:00]
2023-11-07 02:30:27.592 TRACE 98385 --- [    Test worker] o.h.type.descriptor.sql.BasicExtractor   : extracted value ([start_ti4_7_] : [TIME]) - [08:00]
Hibernate: 
    select
        file0_.id as id1_3_,
        file0_.c_id as c_id6_3_,
        file0_.is_deleted as is_delet2_3_,
        file0_.name as name3_3_,
        file0_.uploaded_at as uploaded4_3_,
        file0_.url as url5_3_ 
    from
        file file0_ 
    left outer join
        carwash carwash1_ 
            on file0_.c_id=carwash1_.id 
    where
        carwash1_.id=? 
        and file0_.is_deleted=0
2023-11-07 02:30:27.596 TRACE 98385 --- [    Test worker] o.h.type.descriptor.sql.BasicBinder      : binding parameter [1] as [BIGINT] - [1]
2023-11-07 02:30:27.608 TRACE 98385 --- [    Test worker] o.h.type.descriptor.sql.BasicExtractor   : extracted value ([id1_3_] : [BIGINT]) - [36]
2023-11-07 02:30:27.608 TRACE 98385 --- [    Test worker] o.h.type.descriptor.sql.BasicExtractor   : extracted value ([c_id6_3_] : [BIGINT]) - [1]
2023-11-07 02:30:27.609 TRACE 98385 --- [    Test worker] o.h.type.descriptor.sql.BasicExtractor   : extracted value ([is_delet2_3_] : [BOOLEAN]) - [false]
2023-11-07 02:30:27.609 TRACE 98385 --- [    Test worker] o.h.type.descriptor.sql.BasicExtractor   : extracted value ([name3_3_] : [VARCHAR]) - [8ba5e3d8-fd07-49e9-aaeb-72d463cbacb3]
2023-11-07 02:30:27.609 TRACE 98385 --- [    Test worker] o.h.type.descriptor.sql.BasicExtractor   : extracted value ([uploaded4_3_] : [TIMESTAMP]) - [2023-11-07T00:34:54.438203]
2023-11-07 02:30:27.609 TRACE 98385 --- [    Test worker] o.h.type.descriptor.sql.BasicExtractor   : extracted value ([url5_3_] : [VARCHAR]) - [https://bdbdfiles.s3.ap-northeast-2.amazonaws.com/uploads/8ba5e3d8-fd07-49e9-aaeb-72d463cbacb3]
응답 Body:{"success":true,"response":{"id":1,"name":"구름r 세차장","price":3000,"tel":"010-2222-3333","locationDTO":{"address":"구름 주소"},"optime":{"weekday":{"start":"07:00","end":"20:00"},"weekend":{"start":"08:00","end":"20:00"}},"keywordId":[1],"description":"안녕하세요","imageFiles":[{"id":36,"name":"8ba5e3d8-fd07-49e9-aaeb-72d463cbacb3","url":"https://bdbdfiles.s3.ap-northeast-2.amazonaws.com/uploads/8ba5e3d8-fd07-49e9-aaeb-72d463cbacb3"}]},"error":null}
2023-11-07 02:30:27.640  INFO 98385 --- [    Test worker] o.s.t.c.transaction.TransactionContext   : Rolled back transaction for test: [DefaultTestContext@7f6a0c29 testClass = CarwashRestControllerTest, testInstance = bdbe.bdbd.carwash.CarwashRestControllerTest@57f9cc7a, testMethod = findCarwashByDetailsTest@CarwashRestControllerTest, testException = [null], mergedContextConfiguration = [WebMergedContextConfiguration@1ccab629 testClass = CarwashRestControllerTest, locations = '{}', classes = '{class bdbe.bdbd.BdbdApplication}', contextInitializerClasses = '[]', activeProfiles = '{}', propertySourceLocations = '{}', propertySourceProperties = '{org.springframework.boot.test.context.SpringBootTestContextBootstrapper=true}', contextCustomizers = set[org.springframework.boot.test.autoconfigure.actuate.metrics.MetricsExportContextCustomizerFactory$DisableMetricExportContextCustomizer@78fb9a67, org.springframework.boot.test.autoconfigure.properties.PropertyMappingContextCustomizer@4b3fa0b3, org.springframework.boot.test.autoconfigure.web.servlet.WebDriverContextCustomizerFactory$Customizer@2692b61e, [ImportsContextCustomizer@210e7a5 key = [org.springframework.boot.test.autoconfigure.web.servlet.MockMvcAutoConfiguration, org.springframework.boot.test.autoconfigure.web.servlet.MockMvcWebClientAutoConfiguration, org.springframework.boot.test.autoconfigure.web.servlet.MockMvcWebDriverAutoConfiguration, org.springframework.boot.autoconfigure.security.oauth2.client.servlet.OAuth2ClientAutoConfiguration, org.springframework.boot.autoconfigure.security.oauth2.resource.servlet.OAuth2ResourceServerAutoConfiguration, org.springframework.boot.autoconfigure.security.servlet.SecurityAutoConfiguration, org.springframework.boot.autoconfigure.security.servlet.SecurityFilterAutoConfiguration, org.springframework.boot.autoconfigure.security.servlet.UserDetailsServiceAutoConfiguration, org.springframework.boot.test.autoconfigure.web.servlet.MockMvcSecurityConfiguration, org.springframework.boot.test.autoconfigure.web.reactive.WebTestClientAutoConfiguration]], org.springframework.boot.test.context.filter.ExcludeFilterContextCustomizer@47dbb1e2, org.springframework.boot.test.json.DuplicateJsonObjectContextCustomizerFactory$DuplicateJsonObjectContextCustomizer@6d24ffa1, org.springframework.boot.test.mock.mockito.MockitoContextCustomizer@0, org.springframework.boot.test.web.client.TestRestTemplateContextCustomizer@5ddabb18, org.springframework.boot.test.context.SpringBootTestArgs@1, org.springframework.boot.test.context.SpringBootTestWebEnvironment@7b993c65], resourceBasePath = 'src/main/webapp', contextLoader = 'org.springframework.boot.test.context.SpringBootContextLoader', parent = [null]], attributes = map['org.springframework.test.context.web.ServletTestExecutionListener.activateListener' -> true, 'org.springframework.test.context.web.ServletTestExecutionListener.populatedRequestContextHolder' -> true, 'org.springframework.test.context.web.ServletTestExecutionListener.resetRequestContextHolder' -> true, 'org.springframework.test.context.event.ApplicationEventsTestExecutionListener.recordApplicationEvents' -> false]]
2023-11-07 02:30:27.652  INFO 98385 --- [    Test worker] o.s.t.c.transaction.TransactionContext   : Began transaction (1) for test context [DefaultTestContext@7f6a0c29 testClass = CarwashRestControllerTest, testInstance = bdbe.bdbd.carwash.CarwashRestControllerTest@436dded, testMethod = findNearestCarwash_test@CarwashRestControllerTest, testException = [null], mergedContextConfiguration = [WebMergedContextConfiguration@1ccab629 testClass = CarwashRestControllerTest, locations = '{}', classes = '{class bdbe.bdbd.BdbdApplication}', contextInitializerClasses = '[]', activeProfiles = '{}', propertySourceLocations = '{}', propertySourceProperties = '{org.springframework.boot.test.context.SpringBootTestContextBootstrapper=true}', contextCustomizers = set[org.springframework.boot.test.autoconfigure.actuate.metrics.MetricsExportContextCustomizerFactory$DisableMetricExportContextCustomizer@78fb9a67, org.springframework.boot.test.autoconfigure.properties.PropertyMappingContextCustomizer@4b3fa0b3, org.springframework.boot.test.autoconfigure.web.servlet.WebDriverContextCustomizerFactory$Customizer@2692b61e, [ImportsContextCustomizer@210e7a5 key = [org.springframework.boot.test.autoconfigure.web.servlet.MockMvcAutoConfiguration, org.springframework.boot.test.autoconfigure.web.servlet.MockMvcWebClientAutoConfiguration, org.springframework.boot.test.autoconfigure.web.servlet.MockMvcWebDriverAutoConfiguration, org.springframework.boot.autoconfigure.security.oauth2.client.servlet.OAuth2ClientAutoConfiguration, org.springframework.boot.autoconfigure.security.oauth2.resource.servlet.OAuth2ResourceServerAutoConfiguration, org.springframework.boot.autoconfigure.security.servlet.SecurityAutoConfiguration, org.springframework.boot.autoconfigure.security.servlet.SecurityFilterAutoConfiguration, org.springframework.boot.autoconfigure.security.servlet.UserDetailsServiceAutoConfiguration, org.springframework.boot.test.autoconfigure.web.servlet.MockMvcSecurityConfiguration, org.springframework.boot.test.autoconfigure.web.reactive.WebTestClientAutoConfiguration]], org.springframework.boot.test.context.filter.ExcludeFilterContextCustomizer@47dbb1e2, org.springframework.boot.test.json.DuplicateJsonObjectContextCustomizerFactory$DuplicateJsonObjectContextCustomizer@6d24ffa1, org.springframework.boot.test.mock.mockito.MockitoContextCustomizer@0, org.springframework.boot.test.web.client.TestRestTemplateContextCustomizer@5ddabb18, org.springframework.boot.test.context.SpringBootTestArgs@1, org.springframework.boot.test.context.SpringBootTestWebEnvironment@7b993c65], resourceBasePath = 'src/main/webapp', contextLoader = 'org.springframework.boot.test.context.SpringBootContextLoader', parent = [null]], attributes = map['org.springframework.test.context.web.ServletTestExecutionListener.activateListener' -> true, 'org.springframework.test.context.web.ServletTestExecutionListener.populatedRequestContextHolder' -> true, 'org.springframework.test.context.web.ServletTestExecutionListener.resetRequestContextHolder' -> true, 'org.springframework.test.context.event.ApplicationEventsTestExecutionListener.recordApplicationEvents' -> false]]; transaction manager [org.springframework.orm.jpa.JpaTransactionManager@7a56c3c7]; rollback [true]
Hibernate: 
    select
        member0_.id as id1_6_,
        member0_.email as email2_6_,
        member0_.password as password3_6_,
        member0_.role as role4_6_,
        member0_.tel as tel5_6_,
        member0_.username as username6_6_ 
    from
        member member0_ 
    where
        member0_.email=?
2023-11-07 02:30:27.653 TRACE 98385 --- [    Test worker] o.h.type.descriptor.sql.BasicBinder      : binding parameter [1] as [VARCHAR] - [user@nate.com]
2023-11-07 02:30:27.667 TRACE 98385 --- [    Test worker] o.h.type.descriptor.sql.BasicExtractor   : extracted value ([id1_6_] : [BIGINT]) - [1]
2023-11-07 02:30:27.667 TRACE 98385 --- [    Test worker] o.h.type.descriptor.sql.BasicExtractor   : extracted value ([email2_6_] : [VARCHAR]) - [user@nate.com]
2023-11-07 02:30:27.667 TRACE 98385 --- [    Test worker] o.h.type.descriptor.sql.BasicExtractor   : extracted value ([password3_6_] : [VARCHAR]) - [{bcrypt}$2a$10$v8NhNtmO91URnZ9nJIYdSeapN9qj4qxBHuf8Kd/hkms9.eRUEHcQS]
2023-11-07 02:30:27.667 TRACE 98385 --- [    Test worker] o.h.type.descriptor.sql.BasicExtractor   : extracted value ([role4_6_] : [VARCHAR]) - [ROLE_USER]
2023-11-07 02:30:27.667 TRACE 98385 --- [    Test worker] o.h.type.descriptor.sql.BasicExtractor   : extracted value ([tel5_6_] : [VARCHAR]) - [010-1234-5678]
2023-11-07 02:30:27.667 TRACE 98385 --- [    Test worker] o.h.type.descriptor.sql.BasicExtractor   : extracted value ([username6_6_] : [VARCHAR]) - [imnewuser]
Hibernate: 
    SELECT
        cw.* 
    FROM
        carwash cw 
    JOIN
        location l 
            ON cw.l_id = l.id 
    WHERE
        ST_Distance_Sphere(point(l.longitude, l.latitude), point(?, ?)) <= 10000
2023-11-07 02:30:27.669 TRACE 98385 --- [    Test worker] o.h.type.descriptor.sql.BasicBinder      : binding parameter [1] as [DOUBLE] - [2.34]
2023-11-07 02:30:27.670 TRACE 98385 --- [    Test worker] o.h.type.descriptor.sql.BasicBinder      : binding parameter [2] as [DOUBLE] - [1.23]
응답 Body : {"success":true,"response":[],"error":null}
2023-11-07 02:30:27.712  INFO 98385 --- [    Test worker] o.s.t.c.transaction.TransactionContext   : Rolled back transaction for test: [DefaultTestContext@7f6a0c29 testClass = CarwashRestControllerTest, testInstance = bdbe.bdbd.carwash.CarwashRestControllerTest@436dded, testMethod = findNearestCarwash_test@CarwashRestControllerTest, testException = [null], mergedContextConfiguration = [WebMergedContextConfiguration@1ccab629 testClass = CarwashRestControllerTest, locations = '{}', classes = '{class bdbe.bdbd.BdbdApplication}', contextInitializerClasses = '[]', activeProfiles = '{}', propertySourceLocations = '{}', propertySourceProperties = '{org.springframework.boot.test.context.SpringBootTestContextBootstrapper=true}', contextCustomizers = set[org.springframework.boot.test.autoconfigure.actuate.metrics.MetricsExportContextCustomizerFactory$DisableMetricExportContextCustomizer@78fb9a67, org.springframework.boot.test.autoconfigure.properties.PropertyMappingContextCustomizer@4b3fa0b3, org.springframework.boot.test.autoconfigure.web.servlet.WebDriverContextCustomizerFactory$Customizer@2692b61e, [ImportsContextCustomizer@210e7a5 key = [org.springframework.boot.test.autoconfigure.web.servlet.MockMvcAutoConfiguration, org.springframework.boot.test.autoconfigure.web.servlet.MockMvcWebClientAutoConfiguration, org.springframework.boot.test.autoconfigure.web.servlet.MockMvcWebDriverAutoConfiguration, org.springframework.boot.autoconfigure.security.oauth2.client.servlet.OAuth2ClientAutoConfiguration, org.springframework.boot.autoconfigure.security.oauth2.resource.servlet.OAuth2ResourceServerAutoConfiguration, org.springframework.boot.autoconfigure.security.servlet.SecurityAutoConfiguration, org.springframework.boot.autoconfigure.security.servlet.SecurityFilterAutoConfiguration, org.springframework.boot.autoconfigure.security.servlet.UserDetailsServiceAutoConfiguration, org.springframework.boot.test.autoconfigure.web.servlet.MockMvcSecurityConfiguration, org.springframework.boot.test.autoconfigure.web.reactive.WebTestClientAutoConfiguration]], org.springframework.boot.test.context.filter.ExcludeFilterContextCustomizer@47dbb1e2, org.springframework.boot.test.json.DuplicateJsonObjectContextCustomizerFactory$DuplicateJsonObjectContextCustomizer@6d24ffa1, org.springframework.boot.test.mock.mockito.MockitoContextCustomizer@0, org.springframework.boot.test.web.client.TestRestTemplateContextCustomizer@5ddabb18, org.springframework.boot.test.context.SpringBootTestArgs@1, org.springframework.boot.test.context.SpringBootTestWebEnvironment@7b993c65], resourceBasePath = 'src/main/webapp', contextLoader = 'org.springframework.boot.test.context.SpringBootContextLoader', parent = [null]], attributes = map['org.springframework.test.context.web.ServletTestExecutionListener.activateListener' -> true, 'org.springframework.test.context.web.ServletTestExecutionListener.populatedRequestContextHolder' -> true, 'org.springframework.test.context.web.ServletTestExecutionListener.resetRequestContextHolder' -> true, 'org.springframework.test.context.event.ApplicationEventsTestExecutionListener.recordApplicationEvents' -> false]]
2023-11-07 02:30:27.724  INFO 98385 --- [    Test worker] o.s.t.c.transaction.TransactionContext   : Began transaction (1) for test context [DefaultTestContext@7f6a0c29 testClass = CarwashRestControllerTest, testInstance = bdbe.bdbd.carwash.CarwashRestControllerTest@1b3a8691, testMethod = save_test@CarwashRestControllerTest, testException = [null], mergedContextConfiguration = [WebMergedContextConfiguration@1ccab629 testClass = CarwashRestControllerTest, locations = '{}', classes = '{class bdbe.bdbd.BdbdApplication}', contextInitializerClasses = '[]', activeProfiles = '{}', propertySourceLocations = '{}', propertySourceProperties = '{org.springframework.boot.test.context.SpringBootTestContextBootstrapper=true}', contextCustomizers = set[org.springframework.boot.test.autoconfigure.actuate.metrics.MetricsExportContextCustomizerFactory$DisableMetricExportContextCustomizer@78fb9a67, org.springframework.boot.test.autoconfigure.properties.PropertyMappingContextCustomizer@4b3fa0b3, org.springframework.boot.test.autoconfigure.web.servlet.WebDriverContextCustomizerFactory$Customizer@2692b61e, [ImportsContextCustomizer@210e7a5 key = [org.springframework.boot.test.autoconfigure.web.servlet.MockMvcAutoConfiguration, org.springframework.boot.test.autoconfigure.web.servlet.MockMvcWebClientAutoConfiguration, org.springframework.boot.test.autoconfigure.web.servlet.MockMvcWebDriverAutoConfiguration, org.springframework.boot.autoconfigure.security.oauth2.client.servlet.OAuth2ClientAutoConfiguration, org.springframework.boot.autoconfigure.security.oauth2.resource.servlet.OAuth2ResourceServerAutoConfiguration, org.springframework.boot.autoconfigure.security.servlet.SecurityAutoConfiguration, org.springframework.boot.autoconfigure.security.servlet.SecurityFilterAutoConfiguration, org.springframework.boot.autoconfigure.security.servlet.UserDetailsServiceAutoConfiguration, org.springframework.boot.test.autoconfigure.web.servlet.MockMvcSecurityConfiguration, org.springframework.boot.test.autoconfigure.web.reactive.WebTestClientAutoConfiguration]], org.springframework.boot.test.context.filter.ExcludeFilterContextCustomizer@47dbb1e2, org.springframework.boot.test.json.DuplicateJsonObjectContextCustomizerFactory$DuplicateJsonObjectContextCustomizer@6d24ffa1, org.springframework.boot.test.mock.mockito.MockitoContextCustomizer@0, org.springframework.boot.test.web.client.TestRestTemplateContextCustomizer@5ddabb18, org.springframework.boot.test.context.SpringBootTestArgs@1, org.springframework.boot.test.context.SpringBootTestWebEnvironment@7b993c65], resourceBasePath = 'src/main/webapp', contextLoader = 'org.springframework.boot.test.context.SpringBootContextLoader', parent = [null]], attributes = map['org.springframework.test.context.web.ServletTestExecutionListener.activateListener' -> true, 'org.springframework.test.context.web.ServletTestExecutionListener.populatedRequestContextHolder' -> true, 'org.springframework.test.context.web.ServletTestExecutionListener.resetRequestContextHolder' -> true, 'org.springframework.test.context.event.ApplicationEventsTestExecutionListener.recordApplicationEvents' -> false]]; transaction manager [org.springframework.orm.jpa.JpaTransactionManager@7a56c3c7]; rollback [true]
Hibernate: 
    select
        member0_.id as id1_6_,
        member0_.email as email2_6_,
        member0_.password as password3_6_,
        member0_.role as role4_6_,
        member0_.tel as tel5_6_,
        member0_.username as username6_6_ 
    from
        member member0_ 
    where
        member0_.email=?
2023-11-07 02:30:27.725 TRACE 98385 --- [    Test worker] o.h.type.descriptor.sql.BasicBinder      : binding parameter [1] as [VARCHAR] - [owner@nate.com]
2023-11-07 02:30:27.736 TRACE 98385 --- [    Test worker] o.h.type.descriptor.sql.BasicExtractor   : extracted value ([id1_6_] : [BIGINT]) - [2]
2023-11-07 02:30:27.736 TRACE 98385 --- [    Test worker] o.h.type.descriptor.sql.BasicExtractor   : extracted value ([email2_6_] : [VARCHAR]) - [owner@nate.com]
2023-11-07 02:30:27.736 TRACE 98385 --- [    Test worker] o.h.type.descriptor.sql.BasicExtractor   : extracted value ([password3_6_] : [VARCHAR]) - [{bcrypt}$2a$10$o6TVGm92x.GENlJ4Mig5qucFqAt/UTnT5lm6rzTY5v.gCk8uSf7h2]
2023-11-07 02:30:27.736 TRACE 98385 --- [    Test worker] o.h.type.descriptor.sql.BasicExtractor   : extracted value ([role4_6_] : [VARCHAR]) - [ROLE_OWNER]
2023-11-07 02:30:27.736 TRACE 98385 --- [    Test worker] o.h.type.descriptor.sql.BasicExtractor   : extracted value ([tel5_6_] : [VARCHAR]) - [010-9876-5432]
2023-11-07 02:30:27.736 TRACE 98385 --- [    Test worker] o.h.type.descriptor.sql.BasicExtractor   : extracted value ([username6_6_] : [VARCHAR]) - [imnewowner]
Hibernate: 
    insert 
    into
        keyword
        (name, type) 
    values
        (?, ?)
2023-11-07 02:30:27.738 TRACE 98385 --- [    Test worker] o.h.type.descriptor.sql.BasicBinder      : binding parameter [1] as [VARCHAR] - [하부세차]
2023-11-07 02:30:27.738 DEBUG 98385 --- [    Test worker] tributeConverterSqlTypeDescriptorAdapter : Converted value on binding : CARWASH -> 1
2023-11-07 02:30:27.738 TRACE 98385 --- [    Test worker] o.h.type.descriptor.sql.BasicBinder      : binding parameter [2] as [INTEGER] - [1]
요청 데이터 : {"name":"test 세차장","location":{"placeName":"test 장소","address":"test 주소","latitude":1.234,"longitude":5.678},"price":"100","optime":{"weekday":{"start":"09:00:00","end":"17:00:00"},"weekend":{"start":"10:00:00","end":"16:00:00"}},"keywordId":[30],"description":"테스트 설명","tel":"01012345678"}
Hibernate: 
    insert 
    into
        location
        (address, latitude, longitude, place) 
    values
        (?, ?, ?, ?)
2023-11-07 02:30:27.764 TRACE 98385 --- [    Test worker] o.h.type.descriptor.sql.BasicBinder      : binding parameter [1] as [VARCHAR] - [test 주소]
2023-11-07 02:30:27.764 TRACE 98385 --- [    Test worker] o.h.type.descriptor.sql.BasicBinder      : binding parameter [2] as [DOUBLE] - [1.234]
2023-11-07 02:30:27.764 TRACE 98385 --- [    Test worker] o.h.type.descriptor.sql.BasicBinder      : binding parameter [3] as [DOUBLE] - [5.678]
2023-11-07 02:30:27.764 TRACE 98385 --- [    Test worker] o.h.type.descriptor.sql.BasicBinder      : binding parameter [4] as [VARCHAR] - [test 장소]
Hibernate: 
    insert 
    into
        carwash
        (des, l_id, m_id, name, price, rate, tel) 
    values
        (?, ?, ?, ?, ?, ?, ?)
2023-11-07 02:30:27.781 TRACE 98385 --- [    Test worker] o.h.type.descriptor.sql.BasicBinder      : binding parameter [1] as [VARCHAR] - [테스트 설명]
2023-11-07 02:30:27.781 TRACE 98385 --- [    Test worker] o.h.type.descriptor.sql.BasicBinder      : binding parameter [2] as [BIGINT] - [53]
2023-11-07 02:30:27.781 TRACE 98385 --- [    Test worker] o.h.type.descriptor.sql.BasicBinder      : binding parameter [3] as [BIGINT] - [2]
2023-11-07 02:30:27.781 TRACE 98385 --- [    Test worker] o.h.type.descriptor.sql.BasicBinder      : binding parameter [4] as [VARCHAR] - [test 세차장]
2023-11-07 02:30:27.781 TRACE 98385 --- [    Test worker] o.h.type.descriptor.sql.BasicBinder      : binding parameter [5] as [INTEGER] - [100]
2023-11-07 02:30:27.781 TRACE 98385 --- [    Test worker] o.h.type.descriptor.sql.BasicBinder      : binding parameter [6] as [DOUBLE] - [0.0]
2023-11-07 02:30:27.781 TRACE 98385 --- [    Test worker] o.h.type.descriptor.sql.BasicBinder      : binding parameter [7] as [VARCHAR] - [01012345678]
Hibernate: 
    insert 
    into
        optime
        (c_id, day_type, end_time, start_time) 
    values
        (?, ?, ?, ?)
2023-11-07 02:30:27.793 TRACE 98385 --- [    Test worker] o.h.type.descriptor.sql.BasicBinder      : binding parameter [1] as [BIGINT] - [53]
2023-11-07 02:30:27.793 TRACE 98385 --- [    Test worker] o.h.type.descriptor.sql.BasicBinder      : binding parameter [2] as [VARCHAR] - [WEEKDAY]
2023-11-07 02:30:27.793 TRACE 98385 --- [    Test worker] o.h.type.descriptor.sql.BasicBinder      : binding parameter [3] as [TIME] - [17:00]
2023-11-07 02:30:27.794 TRACE 98385 --- [    Test worker] o.h.type.descriptor.sql.BasicBinder      : binding parameter [4] as [TIME] - [09:00]
Hibernate: 
    insert 
    into
        optime
        (c_id, day_type, end_time, start_time) 
    values
        (?, ?, ?, ?)
2023-11-07 02:30:27.809 TRACE 98385 --- [    Test worker] o.h.type.descriptor.sql.BasicBinder      : binding parameter [1] as [BIGINT] - [53]
2023-11-07 02:30:27.809 TRACE 98385 --- [    Test worker] o.h.type.descriptor.sql.BasicBinder      : binding parameter [2] as [VARCHAR] - [WEEKEND]
2023-11-07 02:30:27.809 TRACE 98385 --- [    Test worker] o.h.type.descriptor.sql.BasicBinder      : binding parameter [3] as [TIME] - [16:00]
2023-11-07 02:30:27.809 TRACE 98385 --- [    Test worker] o.h.type.descriptor.sql.BasicBinder      : binding parameter [4] as [TIME] - [10:00]
Hibernate: 
    insert 
    into
        carwash_keyword
        (c_id, k_id) 
    values
        (?, ?)
2023-11-07 02:30:27.823 TRACE 98385 --- [    Test worker] o.h.type.descriptor.sql.BasicBinder      : binding parameter [1] as [BIGINT] - [53]
2023-11-07 02:30:27.823 TRACE 98385 --- [    Test worker] o.h.type.descriptor.sql.BasicBinder      : binding parameter [2] as [BIGINT] - [30]
Hibernate: 
    select
        file0_.id as id1_3_,
        file0_.c_id as c_id6_3_,
        file0_.is_deleted as is_delet2_3_,
        file0_.name as name3_3_,
        file0_.uploaded_at as uploaded4_3_,
        file0_.url as url5_3_ 
    from
        file file0_ 
    left outer join
        carwash carwash1_ 
            on file0_.c_id=carwash1_.id 
    where
        carwash1_.id=? 
        and file0_.is_deleted=0
2023-11-07 02:30:27.837 TRACE 98385 --- [    Test worker] o.h.type.descriptor.sql.BasicBinder      : binding parameter [1] as [BIGINT] - [53]
2023-11-07 02:30:27.849  INFO 98385 --- [    Test worker] bdbe.bdbd.carwash.CarwashService         : Image upload start
2023-11-07 02:30:27.853  WARN 98385 --- [    Test worker] c.amazonaws.services.s3.AmazonS3Client   : No content length specified for stream data.  Stream contents will be buffered in memory and could result in out of memory errors.
2023-11-07 02:30:28.156  WARN 98385 --- [    Test worker] c.amazonaws.services.s3.AmazonS3Client   : No content length specified for stream data.  Stream contents will be buffered in memory and could result in out of memory errors.
Hibernate: 
    insert 
    into
        file
        (c_id, is_deleted, name, uploaded_at, url) 
    values
        (?, ?, ?, ?, ?)
2023-11-07 02:30:28.204 TRACE 98385 --- [    Test worker] o.h.type.descriptor.sql.BasicBinder      : binding parameter [1] as [BIGINT] - [53]
2023-11-07 02:30:28.204 TRACE 98385 --- [    Test worker] o.h.type.descriptor.sql.BasicBinder      : binding parameter [2] as [BOOLEAN] - [false]
2023-11-07 02:30:28.205 TRACE 98385 --- [    Test worker] o.h.type.descriptor.sql.BasicBinder      : binding parameter [3] as [VARCHAR] - [0dd01008-eef5-4c6d-b1c4-b008bf111162.jpg]
2023-11-07 02:30:28.205 TRACE 98385 --- [    Test worker] o.h.type.descriptor.sql.BasicBinder      : binding parameter [4] as [TIMESTAMP] - [2023-11-07T02:30:28.203660]
2023-11-07 02:30:28.205 TRACE 98385 --- [    Test worker] o.h.type.descriptor.sql.BasicBinder      : binding parameter [5] as [VARCHAR] - [https://bdbdfiles.s3.ap-northeast-2.amazonaws.com/uploads/0dd01008-eef5-4c6d-b1c4-b008bf111162.jpg]
Hibernate: 
    insert 
    into
        file
        (c_id, is_deleted, name, uploaded_at, url) 
    values
        (?, ?, ?, ?, ?)
2023-11-07 02:30:28.217 TRACE 98385 --- [    Test worker] o.h.type.descriptor.sql.BasicBinder      : binding parameter [1] as [BIGINT] - [53]
2023-11-07 02:30:28.217 TRACE 98385 --- [    Test worker] o.h.type.descriptor.sql.BasicBinder      : binding parameter [2] as [BOOLEAN] - [false]
2023-11-07 02:30:28.217 TRACE 98385 --- [    Test worker] o.h.type.descriptor.sql.BasicBinder      : binding parameter [3] as [VARCHAR] - [d951e1ef-8adc-4a8a-bdfc-75d0f402aa40.jpg]
2023-11-07 02:30:28.217 TRACE 98385 --- [    Test worker] o.h.type.descriptor.sql.BasicBinder      : binding parameter [4] as [TIMESTAMP] - [2023-11-07T02:30:28.203677]
2023-11-07 02:30:28.217 TRACE 98385 --- [    Test worker] o.h.type.descriptor.sql.BasicBinder      : binding parameter [5] as [VARCHAR] - [https://bdbdfiles.s3.ap-northeast-2.amazonaws.com/uploads/d951e1ef-8adc-4a8a-bdfc-75d0f402aa40.jpg]
[...]
2023-11-07 02:30:28.820 TRACE 98385 --- [    Test worker] o.h.type.descriptor.sql.BasicExtractor   : extracted value ([des2_1_] : [VARCHAR]) - [테스트 설명]
2023-11-07 02:30:28.820 TRACE 98385 --- [    Test worker] o.h.type.descriptor.sql.BasicExtractor   : extracted value ([l_id7_1_] : [BIGINT]) - [10]
2023-11-07 02:30:28.820 TRACE 98385 --- [    Test worker] o.h.type.descriptor.sql.BasicExtractor   : extracted value ([m_id8_1_] : [BIGINT]) - [61]
2023-11-07 02:30:28.820 TRACE 98385 --- [    Test worker] o.h.type.descriptor.sql.BasicExtractor   : extracted value ([name3_1_] : [VARCHAR]) - [유후 세차장]
2023-11-07 02:30:28.820 TRACE 98385 --- [    Test worker] o.h.type.descriptor.sql.BasicExtractor   : extracted value ([price4_1_] : [INTEGER]) - [100]
2023-11-07 02:30:28.820 TRACE 98385 --- [    Test worker] o.h.type.descriptor.sql.BasicExtractor   : extracted value ([rate5_1_] : [DOUBLE]) - [0.0]
2023-11-07 02:30:28.820 TRACE 98385 --- [    Test worker] o.h.type.descriptor.sql.BasicExtractor   : extracted value ([tel6_1_] : [VARCHAR]) - [01012345678]
2023-11-07 02:30:28.821 TRACE 98385 --- [    Test worker] org.hibernate.type.CollectionType        : Created collection wrapper: [bdbe.bdbd.carwash.Carwash.carwashKeywords#1]
2023-11-07 02:30:28.821 TRACE 98385 --- [    Test worker] org.hibernate.type.CollectionType        : Created collection wrapper: [bdbe.bdbd.carwash.Carwash.fileList#1]
Hibernate: 
    select
        location0_.id as id1_5_0_,
        location0_.address as address2_5_0_,
        location0_.latitude as latitude3_5_0_,
        location0_.longitude as longitud4_5_0_,
        location0_.place as place5_5_0_ 
    from
        location location0_ 
    where
        location0_.id=?
2023-11-07 02:30:28.821 TRACE 98385 --- [    Test worker] o.h.type.descriptor.sql.BasicBinder      : binding parameter [1] as [BIGINT] - [1]
2023-11-07 02:30:28.833 TRACE 98385 --- [    Test worker] o.h.type.descriptor.sql.BasicExtractor   : extracted value ([address2_5_0_] : [VARCHAR]) - [구름 주소]
2023-11-07 02:30:28.833 TRACE 98385 --- [    Test worker] o.h.type.descriptor.sql.BasicExtractor   : extracted value ([latitude3_5_0_] : [DOUBLE]) - [12.121]
2023-11-07 02:30:28.833 TRACE 98385 --- [    Test worker] o.h.type.descriptor.sql.BasicExtractor   : extracted value ([longitud4_5_0_] : [DOUBLE]) - [2.232]
2023-11-07 02:30:28.833 TRACE 98385 --- [    Test worker] o.h.type.descriptor.sql.BasicExtractor   : extracted value ([place5_5_0_] : [VARCHAR]) - [구름 이름]
2023-11-07 02:30:28.833 TRACE 98385 --- [    Test worker] org.hibernate.type.CollectionType        : Created collection wrapper: [bdbe.bdbd.carwash.Carwash.carwashKeywords#2]
2023-11-07 02:30:28.833 TRACE 98385 --- [    Test worker] org.hibernate.type.CollectionType        : Created collection wrapper: [bdbe.bdbd.carwash.Carwash.fileList#2]
Hibernate: 
    select
        location0_.id as id1_5_0_,
        location0_.address as address2_5_0_,
        location0_.latitude as latitude3_5_0_,
        location0_.longitude as longitud4_5_0_,
        location0_.place as place5_5_0_ 
    from
        location location0_ 
    where
        location0_.id=?
2023-11-07 02:30:28.833 TRACE 98385 --- [    Test worker] o.h.type.descriptor.sql.BasicBinder      : binding parameter [1] as [BIGINT] - [2]
2023-11-07 02:30:28.852 TRACE 98385 --- [    Test worker] o.h.type.descriptor.sql.BasicExtractor   : extracted value ([address2_5_0_] : [VARCHAR]) - [구름 주소]
2023-11-07 02:30:28.852 TRACE 98385 --- [    Test worker] o.h.type.descriptor.sql.BasicExtractor   : extracted value ([latitude3_5_0_] : [DOUBLE]) - [12.121]
2023-11-07 02:30:28.852 TRACE 98385 --- [    Test worker] o.h.type.descriptor.sql.BasicExtractor   : extracted value ([longitud4_5_0_] : [DOUBLE]) - [2.232]
2023-11-07 02:30:28.852 TRACE 98385 --- [    Test worker] o.h.type.descriptor.sql.BasicExtractor   : extracted value ([place5_5_0_] : [VARCHAR]) - [구름 이름]
2023-11-07 02:30:28.852 TRACE 98385 --- [    Test worker] org.hibernate.type.CollectionType        : Created collection wrapper: [bdbe.bdbd.carwash.Carwash.carwashKeywords#3]
2023-11-07 02:30:28.852 TRACE 98385 --- [    Test worker] org.hibernate.type.CollectionType        : Created collection wrapper: [bdbe.bdbd.carwash.Carwash.fileList#3]
Hibernate: 
    select
        location0_.id as id1_5_0_,
        location0_.address as address2_5_0_,
        location0_.latitude as latitude3_5_0_,
        location0_.longitude as longitud4_5_0_,
        location0_.place as place5_5_0_ 
    from
        location location0_ 
    where
        location0_.id=?
2023-11-07 02:30:28.853 TRACE 98385 --- [    Test worker] o.h.type.descriptor.sql.BasicBinder      : binding parameter [1] as [BIGINT] - [3]
2023-11-07 02:30:28.868 TRACE 98385 --- [    Test worker] o.h.type.descriptor.sql.BasicExtractor   : extracted value ([address2_5_0_] : [VARCHAR]) - [광주 남구 봉선2로 96-14]
2023-11-07 02:30:28.868 TRACE 98385 --- [    Test worker] o.h.type.descriptor.sql.BasicExtractor   : extracted value ([latitude3_5_0_] : [DOUBLE]) - [35.125349394619]
2023-11-07 02:30:28.868 TRACE 98385 --- [    Test worker] o.h.type.descriptor.sql.BasicExtractor   : extracted value ([longitud4_5_0_] : [DOUBLE]) - [126.916778560933]
2023-11-07 02:30:28.868 TRACE 98385 --- [    Test worker] o.h.type.descriptor.sql.BasicExtractor   : extracted value ([place5_5_0_] : [VARCHAR]) - [세차 월드]
2023-11-07 02:30:28.868 TRACE 98385 --- [    Test worker] org.hibernate.type.CollectionType        : Created collection wrapper: [bdbe.bdbd.carwash.Carwash.carwashKeywords#4]
2023-11-07 02:30:28.868 TRACE 98385 --- [    Test worker] org.hibernate.type.CollectionType        : Created collection wrapper: [bdbe.bdbd.carwash.Carwash.fileList#4]
Hibernate: 
    select
        location0_.id as id1_5_0_,
        location0_.address as address2_5_0_,
        location0_.latitude as latitude3_5_0_,
        location0_.longitude as longitud4_5_0_,
        location0_.place as place5_5_0_ 
    from
        location location0_ 
    where
        location0_.id=?
2023-11-07 02:30:28.869 TRACE 98385 --- [    Test worker] o.h.type.descriptor.sql.BasicBinder      : binding parameter [1] as [BIGINT] - [4]
2023-11-07 02:30:28.880 TRACE 98385 --- [    Test worker] o.h.type.descriptor.sql.BasicExtractor   : extracted value ([address2_5_0_] : [VARCHAR]) - [광주 서구 풍암운리로29번길 4-1]
2023-11-07 02:30:28.880 TRACE 98385 --- [    Test worker] o.h.type.descriptor.sql.BasicExtractor   : extracted value ([latitude3_5_0_] : [DOUBLE]) - [35.1236239635137]
2023-11-07 02:30:28.880 TRACE 98385 --- [    Test worker] o.h.type.descriptor.sql.BasicExtractor   : extracted value ([longitud4_5_0_] : [DOUBLE]) - [126.867258708128]
2023-11-07 02:30:28.880 TRACE 98385 --- [    Test worker] o.h.type.descriptor.sql.BasicExtractor   : extracted value ([place5_5_0_] : [VARCHAR]) - [에코 세차]
2023-11-07 02:30:28.880 TRACE 98385 --- [    Test worker] org.hibernate.type.CollectionType        : Created collection wrapper: [bdbe.bdbd.carwash.Carwash.carwashKeywords#5]
2023-11-07 02:30:28.880 TRACE 98385 --- [    Test worker] org.hibernate.type.CollectionType        : Created collection wrapper: [bdbe.bdbd.carwash.Carwash.fileList#5]
Hibernate: 
    select
        location0_.id as id1_5_0_,
        location0_.address as address2_5_0_,
        location0_.latitude as latitude3_5_0_,
        location0_.longitude as longitud4_5_0_,
        location0_.place as place5_5_0_ 
    from
        location location0_ 
    where
        location0_.id=?
2023-11-07 02:30:28.880 TRACE 98385 --- [    Test worker] o.h.type.descriptor.sql.BasicBinder      : binding parameter [1] as [BIGINT] - [5]
2023-11-07 02:30:28.896 TRACE 98385 --- [    Test worker] o.h.type.descriptor.sql.BasicExtractor   : extracted value ([address2_5_0_] : [VARCHAR]) - [서울 강남구 삼성로 567]
2023-11-07 02:30:28.896 TRACE 98385 --- [    Test worker] o.h.type.descriptor.sql.BasicExtractor   : extracted value ([latitude3_5_0_] : [DOUBLE]) - [37.5121009265405]
2023-11-07 02:30:28.896 TRACE 98385 --- [    Test worker] o.h.type.descriptor.sql.BasicExtractor   : extracted value ([longitud4_5_0_] : [DOUBLE]) - [127.0533894042]
2023-11-07 02:30:28.896 TRACE 98385 --- [    Test worker] o.h.type.descriptor.sql.BasicExtractor   : extracted value ([place5_5_0_] : [VARCHAR]) - [컴인워시 강남본점]
2023-11-07 02:30:28.896 TRACE 98385 --- [    Test worker] org.hibernate.type.CollectionType        : Created collection wrapper: [bdbe.bdbd.carwash.Carwash.carwashKeywords#6]
2023-11-07 02:30:28.896 TRACE 98385 --- [    Test worker] org.hibernate.type.CollectionType        : Created collection wrapper: [bdbe.bdbd.carwash.Carwash.fileList#6]
Hibernate: 
    select
        location0_.id as id1_5_0_,
        location0_.address as address2_5_0_,
        location0_.latitude as latitude3_5_0_,
        location0_.longitude as longitud4_5_0_,
        location0_.place as place5_5_0_ 
    from
        location location0_ 
    where
        location0_.id=?
2023-11-07 02:30:28.896 TRACE 98385 --- [    Test worker] o.h.type.descriptor.sql.BasicBinder      : binding parameter [1] as [BIGINT] - [6]
2023-11-07 02:30:28.907 TRACE 98385 --- [    Test worker] o.h.type.descriptor.sql.BasicExtractor   : extracted value ([address2_5_0_] : [VARCHAR]) - [test 주소]
2023-11-07 02:30:28.907 TRACE 98385 --- [    Test worker] o.h.type.descriptor.sql.BasicExtractor   : extracted value ([latitude3_5_0_] : [DOUBLE]) - [1.234]
2023-11-07 02:30:28.907 TRACE 98385 --- [    Test worker] o.h.type.descriptor.sql.BasicExtractor   : extracted value ([longitud4_5_0_] : [DOUBLE]) - [5.678]
2023-11-07 02:30:28.907 TRACE 98385 --- [    Test worker] o.h.type.descriptor.sql.BasicExtractor   : extracted value ([place5_5_0_] : [VARCHAR]) - [test 장소]
2023-11-07 02:30:28.907 TRACE 98385 --- [    Test worker] org.hibernate.type.CollectionType        : Created collection wrapper: [bdbe.bdbd.carwash.Carwash.carwashKeywords#7]
2023-11-07 02:30:28.907 TRACE 98385 --- [    Test worker] org.hibernate.type.CollectionType        : Created collection wrapper: [bdbe.bdbd.carwash.Carwash.fileList#7]
Hibernate: 
    select
        location0_.id as id1_5_0_,
        location0_.address as address2_5_0_,
        location0_.latitude as latitude3_5_0_,
        location0_.longitude as longitud4_5_0_,
        location0_.place as place5_5_0_ 
    from
        location location0_ 
    where
        location0_.id=?
2023-11-07 02:30:28.908 TRACE 98385 --- [    Test worker] o.h.type.descriptor.sql.BasicBinder      : binding parameter [1] as [BIGINT] - [7]
2023-11-07 02:30:28.919 TRACE 98385 --- [    Test worker] o.h.type.descriptor.sql.BasicExtractor   : extracted value ([address2_5_0_] : [VARCHAR]) - [test 주소]
2023-11-07 02:30:28.919 TRACE 98385 --- [    Test worker] o.h.type.descriptor.sql.BasicExtractor   : extracted value ([latitude3_5_0_] : [DOUBLE]) - [1.234]
2023-11-07 02:30:28.919 TRACE 98385 --- [    Test worker] o.h.type.descriptor.sql.BasicExtractor   : extracted value ([longitud4_5_0_] : [DOUBLE]) - [5.678]
2023-11-07 02:30:28.919 TRACE 98385 --- [    Test worker] o.h.type.descriptor.sql.BasicExtractor   : extracted value ([place5_5_0_] : [VARCHAR]) - [test 장소]
2023-11-07 02:30:28.919 TRACE 98385 --- [    Test worker] org.hibernate.type.CollectionType        : Created collection wrapper: [bdbe.bdbd.carwash.Carwash.carwashKeywords#8]
2023-11-07 02:30:28.920 TRACE 98385 --- [    Test worker] org.hibernate.type.CollectionType        : Created collection wrapper: [bdbe.bdbd.carwash.Carwash.fileList#8]
Hibernate: 
    select
        location0_.id as id1_5_0_,
        location0_.address as address2_5_0_,
        location0_.latitude as latitude3_5_0_,
        location0_.longitude as longitud4_5_0_,
        location0_.place as place5_5_0_ 
    from
        location location0_ 
    where
        location0_.id=?
2023-11-07 02:30:28.920 TRACE 98385 --- [    Test worker] o.h.type.descriptor.sql.BasicBinder      : binding parameter [1] as [BIGINT] - [8]
2023-11-07 02:30:28.931 TRACE 98385 --- [    Test worker] o.h.type.descriptor.sql.BasicExtractor   : extracted value ([address2_5_0_] : [VARCHAR]) - [test 주소]
2023-11-07 02:30:28.931 TRACE 98385 --- [    Test worker] o.h.type.descriptor.sql.BasicExtractor   : extracted value ([latitude3_5_0_] : [DOUBLE]) - [1.234]
2023-11-07 02:30:28.931 TRACE 98385 --- [    Test worker] o.h.type.descriptor.sql.BasicExtractor   : extracted value ([longitud4_5_0_] : [DOUBLE]) - [5.678]
2023-11-07 02:30:28.931 TRACE 98385 --- [    Test worker] o.h.type.descriptor.sql.BasicExtractor   : extracted value ([place5_5_0_] : [VARCHAR]) - [test 장소]
2023-11-07 02:30:28.931 TRACE 98385 --- [    Test worker] org.hibernate.type.CollectionType        : Created collection wrapper: [bdbe.bdbd.carwash.Carwash.carwashKeywords#9]
2023-11-07 02:30:28.931 TRACE 98385 --- [    Test worker] org.hibernate.type.CollectionType        : Created collection wrapper: [bdbe.bdbd.carwash.Carwash.fileList#9]
Hibernate: 
    select
        location0_.id as id1_5_0_,
        location0_.address as address2_5_0_,
        location0_.latitude as latitude3_5_0_,
        location0_.longitude as longitud4_5_0_,
        location0_.place as place5_5_0_ 
    from
        location location0_ 
    where
        location0_.id=?
2023-11-07 02:30:28.931 TRACE 98385 --- [    Test worker] o.h.type.descriptor.sql.BasicBinder      : binding parameter [1] as [BIGINT] - [9]
2023-11-07 02:30:28.943 TRACE 98385 --- [    Test worker] o.h.type.descriptor.sql.BasicExtractor   : extracted value ([address2_5_0_] : [VARCHAR]) - [test 주소]
2023-11-07 02:30:28.943 TRACE 98385 --- [    Test worker] o.h.type.descriptor.sql.BasicExtractor   : extracted value ([latitude3_5_0_] : [DOUBLE]) - [1.234]
2023-11-07 02:30:28.943 TRACE 98385 --- [    Test worker] o.h.type.descriptor.sql.BasicExtractor   : extracted value ([longitud4_5_0_] : [DOUBLE]) - [5.678]
2023-11-07 02:30:28.943 TRACE 98385 --- [    Test worker] o.h.type.descriptor.sql.BasicExtractor   : extracted value ([place5_5_0_] : [VARCHAR]) - [test 장소]
2023-11-07 02:30:28.943 TRACE 98385 --- [    Test worker] org.hibernate.type.CollectionType        : Created collection wrapper: [bdbe.bdbd.carwash.Carwash.carwashKeywords#10]
2023-11-07 02:30:28.943 TRACE 98385 --- [    Test worker] org.hibernate.type.CollectionType        : Created collection wrapper: [bdbe.bdbd.carwash.Carwash.fileList#10]
Hibernate: 
    select
        location0_.id as id1_5_0_,
        location0_.address as address2_5_0_,
        location0_.latitude as latitude3_5_0_,
        location0_.longitude as longitud4_5_0_,
        location0_.place as place5_5_0_ 
    from
        location location0_ 
    where
        location0_.id=?
2023-11-07 02:30:28.943 TRACE 98385 --- [    Test worker] o.h.type.descriptor.sql.BasicBinder      : binding parameter [1] as [BIGINT] - [10]
2023-11-07 02:30:28.954 TRACE 98385 --- [    Test worker] o.h.type.descriptor.sql.BasicExtractor   : extracted value ([address2_5_0_] : [VARCHAR]) - [test 주소]
2023-11-07 02:30:28.954 TRACE 98385 --- [    Test worker] o.h.type.descriptor.sql.BasicExtractor   : extracted value ([latitude3_5_0_] : [DOUBLE]) - [1.234]
2023-11-07 02:30:28.954 TRACE 98385 --- [    Test worker] o.h.type.descriptor.sql.BasicExtractor   : extracted value ([longitud4_5_0_] : [DOUBLE]) - [5.678]
2023-11-07 02:30:28.954 TRACE 98385 --- [    Test worker] o.h.type.descriptor.sql.BasicExtractor   : extracted value ([place5_5_0_] : [VARCHAR]) - [test 장소]
Hibernate: 
    select
        count(carwash0_.id) as col_0_0_ 
    from
        carwash carwash0_
2023-11-07 02:30:28.970 TRACE 98385 --- [    Test worker] o.h.type.descriptor.sql.BasicExtractor   : extracted value ([col_0_0_] : [BIGINT]) - [38]
응답 Body : {"success":true,"response":[{"id":1,"name":"구름r 세차장","rate":4.33846153846154,"tel":"010-2222-3333","des":"안녕하세요","price":3000,"userId":2,"lid":1},{"id":2,"name":"구름r 세차장","rate":4.0,"tel":"010-2222-3333","des":"안녕하세요","price":3000,"userId":2,"lid":2},{"id":3,"name":"세차 월드","rate":4.2,"tel":"062-1234-5680","des":"세차의 세계","price":8500,"userId":2,"lid":3},{"id":4,"name":"에코 세차","rate":3.9,"tel":"062-1234-5681","des":"친환경적 세차장","price":9500,"userId":2,"lid":4},{"id":5,"name":"컴인워시 강남본점","rate":4.8,"tel":"02-1234-5678","des":"서울 제일의 세차장","price":12000,"userId":2,"lid":5},{"id":6,"name":"유후 세차장","rate":0.0,"tel":"01012345678","des":"테스트 설명","price":100,"userId":2,"lid":6},{"id":7,"name":"유후 세차장","rate":0.0,"tel":"01012345678","des":"테스트 설명","price":100,"userId":2,"lid":7},{"id":8,"name":"유후 세차장","rate":0.0,"tel":"01012345678","des":"테스트 설명","price":100,"userId":61,"lid":8},{"id":9,"name":"유후 세차장","rate":0.0,"tel":"01012345678","des":"테스트 설명","price":100,"userId":61,"lid":9},{"id":10,"name":"유후 세차장","rate":0.0,"tel":"01012345678","des":"테스트 설명","price":100,"userId":61,"lid":10}],"error":null}
2023-11-07 02:30:28.999  INFO 98385 --- [    Test worker] o.s.t.c.transaction.TransactionContext   : Rolled back transaction for test: [DefaultTestContext@7f6a0c29 testClass = CarwashRestControllerTest, testInstance = bdbe.bdbd.carwash.CarwashRestControllerTest@14fda568, testMethod = findAll_test@CarwashRestControllerTest, testException = [null], mergedContextConfiguration = [WebMergedContextConfiguration@1ccab629 testClass = CarwashRestControllerTest, locations = '{}', classes = '{class bdbe.bdbd.BdbdApplication}', contextInitializerClasses = '[]', activeProfiles = '{}', propertySourceLocations = '{}', propertySourceProperties = '{org.springframework.boot.test.context.SpringBootTestContextBootstrapper=true}', contextCustomizers = set[org.springframework.boot.test.autoconfigure.actuate.metrics.MetricsExportContextCustomizerFactory$DisableMetricExportContextCustomizer@78fb9a67, org.springframework.boot.test.autoconfigure.properties.PropertyMappingContextCustomizer@4b3fa0b3, org.springframework.boot.test.autoconfigure.web.servlet.WebDriverContextCustomizerFactory$Customizer@2692b61e, [ImportsContextCustomizer@210e7a5 key = [org.springframework.boot.test.autoconfigure.web.servlet.MockMvcAutoConfiguration, org.springframework.boot.test.autoconfigure.web.servlet.MockMvcWebClientAutoConfiguration, org.springframework.boot.test.autoconfigure.web.servlet.MockMvcWebDriverAutoConfiguration, org.springframework.boot.autoconfigure.security.oauth2.client.servlet.OAuth2ClientAutoConfiguration, org.springframework.boot.autoconfigure.security.oauth2.resource.servlet.OAuth2ResourceServerAutoConfiguration, org.springframework.boot.autoconfigure.security.servlet.SecurityAutoConfiguration, org.springframework.boot.autoconfigure.security.servlet.SecurityFilterAutoConfiguration, org.springframework.boot.autoconfigure.security.servlet.UserDetailsServiceAutoConfiguration, org.springframework.boot.test.autoconfigure.web.servlet.MockMvcSecurityConfiguration, org.springframework.boot.test.autoconfigure.web.reactive.WebTestClientAutoConfiguration]], org.springframework.boot.test.context.filter.ExcludeFilterContextCustomizer@47dbb1e2, org.springframework.boot.test.json.DuplicateJsonObjectContextCustomizerFactory$DuplicateJsonObjectContextCustomizer@6d24ffa1, org.springframework.boot.test.mock.mockito.MockitoContextCustomizer@0, org.springframework.boot.test.web.client.TestRestTemplateContextCustomizer@5ddabb18, org.springframework.boot.test.context.SpringBootTestArgs@1, org.springframework.boot.test.context.SpringBootTestWebEnvironment@7b993c65], resourceBasePath = 'src/main/webapp', contextLoader = 'org.springframework.boot.test.context.SpringBootContextLoader', parent = [null]], attributes = map['org.springframework.test.context.web.ServletTestExecutionListener.activateListener' -> true, 'org.springframework.test.context.web.ServletTestExecutionListener.populatedRequestContextHolder' -> true, 'org.springframework.test.context.web.ServletTestExecutionListener.resetRequestContextHolder' -> true, 'org.springframework.test.context.event.ApplicationEventsTestExecutionListener.recordApplicationEvents' -> false]]
]]></system-out>
  <system-err><![CDATA[]]></system-err>
</testsuite>
