<?xml version="1.0" encoding="UTF-8"?>
<testsuite name="bdbe.bdbd.file.FileRestControllerTest" tests="3" skipped="0" failures="0" errors="0" timestamp="2023-11-06T17:30:30" hostname="MacBook-Pro.local" time="0.173">
  <properties/>
  <testcase name="testUploadFileSuccess()" classname="bdbe.bdbd.file.FileRestControllerTest" time="0.088"/>
  <testcase name="testUploadFileSdkClientException()" classname="bdbe.bdbd.file.FileRestControllerTest" time="0.043"/>
  <testcase name="testUploadFileAmazonServiceException()" classname="bdbe.bdbd.file.FileRestControllerTest" time="0.042"/>
  <system-out><![CDATA[2023-11-07 02:30:29.001  INFO 98385 --- [    Test worker] .b.t.c.SpringBootTestContextBootstrapper : Neither @ContextConfiguration nor @ContextHierarchy found for test class [bdbe.bdbd.file.FileRestControllerTest], using SpringBootContextLoader
2023-11-07 02:30:29.002  INFO 98385 --- [    Test worker] o.s.t.c.support.AbstractContextLoader    : Could not detect default resource locations for test class [bdbe.bdbd.file.FileRestControllerTest]: no resource found for suffixes {-context.xml, Context.groovy}.
2023-11-07 02:30:29.002  INFO 98385 --- [    Test worker] t.c.s.AnnotationConfigContextLoaderUtils : Could not detect default configuration classes for test class [bdbe.bdbd.file.FileRestControllerTest]: FileRestControllerTest does not declare any static, non-private, non-final, nested classes annotated with @Configuration.
2023-11-07 02:30:29.006  INFO 98385 --- [    Test worker] .b.t.c.SpringBootTestContextBootstrapper : Found @SpringBootConfiguration bdbe.bdbd.BdbdApplication for test class bdbe.bdbd.file.FileRestControllerTest
2023-11-07 02:30:29.006  INFO 98385 --- [    Test worker] .b.t.c.SpringBootTestContextBootstrapper : Loaded default TestExecutionListener class names from location [META-INF/spring.factories]: [org.springframework.security.test.context.support.WithSecurityContextTestExecutionListener, org.springframework.security.test.context.support.ReactorContextTestExecutionListener, org.springframework.boot.test.autoconfigure.restdocs.RestDocsTestExecutionListener, org.springframework.boot.test.autoconfigure.web.client.MockRestServiceServerResetTestExecutionListener, org.springframework.boot.test.autoconfigure.web.servlet.MockMvcPrintOnlyOnFailureTestExecutionListener, org.springframework.boot.test.autoconfigure.web.servlet.WebDriverTestExecutionListener, org.springframework.boot.test.autoconfigure.webservices.client.MockWebServiceServerTestExecutionListener, org.springframework.boot.test.mock.mockito.MockitoTestExecutionListener, org.springframework.boot.test.mock.mockito.ResetMocksTestExecutionListener, org.springframework.test.context.web.ServletTestExecutionListener, org.springframework.test.context.support.DirtiesContextBeforeModesTestExecutionListener, org.springframework.test.context.event.ApplicationEventsTestExecutionListener, org.springframework.test.context.support.DependencyInjectionTestExecutionListener, org.springframework.test.context.support.DirtiesContextTestExecutionListener, org.springframework.test.context.transaction.TransactionalTestExecutionListener, org.springframework.test.context.jdbc.SqlScriptsTestExecutionListener, org.springframework.test.context.event.EventPublishingTestExecutionListener]
2023-11-07 02:30:29.007  INFO 98385 --- [    Test worker] .b.t.c.SpringBootTestContextBootstrapper : Using TestExecutionListeners: [org.springframework.test.context.web.ServletTestExecutionListener@4d0dc104, org.springframework.test.context.support.DirtiesContextBeforeModesTestExecutionListener@5f10ee00, org.springframework.test.context.event.ApplicationEventsTestExecutionListener@366a5b35, org.springframework.boot.test.mock.mockito.MockitoTestExecutionListener@76656a25, org.springframework.boot.test.autoconfigure.SpringBootDependencyInjectionTestExecutionListener@5543800c, org.springframework.test.context.support.DirtiesContextTestExecutionListener@dfb044a, org.springframework.test.context.transaction.TransactionalTestExecutionListener@692c5533, org.springframework.test.context.jdbc.SqlScriptsTestExecutionListener@34453e71, org.springframework.security.test.context.support.WithSecurityContextTestExecutionListener@7d4f8b15, org.springframework.test.context.event.EventPublishingTestExecutionListener@28c319a2, org.springframework.security.test.context.support.ReactorContextTestExecutionListener@23cd4444, org.springframework.boot.test.autoconfigure.restdocs.RestDocsTestExecutionListener@3ee640fa, org.springframework.boot.test.autoconfigure.web.client.MockRestServiceServerResetTestExecutionListener@3f706310, org.springframework.boot.test.autoconfigure.web.servlet.MockMvcPrintOnlyOnFailureTestExecutionListener@fce6355, org.springframework.boot.test.autoconfigure.web.servlet.WebDriverTestExecutionListener@4668f98c, org.springframework.boot.test.autoconfigure.webservices.client.MockWebServiceServerTestExecutionListener@4a05902b, org.springframework.boot.test.mock.mockito.ResetMocksTestExecutionListener@76d11298]

  .   ____          _            __ _ _
 /\\ / ___'_ __ _ _(_)_ __  __ _ \ \ \ \
( ( )\___ | '_ | '_| | '_ \/ _` | \ \ \ \
 \\/  ___)| |_)| | | | | || (_| |  ) ) ) )
  '  |____| .__|_| |_|_| |_\__, | / / / /
 =========|_|==============|___/=/_/_/_/
 :: Spring Boot ::                (v2.7.6)

2023-11-07 02:30:29.019  INFO 98385 --- [    Test worker] bdbe.bdbd.file.FileRestControllerTest    : Starting FileRestControllerTest using Java 11.0.17 on MacBook-Pro.local with PID 98385 (started by mae in /Users/mae/Desktop/KTC/Team10_BE)
2023-11-07 02:30:29.019 DEBUG 98385 --- [    Test worker] bdbe.bdbd.file.FileRestControllerTest    : Running with Spring Boot v2.7.6, Spring v5.3.24
2023-11-07 02:30:29.019  INFO 98385 --- [    Test worker] bdbe.bdbd.file.FileRestControllerTest    : The following 1 profile is active: "local"
2023-11-07 02:30:29.102  INFO 98385 --- [    Test worker] .s.d.r.c.RepositoryConfigurationDelegate : Bootstrapping Spring Data JPA repositories in DEFAULT mode.
2023-11-07 02:30:29.113  INFO 98385 --- [    Test worker] .s.d.r.c.RepositoryConfigurationDelegate : Finished Spring Data repository scanning in 11 ms. Found 11 JPA repository interfaces.
2023-11-07 02:30:29.170  INFO 98385 --- [    Test worker] trationDelegate$BeanPostProcessorChecker : Bean '(inner bean)#5d33426a' of type [com.amazonaws.auth.BasicAWSCredentials] is not eligible for getting processed by all BeanPostProcessors (for example: not eligible for auto-proxying)
2023-11-07 02:30:29.170  INFO 98385 --- [    Test worker] trationDelegate$BeanPostProcessorChecker : Bean '(inner bean)#46569cab' of type [com.amazonaws.auth.AWSStaticCredentialsProvider] is not eligible for getting processed by all BeanPostProcessors (for example: not eligible for auto-proxying)
2023-11-07 02:30:29.171  INFO 98385 --- [    Test worker] trationDelegate$BeanPostProcessorChecker : Bean '(inner bean)#11088420' of type [com.amazonaws.auth.profile.ProfileCredentialsProvider] is not eligible for getting processed by all BeanPostProcessors (for example: not eligible for auto-proxying)
2023-11-07 02:30:29.173  INFO 98385 --- [    Test worker] trationDelegate$BeanPostProcessorChecker : Bean 'credentialsProvider' of type [org.springframework.cloud.aws.core.credentials.CredentialsProviderFactoryBean] is not eligible for getting processed by all BeanPostProcessors (for example: not eligible for auto-proxying)
2023-11-07 02:30:29.173  INFO 98385 --- [    Test worker] trationDelegate$BeanPostProcessorChecker : Bean 'credentialsProvider' of type [com.amazonaws.auth.AWSCredentialsProviderChain] is not eligible for getting processed by all BeanPostProcessors (for example: not eligible for auto-proxying)
2023-11-07 02:30:29.215  INFO 98385 --- [    Test worker] o.hibernate.jpa.internal.util.LogHelper  : HHH000204: Processing PersistenceUnitInfo [name: default]
2023-11-07 02:30:29.216 DEBUG 98385 --- [    Test worker] org.hibernate.type.BasicTypeRegistry     : Adding type registration boolean -> org.hibernate.type.BooleanType@126a9a3d
2023-11-07 02:30:29.216 DEBUG 98385 --- [    Test worker] org.hibernate.type.BasicTypeRegistry     : Adding type registration boolean -> org.hibernate.type.BooleanType@126a9a3d
2023-11-07 02:30:29.216 DEBUG 98385 --- [    Test worker] org.hibernate.type.BasicTypeRegistry     : Adding type registration java.lang.Boolean -> org.hibernate.type.BooleanType@126a9a3d
2023-11-07 02:30:29.216 DEBUG 98385 --- [    Test worker] org.hibernate.type.BasicTypeRegistry     : Adding type registration numeric_boolean -> org.hibernate.type.NumericBooleanType@51a719e7
2023-11-07 02:30:29.216 DEBUG 98385 --- [    Test worker] org.hibernate.type.BasicTypeRegistry     : Adding type registration true_false -> org.hibernate.type.TrueFalseType@38fb151a
2023-11-07 02:30:29.216 DEBUG 98385 --- [    Test worker] org.hibernate.type.BasicTypeRegistry     : Adding type registration yes_no -> org.hibernate.type.YesNoType@789dd6bf
2023-11-07 02:30:29.216 DEBUG 98385 --- [    Test worker] org.hibernate.type.BasicTypeRegistry     : Adding type registration byte -> org.hibernate.type.ByteType@24fc2c80
2023-11-07 02:30:29.216 DEBUG 98385 --- [    Test worker] org.hibernate.type.BasicTypeRegistry     : Adding type registration byte -> org.hibernate.type.ByteType@24fc2c80
2023-11-07 02:30:29.216 DEBUG 98385 --- [    Test worker] org.hibernate.type.BasicTypeRegistry     : Adding type registration java.lang.Byte -> org.hibernate.type.ByteType@24fc2c80
2023-11-07 02:30:29.216 DEBUG 98385 --- [    Test worker] org.hibernate.type.BasicTypeRegistry     : Adding type registration character -> org.hibernate.type.CharacterType@95cecc5
2023-11-07 02:30:29.216 DEBUG 98385 --- [    Test worker] org.hibernate.type.BasicTypeRegistry     : Adding type registration char -> org.hibernate.type.CharacterType@95cecc5
2023-11-07 02:30:29.216 DEBUG 98385 --- [    Test worker] org.hibernate.type.BasicTypeRegistry     : Adding type registration java.lang.Character -> org.hibernate.type.CharacterType@95cecc5
2023-11-07 02:30:29.216 DEBUG 98385 --- [    Test worker] org.hibernate.type.BasicTypeRegistry     : Adding type registration short -> org.hibernate.type.ShortType@671da0f9
2023-11-07 02:30:29.216 DEBUG 98385 --- [    Test worker] org.hibernate.type.BasicTypeRegistry     : Adding type registration short -> org.hibernate.type.ShortType@671da0f9
2023-11-07 02:30:29.216 DEBUG 98385 --- [    Test worker] org.hibernate.type.BasicTypeRegistry     : Adding type registration java.lang.Short -> org.hibernate.type.ShortType@671da0f9
2023-11-07 02:30:29.216 DEBUG 98385 --- [    Test worker] org.hibernate.type.BasicTypeRegistry     : Adding type registration integer -> org.hibernate.type.IntegerType@7b598d05
2023-11-07 02:30:29.216 DEBUG 98385 --- [    Test worker] org.hibernate.type.BasicTypeRegistry     : Adding type registration int -> org.hibernate.type.IntegerType@7b598d05
2023-11-07 02:30:29.216 DEBUG 98385 --- [    Test worker] org.hibernate.type.BasicTypeRegistry     : Adding type registration java.lang.Integer -> org.hibernate.type.IntegerType@7b598d05
2023-11-07 02:30:29.216 DEBUG 98385 --- [    Test worker] org.hibernate.type.BasicTypeRegistry     : Adding type registration long -> org.hibernate.type.LongType@5be7b749
2023-11-07 02:30:29.216 DEBUG 98385 --- [    Test worker] org.hibernate.type.BasicTypeRegistry     : Adding type registration long -> org.hibernate.type.LongType@5be7b749
2023-11-07 02:30:29.216 DEBUG 98385 --- [    Test worker] org.hibernate.type.BasicTypeRegistry     : Adding type registration java.lang.Long -> org.hibernate.type.LongType@5be7b749
2023-11-07 02:30:29.216 DEBUG 98385 --- [    Test worker] org.hibernate.type.BasicTypeRegistry     : Adding type registration float -> org.hibernate.type.FloatType@126675fd
2023-11-07 02:30:29.216 DEBUG 98385 --- [    Test worker] org.hibernate.type.BasicTypeRegistry     : Adding type registration float -> org.hibernate.type.FloatType@126675fd
2023-11-07 02:30:29.217 DEBUG 98385 --- [    Test worker] org.hibernate.type.BasicTypeRegistry     : Adding type registration java.lang.Float -> org.hibernate.type.FloatType@126675fd
2023-11-07 02:30:29.217 DEBUG 98385 --- [    Test worker] org.hibernate.type.BasicTypeRegistry     : Adding type registration double -> org.hibernate.type.DoubleType@615bad16
2023-11-07 02:30:29.217 DEBUG 98385 --- [    Test worker] org.hibernate.type.BasicTypeRegistry     : Adding type registration double -> org.hibernate.type.DoubleType@615bad16
2023-11-07 02:30:29.217 DEBUG 98385 --- [    Test worker] org.hibernate.type.BasicTypeRegistry     : Adding type registration java.lang.Double -> org.hibernate.type.DoubleType@615bad16
2023-11-07 02:30:29.217 DEBUG 98385 --- [    Test worker] org.hibernate.type.BasicTypeRegistry     : Adding type registration big_decimal -> org.hibernate.type.BigDecimalType@377e573a
2023-11-07 02:30:29.217 DEBUG 98385 --- [    Test worker] org.hibernate.type.BasicTypeRegistry     : Adding type registration java.math.BigDecimal -> org.hibernate.type.BigDecimalType@377e573a
2023-11-07 02:30:29.217 DEBUG 98385 --- [    Test worker] org.hibernate.type.BasicTypeRegistry     : Adding type registration big_integer -> org.hibernate.type.BigIntegerType@7d626f2
2023-11-07 02:30:29.217 DEBUG 98385 --- [    Test worker] org.hibernate.type.BasicTypeRegistry     : Adding type registration java.math.BigInteger -> org.hibernate.type.BigIntegerType@7d626f2
2023-11-07 02:30:29.217 DEBUG 98385 --- [    Test worker] org.hibernate.type.BasicTypeRegistry     : Adding type registration string -> org.hibernate.type.StringType@7da77305
2023-11-07 02:30:29.217 DEBUG 98385 --- [    Test worker] org.hibernate.type.BasicTypeRegistry     : Adding type registration java.lang.String -> org.hibernate.type.StringType@7da77305
2023-11-07 02:30:29.217 DEBUG 98385 --- [    Test worker] org.hibernate.type.BasicTypeRegistry     : Adding type registration nstring -> org.hibernate.type.StringNVarcharType@581918f6
2023-11-07 02:30:29.217 DEBUG 98385 --- [    Test worker] org.hibernate.type.BasicTypeRegistry     : Adding type registration ncharacter -> org.hibernate.type.CharacterNCharType@c67395
2023-11-07 02:30:29.217 DEBUG 98385 --- [    Test worker] org.hibernate.type.BasicTypeRegistry     : Adding type registration url -> org.hibernate.type.UrlType@46894dc5
2023-11-07 02:30:29.217 DEBUG 98385 --- [    Test worker] org.hibernate.type.BasicTypeRegistry     : Adding type registration java.net.URL -> org.hibernate.type.UrlType@46894dc5
2023-11-07 02:30:29.217 DEBUG 98385 --- [    Test worker] org.hibernate.type.BasicTypeRegistry     : Adding type registration Duration -> org.hibernate.type.DurationType@3e39f08c
2023-11-07 02:30:29.217 DEBUG 98385 --- [    Test worker] org.hibernate.type.BasicTypeRegistry     : Adding type registration java.time.Duration -> org.hibernate.type.DurationType@3e39f08c
2023-11-07 02:30:29.217 DEBUG 98385 --- [    Test worker] org.hibernate.type.BasicTypeRegistry     : Adding type registration Instant -> org.hibernate.type.InstantType@4571cebe
2023-11-07 02:30:29.217 DEBUG 98385 --- [    Test worker] org.hibernate.type.BasicTypeRegistry     : Adding type registration java.time.Instant -> org.hibernate.type.InstantType@4571cebe
2023-11-07 02:30:29.217 DEBUG 98385 --- [    Test worker] org.hibernate.type.BasicTypeRegistry     : Adding type registration LocalDateTime -> org.hibernate.type.LocalDateTimeType@c82d925
2023-11-07 02:30:29.217 DEBUG 98385 --- [    Test worker] org.hibernate.type.BasicTypeRegistry     : Adding type registration java.time.LocalDateTime -> org.hibernate.type.LocalDateTimeType@c82d925
2023-11-07 02:30:29.217 DEBUG 98385 --- [    Test worker] org.hibernate.type.BasicTypeRegistry     : Adding type registration LocalDate -> org.hibernate.type.LocalDateType@64420e34
2023-11-07 02:30:29.217 DEBUG 98385 --- [    Test worker] org.hibernate.type.BasicTypeRegistry     : Adding type registration java.time.LocalDate -> org.hibernate.type.LocalDateType@64420e34
2023-11-07 02:30:29.217 DEBUG 98385 --- [    Test worker] org.hibernate.type.BasicTypeRegistry     : Adding type registration LocalTime -> org.hibernate.type.LocalTimeType@43fd77d8
2023-11-07 02:30:29.217 DEBUG 98385 --- [    Test worker] org.hibernate.type.BasicTypeRegistry     : Adding type registration java.time.LocalTime -> org.hibernate.type.LocalTimeType@43fd77d8
2023-11-07 02:30:29.217 DEBUG 98385 --- [    Test worker] org.hibernate.type.BasicTypeRegistry     : Adding type registration OffsetDateTime -> org.hibernate.type.OffsetDateTimeType@10166230
2023-11-07 02:30:29.217 DEBUG 98385 --- [    Test worker] org.hibernate.type.BasicTypeRegistry     : Adding type registration java.time.OffsetDateTime -> org.hibernate.type.OffsetDateTimeType@10166230
2023-11-07 02:30:29.217 DEBUG 98385 --- [    Test worker] org.hibernate.type.BasicTypeRegistry     : Adding type registration OffsetTime -> org.hibernate.type.OffsetTimeType@5d96d434
2023-11-07 02:30:29.217 DEBUG 98385 --- [    Test worker] org.hibernate.type.BasicTypeRegistry     : Adding type registration java.time.OffsetTime -> org.hibernate.type.OffsetTimeType@5d96d434
2023-11-07 02:30:29.217 DEBUG 98385 --- [    Test worker] org.hibernate.type.BasicTypeRegistry     : Adding type registration ZonedDateTime -> org.hibernate.type.ZonedDateTimeType@144e36ae
2023-11-07 02:30:29.217 DEBUG 98385 --- [    Test worker] org.hibernate.type.BasicTypeRegistry     : Adding type registration java.time.ZonedDateTime -> org.hibernate.type.ZonedDateTimeType@144e36ae
2023-11-07 02:30:29.217 DEBUG 98385 --- [    Test worker] org.hibernate.type.BasicTypeRegistry     : Adding type registration date -> org.hibernate.type.DateType@e7b0bec
2023-11-07 02:30:29.217 DEBUG 98385 --- [    Test worker] org.hibernate.type.BasicTypeRegistry     : Adding type registration java.sql.Date -> org.hibernate.type.DateType@e7b0bec
2023-11-07 02:30:29.217 DEBUG 98385 --- [    Test worker] org.hibernate.type.BasicTypeRegistry     : Adding type registration time -> org.hibernate.type.TimeType@280d5a82
2023-11-07 02:30:29.217 DEBUG 98385 --- [    Test worker] org.hibernate.type.BasicTypeRegistry     : Adding type registration java.sql.Time -> org.hibernate.type.TimeType@280d5a82
2023-11-07 02:30:29.217 DEBUG 98385 --- [    Test worker] org.hibernate.type.BasicTypeRegistry     : Adding type registration timestamp -> org.hibernate.type.TimestampType@2e159116
2023-11-07 02:30:29.217 DEBUG 98385 --- [    Test worker] org.hibernate.type.BasicTypeRegistry     : Adding type registration java.sql.Timestamp -> org.hibernate.type.TimestampType@2e159116
2023-11-07 02:30:29.217 DEBUG 98385 --- [    Test worker] org.hibernate.type.BasicTypeRegistry     : Adding type registration java.util.Date -> org.hibernate.type.TimestampType@2e159116
2023-11-07 02:30:29.217 DEBUG 98385 --- [    Test worker] org.hibernate.type.BasicTypeRegistry     : Adding type registration dbtimestamp -> org.hibernate.type.DbTimestampType@6996bbc4
2023-11-07 02:30:29.217 DEBUG 98385 --- [    Test worker] org.hibernate.type.BasicTypeRegistry     : Adding type registration calendar -> org.hibernate.type.CalendarType@43b6cb1c
2023-11-07 02:30:29.217 DEBUG 98385 --- [    Test worker] org.hibernate.type.BasicTypeRegistry     : Adding type registration java.util.Calendar -> org.hibernate.type.CalendarType@43b6cb1c
2023-11-07 02:30:29.217 DEBUG 98385 --- [    Test worker] org.hibernate.type.BasicTypeRegistry     : Adding type registration java.util.GregorianCalendar -> org.hibernate.type.CalendarType@43b6cb1c
2023-11-07 02:30:29.217 DEBUG 98385 --- [    Test worker] org.hibernate.type.BasicTypeRegistry     : Adding type registration calendar_date -> org.hibernate.type.CalendarDateType@7e38e254
2023-11-07 02:30:29.217 DEBUG 98385 --- [    Test worker] org.hibernate.type.BasicTypeRegistry     : Adding type registration calendar_time -> org.hibernate.type.CalendarTimeType@36c783ca
2023-11-07 02:30:29.217 DEBUG 98385 --- [    Test worker] org.hibernate.type.BasicTypeRegistry     : Adding type registration locale -> org.hibernate.type.LocaleType@3b7b0b57
2023-11-07 02:30:29.217 DEBUG 98385 --- [    Test worker] org.hibernate.type.BasicTypeRegistry     : Adding type registration java.util.Locale -> org.hibernate.type.LocaleType@3b7b0b57
2023-11-07 02:30:29.217 DEBUG 98385 --- [    Test worker] org.hibernate.type.BasicTypeRegistry     : Adding type registration currency -> org.hibernate.type.CurrencyType@3451fc88
2023-11-07 02:30:29.217 DEBUG 98385 --- [    Test worker] org.hibernate.type.BasicTypeRegistry     : Adding type registration java.util.Currency -> org.hibernate.type.CurrencyType@3451fc88
2023-11-07 02:30:29.217 DEBUG 98385 --- [    Test worker] org.hibernate.type.BasicTypeRegistry     : Adding type registration timezone -> org.hibernate.type.TimeZoneType@7b79ff1c
2023-11-07 02:30:29.218 DEBUG 98385 --- [    Test worker] org.hibernate.type.BasicTypeRegistry     : Adding type registration java.util.TimeZone -> org.hibernate.type.TimeZoneType@7b79ff1c
2023-11-07 02:30:29.218 DEBUG 98385 --- [    Test worker] org.hibernate.type.BasicTypeRegistry     : Adding type registration class -> org.hibernate.type.ClassType@39a8e2fa
2023-11-07 02:30:29.218 DEBUG 98385 --- [    Test worker] org.hibernate.type.BasicTypeRegistry     : Adding type registration java.lang.Class -> org.hibernate.type.ClassType@39a8e2fa
2023-11-07 02:30:29.218 DEBUG 98385 --- [    Test worker] org.hibernate.type.BasicTypeRegistry     : Adding type registration uuid-binary -> org.hibernate.type.UUIDBinaryType@14dbfdb1
2023-11-07 02:30:29.218 DEBUG 98385 --- [    Test worker] org.hibernate.type.BasicTypeRegistry     : Adding type registration java.util.UUID -> org.hibernate.type.UUIDBinaryType@14dbfdb1
2023-11-07 02:30:29.218 DEBUG 98385 --- [    Test worker] org.hibernate.type.BasicTypeRegistry     : Adding type registration uuid-char -> org.hibernate.type.UUIDCharType@67f591c2
2023-11-07 02:30:29.218 DEBUG 98385 --- [    Test worker] org.hibernate.type.BasicTypeRegistry     : Adding type registration binary -> org.hibernate.type.BinaryType@4c50cd7d
2023-11-07 02:30:29.218 DEBUG 98385 --- [    Test worker] org.hibernate.type.BasicTypeRegistry     : Adding type registration byte[] -> org.hibernate.type.BinaryType@4c50cd7d
2023-11-07 02:30:29.218 DEBUG 98385 --- [    Test worker] org.hibernate.type.BasicTypeRegistry     : Adding type registration [B -> org.hibernate.type.BinaryType@4c50cd7d
2023-11-07 02:30:29.218 DEBUG 98385 --- [    Test worker] org.hibernate.type.BasicTypeRegistry     : Adding type registration wrapper-binary -> org.hibernate.type.WrapperBinaryType@7c956dda
2023-11-07 02:30:29.218 DEBUG 98385 --- [    Test worker] org.hibernate.type.BasicTypeRegistry     : Adding type registration Byte[] -> org.hibernate.type.WrapperBinaryType@7c956dda
2023-11-07 02:30:29.218 DEBUG 98385 --- [    Test worker] org.hibernate.type.BasicTypeRegistry     : Adding type registration [Ljava.lang.Byte; -> org.hibernate.type.WrapperBinaryType@7c956dda
2023-11-07 02:30:29.218 DEBUG 98385 --- [    Test worker] org.hibernate.type.BasicTypeRegistry     : Adding type registration row_version -> org.hibernate.type.RowVersionType@6de610c6
2023-11-07 02:30:29.218 DEBUG 98385 --- [    Test worker] org.hibernate.type.BasicTypeRegistry     : Adding type registration image -> org.hibernate.type.ImageType@60ae7cf2
2023-11-07 02:30:29.218 DEBUG 98385 --- [    Test worker] org.hibernate.type.BasicTypeRegistry     : Adding type registration characters -> org.hibernate.type.CharArrayType@1c011855
2023-11-07 02:30:29.218 DEBUG 98385 --- [    Test worker] org.hibernate.type.BasicTypeRegistry     : Adding type registration char[] -> org.hibernate.type.CharArrayType@1c011855
2023-11-07 02:30:29.218 DEBUG 98385 --- [    Test worker] org.hibernate.type.BasicTypeRegistry     : Adding type registration [C -> org.hibernate.type.CharArrayType@1c011855
2023-11-07 02:30:29.218 DEBUG 98385 --- [    Test worker] org.hibernate.type.BasicTypeRegistry     : Adding type registration wrapper-characters -> org.hibernate.type.CharacterArrayType@56478522
2023-11-07 02:30:29.218 DEBUG 98385 --- [    Test worker] org.hibernate.type.BasicTypeRegistry     : Adding type registration [Ljava.lang.Character; -> org.hibernate.type.CharacterArrayType@56478522
2023-11-07 02:30:29.218 DEBUG 98385 --- [    Test worker] org.hibernate.type.BasicTypeRegistry     : Adding type registration Character[] -> org.hibernate.type.CharacterArrayType@56478522
2023-11-07 02:30:29.218 DEBUG 98385 --- [    Test worker] org.hibernate.type.BasicTypeRegistry     : Adding type registration text -> org.hibernate.type.TextType@5dd747c1
2023-11-07 02:30:29.218 DEBUG 98385 --- [    Test worker] org.hibernate.type.BasicTypeRegistry     : Adding type registration ntext -> org.hibernate.type.NTextType@37806be6
2023-11-07 02:30:29.218 DEBUG 98385 --- [    Test worker] org.hibernate.type.BasicTypeRegistry     : Adding type registration blob -> org.hibernate.type.BlobType@3c71cf3e
2023-11-07 02:30:29.218 DEBUG 98385 --- [    Test worker] org.hibernate.type.BasicTypeRegistry     : Adding type registration java.sql.Blob -> org.hibernate.type.BlobType@3c71cf3e
2023-11-07 02:30:29.218 DEBUG 98385 --- [    Test worker] org.hibernate.type.BasicTypeRegistry     : Adding type registration materialized_blob -> org.hibernate.type.MaterializedBlobType@4ca0b9b1
2023-11-07 02:30:29.218 DEBUG 98385 --- [    Test worker] org.hibernate.type.BasicTypeRegistry     : Adding type registration clob -> org.hibernate.type.ClobType@69ba72da
2023-11-07 02:30:29.218 DEBUG 98385 --- [    Test worker] org.hibernate.type.BasicTypeRegistry     : Adding type registration java.sql.Clob -> org.hibernate.type.ClobType@69ba72da
2023-11-07 02:30:29.218 DEBUG 98385 --- [    Test worker] org.hibernate.type.BasicTypeRegistry     : Adding type registration nclob -> org.hibernate.type.NClobType@3568ea59
2023-11-07 02:30:29.218 DEBUG 98385 --- [    Test worker] org.hibernate.type.BasicTypeRegistry     : Adding type registration java.sql.NClob -> org.hibernate.type.NClobType@3568ea59
2023-11-07 02:30:29.218 DEBUG 98385 --- [    Test worker] org.hibernate.type.BasicTypeRegistry     : Adding type registration materialized_clob -> org.hibernate.type.MaterializedClobType@389a1e34
2023-11-07 02:30:29.218 DEBUG 98385 --- [    Test worker] org.hibernate.type.BasicTypeRegistry     : Adding type registration materialized_nclob -> org.hibernate.type.MaterializedNClobType@5d9bb69b
2023-11-07 02:30:29.218 DEBUG 98385 --- [    Test worker] org.hibernate.type.BasicTypeRegistry     : Adding type registration serializable -> org.hibernate.type.SerializableType@3fe8ad3f
2023-11-07 02:30:29.218 DEBUG 98385 --- [    Test worker] org.hibernate.type.BasicTypeRegistry     : Adding type registration object -> org.hibernate.type.ObjectType@40538370
2023-11-07 02:30:29.218 DEBUG 98385 --- [    Test worker] org.hibernate.type.BasicTypeRegistry     : Adding type registration java.lang.Object -> org.hibernate.type.ObjectType@40538370
2023-11-07 02:30:29.218 DEBUG 98385 --- [    Test worker] org.hibernate.type.BasicTypeRegistry     : Adding type registration imm_date -> org.hibernate.type.AdaptedImmutableType@aebd00f
2023-11-07 02:30:29.218 DEBUG 98385 --- [    Test worker] org.hibernate.type.BasicTypeRegistry     : Adding type registration imm_time -> org.hibernate.type.AdaptedImmutableType@4893b980
2023-11-07 02:30:29.218 DEBUG 98385 --- [    Test worker] org.hibernate.type.BasicTypeRegistry     : Adding type registration imm_timestamp -> org.hibernate.type.AdaptedImmutableType@34a5dc29
2023-11-07 02:30:29.218 DEBUG 98385 --- [    Test worker] org.hibernate.type.BasicTypeRegistry     : Adding type registration imm_dbtimestamp -> org.hibernate.type.AdaptedImmutableType@3a7243e1
2023-11-07 02:30:29.218 DEBUG 98385 --- [    Test worker] org.hibernate.type.BasicTypeRegistry     : Adding type registration imm_calendar -> org.hibernate.type.AdaptedImmutableType@6ecd9708
2023-11-07 02:30:29.218 DEBUG 98385 --- [    Test worker] org.hibernate.type.BasicTypeRegistry     : Adding type registration imm_calendar_date -> org.hibernate.type.AdaptedImmutableType@3b477ce8
2023-11-07 02:30:29.218 DEBUG 98385 --- [    Test worker] org.hibernate.type.BasicTypeRegistry     : Adding type registration imm_binary -> org.hibernate.type.AdaptedImmutableType@2119bb3d
2023-11-07 02:30:29.218 DEBUG 98385 --- [    Test worker] org.hibernate.type.BasicTypeRegistry     : Adding type registration imm_serializable -> org.hibernate.type.AdaptedImmutableType@95c89b4
2023-11-07 02:30:29.219  INFO 98385 --- [    Test worker] com.zaxxer.hikari.HikariDataSource       : HikariPool-3 - Starting...
2023-11-07 02:30:29.382  INFO 98385 --- [    Test worker] com.zaxxer.hikari.HikariDataSource       : HikariPool-3 - Start completed.
2023-11-07 02:30:29.382  INFO 98385 --- [    Test worker] org.hibernate.dialect.Dialect            : HHH000400: Using dialect: org.hibernate.dialect.MySQL8Dialect
2023-11-07 02:30:29.383 DEBUG 98385 --- [    Test worker] o.h.type.spi.TypeConfiguration$Scope     : Scoping TypeConfiguration [org.hibernate.type.spi.TypeConfiguration@58f0d3b6] to MetadataBuildingContext [org.hibernate.boot.internal.MetadataBuildingContextRootImpl@e124366]
2023-11-07 02:30:29.393 DEBUG 98385 --- [    Test worker] o.h.t.d.j.s.JavaTypeDescriptorRegistry   : Could not find matching scoped JavaTypeDescriptor for requested Java class [bdbe.bdbd._core.errors.utils.KeywordTypeConverter]; falling back to static registry
2023-11-07 02:30:29.393 DEBUG 98385 --- [    Test worker] o.h.t.d.j.s.JavaTypeDescriptorRegistry   : Could not find matching scoped JavaTypeDescriptor for requested Java class [java.lang.Integer]; falling back to static registry
2023-11-07 02:30:29.393 DEBUG 98385 --- [    Test worker] o.h.t.d.c.AttributeConverterTypeAdapter  : Created AttributeConverterTypeAdapter -> converted::bdbe.bdbd._core.errors.utils.KeywordTypeConverter
2023-11-07 02:30:29.406 DEBUG 98385 --- [    Test worker] org.hibernate.type.EnumType              : Using NAMED-based conversion for Enum bdbe.bdbd.optime.DayType
2023-11-07 02:30:29.406 DEBUG 98385 --- [    Test worker] org.hibernate.type.EnumType              : Using NAMED-based conversion for Enum bdbe.bdbd.member.MemberRole
2023-11-07 02:30:29.406 DEBUG 98385 --- [    Test worker] o.h.type.spi.TypeConfiguration$Scope     : Scoping TypeConfiguration [org.hibernate.type.spi.TypeConfiguration@58f0d3b6] to SessionFactoryImpl [org.hibernate.internal.SessionFactoryImpl@4d2eb4c6]
2023-11-07 02:30:30.078  INFO 98385 --- [    Test worker] o.h.e.t.j.p.i.JtaPlatformInitiator       : HHH000490: Using JtaPlatform implementation: [org.hibernate.engine.transaction.jta.platform.internal.NoJtaPlatform]
2023-11-07 02:30:30.079 TRACE 98385 --- [    Test worker] o.h.type.spi.TypeConfiguration$Scope     : Handling #sessionFactoryCreated from [org.hibernate.internal.SessionFactoryImpl@4d2eb4c6] for TypeConfiguration
2023-11-07 02:30:30.079  INFO 98385 --- [    Test worker] j.LocalContainerEntityManagerFactoryBean : Initialized JPA EntityManagerFactory for persistence unit 'default'
2023-11-07 02:30:30.217  INFO 98385 --- [    Test worker] bdbe.bdbd.file.S3ProxyUploadService      : accessKey:AKIA4FE625NS7OTMNH57
2023-11-07 02:30:30.258  INFO 98385 --- [    Test worker] bdbe.bdbd._core.errors.config.AWSConfig  : Initializing AmazonS3 client for not 'prod' profile.
2023-11-07 02:30:30.296  INFO 98385 --- [    Test worker] o.s.s.web.DefaultSecurityFilterChain     : Will secure any request with [org.springframework.security.web.session.DisableEncodeUrlFilter@3b1870b6, org.springframework.security.web.context.request.async.WebAsyncManagerIntegrationFilter@7225f0fe, org.springframework.security.web.context.SecurityContextPersistenceFilter@32a7f41b, org.springframework.security.web.header.HeaderWriterFilter@5679e277, org.springframework.web.filter.CorsFilter@4e85c657, org.springframework.security.web.authentication.logout.LogoutFilter@2968ff7a, bdbe.bdbd._core.errors.security.JwtAuthenticationFilter@c98017f, org.springframework.security.web.savedrequest.RequestCacheAwareFilter@87852fb, org.springframework.security.web.servletapi.SecurityContextHolderAwareRequestFilter@118b73d9, org.springframework.security.web.authentication.AnonymousAuthenticationFilter@747d4d9a, org.springframework.security.web.session.SessionManagementFilter@23b2ddc4, org.springframework.security.web.access.ExceptionTranslationFilter@680a5de1, org.springframework.security.web.access.intercept.FilterSecurityInterceptor@60144979]
2023-11-07 02:30:30.497  INFO 98385 --- [    Test worker] o.s.b.t.m.w.SpringBootMockServletContext : Initializing Spring TestDispatcherServlet ''
2023-11-07 02:30:30.497  INFO 98385 --- [    Test worker] o.s.t.web.servlet.TestDispatcherServlet  : Initializing Servlet ''
2023-11-07 02:30:30.497  INFO 98385 --- [    Test worker] o.s.t.web.servlet.TestDispatcherServlet  : Completed initialization in 0 ms
2023-11-07 02:30:30.507  INFO 98385 --- [    Test worker] bdbe.bdbd.file.FileRestControllerTest    : Started FileRestControllerTest in 1.5 seconds (JVM running for 17.1)
2023-11-07 02:30:30.525  INFO 98385 --- [    Test worker] o.s.t.c.transaction.TransactionContext   : Began transaction (1) for test context [DefaultTestContext@55dbd0f7 testClass = FileRestControllerTest, testInstance = bdbe.bdbd.file.FileRestControllerTest@18b362c2, testMethod = testUploadFileSuccess@FileRestControllerTest, testException = [null], mergedContextConfiguration = [WebMergedContextConfiguration@727210eb testClass = FileRestControllerTest, locations = '{}', classes = '{class bdbe.bdbd.BdbdApplication}', contextInitializerClasses = '[]', activeProfiles = '{}', propertySourceLocations = '{}', propertySourceProperties = '{org.springframework.boot.test.context.SpringBootTestContextBootstrapper=true}', contextCustomizers = set[org.springframework.boot.test.autoconfigure.actuate.metrics.MetricsExportContextCustomizerFactory$DisableMetricExportContextCustomizer@78fb9a67, org.springframework.boot.test.autoconfigure.properties.PropertyMappingContextCustomizer@4b3fa0b3, org.springframework.boot.test.autoconfigure.web.servlet.WebDriverContextCustomizerFactory$Customizer@2692b61e, [ImportsContextCustomizer@48c2391 key = [org.springframework.boot.test.autoconfigure.web.servlet.MockMvcAutoConfiguration, org.springframework.boot.test.autoconfigure.web.servlet.MockMvcWebClientAutoConfiguration, org.springframework.boot.test.autoconfigure.web.servlet.MockMvcWebDriverAutoConfiguration, org.springframework.boot.autoconfigure.security.oauth2.client.servlet.OAuth2ClientAutoConfiguration, org.springframework.boot.autoconfigure.security.oauth2.resource.servlet.OAuth2ResourceServerAutoConfiguration, org.springframework.boot.autoconfigure.security.servlet.SecurityAutoConfiguration, org.springframework.boot.autoconfigure.security.servlet.SecurityFilterAutoConfiguration, org.springframework.boot.autoconfigure.security.servlet.UserDetailsServiceAutoConfiguration, org.springframework.boot.test.autoconfigure.web.servlet.MockMvcSecurityConfiguration, org.springframework.boot.test.autoconfigure.web.reactive.WebTestClientAutoConfiguration]], org.springframework.boot.test.context.filter.ExcludeFilterContextCustomizer@47dbb1e2, org.springframework.boot.test.json.DuplicateJsonObjectContextCustomizerFactory$DuplicateJsonObjectContextCustomizer@6d24ffa1, org.springframework.boot.test.mock.mockito.MockitoContextCustomizer@f63d8cfc, org.springframework.boot.test.web.client.TestRestTemplateContextCustomizer@5ddabb18, org.springframework.boot.test.context.SpringBootTestArgs@1, org.springframework.boot.test.context.SpringBootTestWebEnvironment@7b993c65], resourceBasePath = 'src/main/webapp', contextLoader = 'org.springframework.boot.test.context.SpringBootContextLoader', parent = [null]], attributes = map['org.springframework.test.context.web.ServletTestExecutionListener.activateListener' -> true, 'org.springframework.test.context.web.ServletTestExecutionListener.populatedRequestContextHolder' -> true, 'org.springframework.test.context.web.ServletTestExecutionListener.resetRequestContextHolder' -> true, 'org.springframework.test.context.event.ApplicationEventsTestExecutionListener.recordApplicationEvents' -> false]]; transaction manager [org.springframework.orm.jpa.JpaTransactionManager@4f1545bd]; rollback [true]
Hibernate: 
    select
        carwash0_.id as id1_1_,
        carwash0_.des as des2_1_,
        carwash0_.l_id as l_id7_1_,
        carwash0_.m_id as m_id8_1_,
        carwash0_.name as name3_1_,
        carwash0_.price as price4_1_,
        carwash0_.rate as rate5_1_,
        carwash0_.tel as tel6_1_ 
    from
        carwash carwash0_ limit ?
2023-11-07 02:30:30.538 TRACE 98385 --- [    Test worker] o.h.type.descriptor.sql.BasicExtractor   : extracted value ([id1_1_] : [BIGINT]) - [1]
2023-11-07 02:30:30.538 TRACE 98385 --- [    Test worker] o.h.type.descriptor.sql.BasicExtractor   : extracted value ([des2_1_] : [VARCHAR]) - [안녕하세요]
2023-11-07 02:30:30.538 TRACE 98385 --- [    Test worker] o.h.type.descriptor.sql.BasicExtractor   : extracted value ([l_id7_1_] : [BIGINT]) - [1]
2023-11-07 02:30:30.538 TRACE 98385 --- [    Test worker] o.h.type.descriptor.sql.BasicExtractor   : extracted value ([m_id8_1_] : [BIGINT]) - [2]
2023-11-07 02:30:30.538 TRACE 98385 --- [    Test worker] o.h.type.descriptor.sql.BasicExtractor   : extracted value ([name3_1_] : [VARCHAR]) - [구름r 세차장]
2023-11-07 02:30:30.538 TRACE 98385 --- [    Test worker] o.h.type.descriptor.sql.BasicExtractor   : extracted value ([price4_1_] : [INTEGER]) - [3000]
2023-11-07 02:30:30.538 TRACE 98385 --- [    Test worker] o.h.type.descriptor.sql.BasicExtractor   : extracted value ([rate5_1_] : [DOUBLE]) - [4.33846153846154]
2023-11-07 02:30:30.538 TRACE 98385 --- [    Test worker] o.h.type.descriptor.sql.BasicExtractor   : extracted value ([tel6_1_] : [VARCHAR]) - [010-2222-3333]
2023-11-07 02:30:30.538 TRACE 98385 --- [    Test worker] org.hibernate.type.CollectionType        : Created collection wrapper: [bdbe.bdbd.carwash.Carwash.carwashKeywords#1]
2023-11-07 02:30:30.538 TRACE 98385 --- [    Test worker] org.hibernate.type.CollectionType        : Created collection wrapper: [bdbe.bdbd.carwash.Carwash.fileList#1]
Hibernate: 
    select
        location0_.id as id1_5_0_,
        location0_.address as address2_5_0_,
        location0_.latitude as latitude3_5_0_,
        location0_.longitude as longitud4_5_0_,
        location0_.place as place5_5_0_ 
    from
        location location0_ 
    where
        location0_.id=?
2023-11-07 02:30:30.539 TRACE 98385 --- [    Test worker] o.h.type.descriptor.sql.BasicBinder      : binding parameter [1] as [BIGINT] - [1]
2023-11-07 02:30:30.550 TRACE 98385 --- [    Test worker] o.h.type.descriptor.sql.BasicExtractor   : extracted value ([address2_5_0_] : [VARCHAR]) - [구름 주소]
2023-11-07 02:30:30.550 TRACE 98385 --- [    Test worker] o.h.type.descriptor.sql.BasicExtractor   : extracted value ([latitude3_5_0_] : [DOUBLE]) - [12.121]
2023-11-07 02:30:30.550 TRACE 98385 --- [    Test worker] o.h.type.descriptor.sql.BasicExtractor   : extracted value ([longitud4_5_0_] : [DOUBLE]) - [2.232]
2023-11-07 02:30:30.550 TRACE 98385 --- [    Test worker] o.h.type.descriptor.sql.BasicExtractor   : extracted value ([place5_5_0_] : [VARCHAR]) - [구름 이름]
2023-11-07 02:30:30.597  INFO 98385 --- [    Test worker] o.s.t.c.transaction.TransactionContext   : Rolled back transaction for test: [DefaultTestContext@55dbd0f7 testClass = FileRestControllerTest, testInstance = bdbe.bdbd.file.FileRestControllerTest@18b362c2, testMethod = testUploadFileSuccess@FileRestControllerTest, testException = [null], mergedContextConfiguration = [WebMergedContextConfiguration@727210eb testClass = FileRestControllerTest, locations = '{}', classes = '{class bdbe.bdbd.BdbdApplication}', contextInitializerClasses = '[]', activeProfiles = '{}', propertySourceLocations = '{}', propertySourceProperties = '{org.springframework.boot.test.context.SpringBootTestContextBootstrapper=true}', contextCustomizers = set[org.springframework.boot.test.autoconfigure.actuate.metrics.MetricsExportContextCustomizerFactory$DisableMetricExportContextCustomizer@78fb9a67, org.springframework.boot.test.autoconfigure.properties.PropertyMappingContextCustomizer@4b3fa0b3, org.springframework.boot.test.autoconfigure.web.servlet.WebDriverContextCustomizerFactory$Customizer@2692b61e, [ImportsContextCustomizer@48c2391 key = [org.springframework.boot.test.autoconfigure.web.servlet.MockMvcAutoConfiguration, org.springframework.boot.test.autoconfigure.web.servlet.MockMvcWebClientAutoConfiguration, org.springframework.boot.test.autoconfigure.web.servlet.MockMvcWebDriverAutoConfiguration, org.springframework.boot.autoconfigure.security.oauth2.client.servlet.OAuth2ClientAutoConfiguration, org.springframework.boot.autoconfigure.security.oauth2.resource.servlet.OAuth2ResourceServerAutoConfiguration, org.springframework.boot.autoconfigure.security.servlet.SecurityAutoConfiguration, org.springframework.boot.autoconfigure.security.servlet.SecurityFilterAutoConfiguration, org.springframework.boot.autoconfigure.security.servlet.UserDetailsServiceAutoConfiguration, org.springframework.boot.test.autoconfigure.web.servlet.MockMvcSecurityConfiguration, org.springframework.boot.test.autoconfigure.web.reactive.WebTestClientAutoConfiguration]], org.springframework.boot.test.context.filter.ExcludeFilterContextCustomizer@47dbb1e2, org.springframework.boot.test.json.DuplicateJsonObjectContextCustomizerFactory$DuplicateJsonObjectContextCustomizer@6d24ffa1, org.springframework.boot.test.mock.mockito.MockitoContextCustomizer@f63d8cfc, org.springframework.boot.test.web.client.TestRestTemplateContextCustomizer@5ddabb18, org.springframework.boot.test.context.SpringBootTestArgs@1, org.springframework.boot.test.context.SpringBootTestWebEnvironment@7b993c65], resourceBasePath = 'src/main/webapp', contextLoader = 'org.springframework.boot.test.context.SpringBootContextLoader', parent = [null]], attributes = map['org.springframework.test.context.web.ServletTestExecutionListener.activateListener' -> true, 'org.springframework.test.context.web.ServletTestExecutionListener.populatedRequestContextHolder' -> true, 'org.springframework.test.context.web.ServletTestExecutionListener.resetRequestContextHolder' -> true, 'org.springframework.test.context.event.ApplicationEventsTestExecutionListener.recordApplicationEvents' -> false]]
2023-11-07 02:30:30.611  INFO 98385 --- [    Test worker] o.s.t.c.transaction.TransactionContext   : Began transaction (1) for test context [DefaultTestContext@55dbd0f7 testClass = FileRestControllerTest, testInstance = bdbe.bdbd.file.FileRestControllerTest@8179cad, testMethod = testUploadFileSdkClientException@FileRestControllerTest, testException = [null], mergedContextConfiguration = [WebMergedContextConfiguration@727210eb testClass = FileRestControllerTest, locations = '{}', classes = '{class bdbe.bdbd.BdbdApplication}', contextInitializerClasses = '[]', activeProfiles = '{}', propertySourceLocations = '{}', propertySourceProperties = '{org.springframework.boot.test.context.SpringBootTestContextBootstrapper=true}', contextCustomizers = set[org.springframework.boot.test.autoconfigure.actuate.metrics.MetricsExportContextCustomizerFactory$DisableMetricExportContextCustomizer@78fb9a67, org.springframework.boot.test.autoconfigure.properties.PropertyMappingContextCustomizer@4b3fa0b3, org.springframework.boot.test.autoconfigure.web.servlet.WebDriverContextCustomizerFactory$Customizer@2692b61e, [ImportsContextCustomizer@48c2391 key = [org.springframework.boot.test.autoconfigure.web.servlet.MockMvcAutoConfiguration, org.springframework.boot.test.autoconfigure.web.servlet.MockMvcWebClientAutoConfiguration, org.springframework.boot.test.autoconfigure.web.servlet.MockMvcWebDriverAutoConfiguration, org.springframework.boot.autoconfigure.security.oauth2.client.servlet.OAuth2ClientAutoConfiguration, org.springframework.boot.autoconfigure.security.oauth2.resource.servlet.OAuth2ResourceServerAutoConfiguration, org.springframework.boot.autoconfigure.security.servlet.SecurityAutoConfiguration, org.springframework.boot.autoconfigure.security.servlet.SecurityFilterAutoConfiguration, org.springframework.boot.autoconfigure.security.servlet.UserDetailsServiceAutoConfiguration, org.springframework.boot.test.autoconfigure.web.servlet.MockMvcSecurityConfiguration, org.springframework.boot.test.autoconfigure.web.reactive.WebTestClientAutoConfiguration]], org.springframework.boot.test.context.filter.ExcludeFilterContextCustomizer@47dbb1e2, org.springframework.boot.test.json.DuplicateJsonObjectContextCustomizerFactory$DuplicateJsonObjectContextCustomizer@6d24ffa1, org.springframework.boot.test.mock.mockito.MockitoContextCustomizer@f63d8cfc, org.springframework.boot.test.web.client.TestRestTemplateContextCustomizer@5ddabb18, org.springframework.boot.test.context.SpringBootTestArgs@1, org.springframework.boot.test.context.SpringBootTestWebEnvironment@7b993c65], resourceBasePath = 'src/main/webapp', contextLoader = 'org.springframework.boot.test.context.SpringBootContextLoader', parent = [null]], attributes = map['org.springframework.test.context.web.ServletTestExecutionListener.activateListener' -> true, 'org.springframework.test.context.web.ServletTestExecutionListener.populatedRequestContextHolder' -> true, 'org.springframework.test.context.web.ServletTestExecutionListener.resetRequestContextHolder' -> true, 'org.springframework.test.context.event.ApplicationEventsTestExecutionListener.recordApplicationEvents' -> false]]; transaction manager [org.springframework.orm.jpa.JpaTransactionManager@4f1545bd]; rollback [true]
2023-11-07 02:30:30.640  INFO 98385 --- [    Test worker] o.s.t.c.transaction.TransactionContext   : Rolled back transaction for test: [DefaultTestContext@55dbd0f7 testClass = FileRestControllerTest, testInstance = bdbe.bdbd.file.FileRestControllerTest@8179cad, testMethod = testUploadFileSdkClientException@FileRestControllerTest, testException = [null], mergedContextConfiguration = [WebMergedContextConfiguration@727210eb testClass = FileRestControllerTest, locations = '{}', classes = '{class bdbe.bdbd.BdbdApplication}', contextInitializerClasses = '[]', activeProfiles = '{}', propertySourceLocations = '{}', propertySourceProperties = '{org.springframework.boot.test.context.SpringBootTestContextBootstrapper=true}', contextCustomizers = set[org.springframework.boot.test.autoconfigure.actuate.metrics.MetricsExportContextCustomizerFactory$DisableMetricExportContextCustomizer@78fb9a67, org.springframework.boot.test.autoconfigure.properties.PropertyMappingContextCustomizer@4b3fa0b3, org.springframework.boot.test.autoconfigure.web.servlet.WebDriverContextCustomizerFactory$Customizer@2692b61e, [ImportsContextCustomizer@48c2391 key = [org.springframework.boot.test.autoconfigure.web.servlet.MockMvcAutoConfiguration, org.springframework.boot.test.autoconfigure.web.servlet.MockMvcWebClientAutoConfiguration, org.springframework.boot.test.autoconfigure.web.servlet.MockMvcWebDriverAutoConfiguration, org.springframework.boot.autoconfigure.security.oauth2.client.servlet.OAuth2ClientAutoConfiguration, org.springframework.boot.autoconfigure.security.oauth2.resource.servlet.OAuth2ResourceServerAutoConfiguration, org.springframework.boot.autoconfigure.security.servlet.SecurityAutoConfiguration, org.springframework.boot.autoconfigure.security.servlet.SecurityFilterAutoConfiguration, org.springframework.boot.autoconfigure.security.servlet.UserDetailsServiceAutoConfiguration, org.springframework.boot.test.autoconfigure.web.servlet.MockMvcSecurityConfiguration, org.springframework.boot.test.autoconfigure.web.reactive.WebTestClientAutoConfiguration]], org.springframework.boot.test.context.filter.ExcludeFilterContextCustomizer@47dbb1e2, org.springframework.boot.test.json.DuplicateJsonObjectContextCustomizerFactory$DuplicateJsonObjectContextCustomizer@6d24ffa1, org.springframework.boot.test.mock.mockito.MockitoContextCustomizer@f63d8cfc, org.springframework.boot.test.web.client.TestRestTemplateContextCustomizer@5ddabb18, org.springframework.boot.test.context.SpringBootTestArgs@1, org.springframework.boot.test.context.SpringBootTestWebEnvironment@7b993c65], resourceBasePath = 'src/main/webapp', contextLoader = 'org.springframework.boot.test.context.SpringBootContextLoader', parent = [null]], attributes = map['org.springframework.test.context.web.ServletTestExecutionListener.activateListener' -> true, 'org.springframework.test.context.web.ServletTestExecutionListener.populatedRequestContextHolder' -> true, 'org.springframework.test.context.web.ServletTestExecutionListener.resetRequestContextHolder' -> true, 'org.springframework.test.context.event.ApplicationEventsTestExecutionListener.recordApplicationEvents' -> false]]
2023-11-07 02:30:30.652  INFO 98385 --- [    Test worker] o.s.t.c.transaction.TransactionContext   : Began transaction (1) for test context [DefaultTestContext@55dbd0f7 testClass = FileRestControllerTest, testInstance = bdbe.bdbd.file.FileRestControllerTest@581bc85e, testMethod = testUploadFileAmazonServiceException@FileRestControllerTest, testException = [null], mergedContextConfiguration = [WebMergedContextConfiguration@727210eb testClass = FileRestControllerTest, locations = '{}', classes = '{class bdbe.bdbd.BdbdApplication}', contextInitializerClasses = '[]', activeProfiles = '{}', propertySourceLocations = '{}', propertySourceProperties = '{org.springframework.boot.test.context.SpringBootTestContextBootstrapper=true}', contextCustomizers = set[org.springframework.boot.test.autoconfigure.actuate.metrics.MetricsExportContextCustomizerFactory$DisableMetricExportContextCustomizer@78fb9a67, org.springframework.boot.test.autoconfigure.properties.PropertyMappingContextCustomizer@4b3fa0b3, org.springframework.boot.test.autoconfigure.web.servlet.WebDriverContextCustomizerFactory$Customizer@2692b61e, [ImportsContextCustomizer@48c2391 key = [org.springframework.boot.test.autoconfigure.web.servlet.MockMvcAutoConfiguration, org.springframework.boot.test.autoconfigure.web.servlet.MockMvcWebClientAutoConfiguration, org.springframework.boot.test.autoconfigure.web.servlet.MockMvcWebDriverAutoConfiguration, org.springframework.boot.autoconfigure.security.oauth2.client.servlet.OAuth2ClientAutoConfiguration, org.springframework.boot.autoconfigure.security.oauth2.resource.servlet.OAuth2ResourceServerAutoConfiguration, org.springframework.boot.autoconfigure.security.servlet.SecurityAutoConfiguration, org.springframework.boot.autoconfigure.security.servlet.SecurityFilterAutoConfiguration, org.springframework.boot.autoconfigure.security.servlet.UserDetailsServiceAutoConfiguration, org.springframework.boot.test.autoconfigure.web.servlet.MockMvcSecurityConfiguration, org.springframework.boot.test.autoconfigure.web.reactive.WebTestClientAutoConfiguration]], org.springframework.boot.test.context.filter.ExcludeFilterContextCustomizer@47dbb1e2, org.springframework.boot.test.json.DuplicateJsonObjectContextCustomizerFactory$DuplicateJsonObjectContextCustomizer@6d24ffa1, org.springframework.boot.test.mock.mockito.MockitoContextCustomizer@f63d8cfc, org.springframework.boot.test.web.client.TestRestTemplateContextCustomizer@5ddabb18, org.springframework.boot.test.context.SpringBootTestArgs@1, org.springframework.boot.test.context.SpringBootTestWebEnvironment@7b993c65], resourceBasePath = 'src/main/webapp', contextLoader = 'org.springframework.boot.test.context.SpringBootContextLoader', parent = [null]], attributes = map['org.springframework.test.context.web.ServletTestExecutionListener.activateListener' -> true, 'org.springframework.test.context.web.ServletTestExecutionListener.populatedRequestContextHolder' -> true, 'org.springframework.test.context.web.ServletTestExecutionListener.resetRequestContextHolder' -> true, 'org.springframework.test.context.event.ApplicationEventsTestExecutionListener.recordApplicationEvents' -> false]]; transaction manager [org.springframework.orm.jpa.JpaTransactionManager@4f1545bd]; rollback [true]
2023-11-07 02:30:30.682  INFO 98385 --- [    Test worker] o.s.t.c.transaction.TransactionContext   : Rolled back transaction for test: [DefaultTestContext@55dbd0f7 testClass = FileRestControllerTest, testInstance = bdbe.bdbd.file.FileRestControllerTest@581bc85e, testMethod = testUploadFileAmazonServiceException@FileRestControllerTest, testException = [null], mergedContextConfiguration = [WebMergedContextConfiguration@727210eb testClass = FileRestControllerTest, locations = '{}', classes = '{class bdbe.bdbd.BdbdApplication}', contextInitializerClasses = '[]', activeProfiles = '{}', propertySourceLocations = '{}', propertySourceProperties = '{org.springframework.boot.test.context.SpringBootTestContextBootstrapper=true}', contextCustomizers = set[org.springframework.boot.test.autoconfigure.actuate.metrics.MetricsExportContextCustomizerFactory$DisableMetricExportContextCustomizer@78fb9a67, org.springframework.boot.test.autoconfigure.properties.PropertyMappingContextCustomizer@4b3fa0b3, org.springframework.boot.test.autoconfigure.web.servlet.WebDriverContextCustomizerFactory$Customizer@2692b61e, [ImportsContextCustomizer@48c2391 key = [org.springframework.boot.test.autoconfigure.web.servlet.MockMvcAutoConfiguration, org.springframework.boot.test.autoconfigure.web.servlet.MockMvcWebClientAutoConfiguration, org.springframework.boot.test.autoconfigure.web.servlet.MockMvcWebDriverAutoConfiguration, org.springframework.boot.autoconfigure.security.oauth2.client.servlet.OAuth2ClientAutoConfiguration, org.springframework.boot.autoconfigure.security.oauth2.resource.servlet.OAuth2ResourceServerAutoConfiguration, org.springframework.boot.autoconfigure.security.servlet.SecurityAutoConfiguration, org.springframework.boot.autoconfigure.security.servlet.SecurityFilterAutoConfiguration, org.springframework.boot.autoconfigure.security.servlet.UserDetailsServiceAutoConfiguration, org.springframework.boot.test.autoconfigure.web.servlet.MockMvcSecurityConfiguration, org.springframework.boot.test.autoconfigure.web.reactive.WebTestClientAutoConfiguration]], org.springframework.boot.test.context.filter.ExcludeFilterContextCustomizer@47dbb1e2, org.springframework.boot.test.json.DuplicateJsonObjectContextCustomizerFactory$DuplicateJsonObjectContextCustomizer@6d24ffa1, org.springframework.boot.test.mock.mockito.MockitoContextCustomizer@f63d8cfc, org.springframework.boot.test.web.client.TestRestTemplateContextCustomizer@5ddabb18, org.springframework.boot.test.context.SpringBootTestArgs@1, org.springframework.boot.test.context.SpringBootTestWebEnvironment@7b993c65], resourceBasePath = 'src/main/webapp', contextLoader = 'org.springframework.boot.test.context.SpringBootContextLoader', parent = [null]], attributes = map['org.springframework.test.context.web.ServletTestExecutionListener.activateListener' -> true, 'org.springframework.test.context.web.ServletTestExecutionListener.populatedRequestContextHolder' -> true, 'org.springframework.test.context.web.ServletTestExecutionListener.resetRequestContextHolder' -> true, 'org.springframework.test.context.event.ApplicationEventsTestExecutionListener.recordApplicationEvents' -> false]]
]]></system-out>
  <system-err><![CDATA[]]></system-err>
</testsuite>
