<?xml version="1.0" encoding="UTF-8"?>
<testsuite name="bdbe.bdbd.reservation.ReservationRestControllerTest" tests="6" skipped="0" failures="0" errors="0" timestamp="2023-11-06T17:30:39" hostname="MacBook-Pro.local" time="0.973">
  <properties/>
  <testcase name="예약 취소 기능" classname="bdbe.bdbd.reservation.ReservationRestControllerTest" time="0.069"/>
  <testcase name="예약 수정 기능" classname="bdbe.bdbd.reservation.ReservationRestControllerTest" time="0.131"/>
  <testcase name="세차장별 예약 조회 내역 기능" classname="bdbe.bdbd.reservation.ReservationRestControllerTest" time="0.192"/>
  <testcase name="현재 시간 기준 예약 내역 조회" classname="bdbe.bdbd.reservation.ReservationRestControllerTest" time="0.327"/>
  <testcase name="결제 후 예약 내역 조회" classname="bdbe.bdbd.reservation.ReservationRestControllerTest" time="0.09"/>
  <testcase name="최근 예약 내역 조회" classname="bdbe.bdbd.reservation.ReservationRestControllerTest" time="0.16"/>
  <system-out><![CDATA[2023-11-07 02:30:39.849  INFO 98385 --- [    Test worker] .b.t.c.SpringBootTestContextBootstrapper : Neither @ContextConfiguration nor @ContextHierarchy found for test class [bdbe.bdbd.reservation.ReservationRestControllerTest], using SpringBootContextLoader
2023-11-07 02:30:39.849  INFO 98385 --- [    Test worker] o.s.t.c.support.AbstractContextLoader    : Could not detect default resource locations for test class [bdbe.bdbd.reservation.ReservationRestControllerTest]: no resource found for suffixes {-context.xml, Context.groovy}.
2023-11-07 02:30:39.849  INFO 98385 --- [    Test worker] t.c.s.AnnotationConfigContextLoaderUtils : Could not detect default configuration classes for test class [bdbe.bdbd.reservation.ReservationRestControllerTest]: ReservationRestControllerTest does not declare any static, non-private, non-final, nested classes annotated with @Configuration.
2023-11-07 02:30:39.856  INFO 98385 --- [    Test worker] .b.t.c.SpringBootTestContextBootstrapper : Found @SpringBootConfiguration bdbe.bdbd.BdbdApplication for test class bdbe.bdbd.reservation.ReservationRestControllerTest
2023-11-07 02:30:39.857  INFO 98385 --- [    Test worker] .b.t.c.SpringBootTestContextBootstrapper : Loaded default TestExecutionListener class names from location [META-INF/spring.factories]: [org.springframework.security.test.context.support.WithSecurityContextTestExecutionListener, org.springframework.security.test.context.support.ReactorContextTestExecutionListener, org.springframework.boot.test.autoconfigure.restdocs.RestDocsTestExecutionListener, org.springframework.boot.test.autoconfigure.web.client.MockRestServiceServerResetTestExecutionListener, org.springframework.boot.test.autoconfigure.web.servlet.MockMvcPrintOnlyOnFailureTestExecutionListener, org.springframework.boot.test.autoconfigure.web.servlet.WebDriverTestExecutionListener, org.springframework.boot.test.autoconfigure.webservices.client.MockWebServiceServerTestExecutionListener, org.springframework.boot.test.mock.mockito.MockitoTestExecutionListener, org.springframework.boot.test.mock.mockito.ResetMocksTestExecutionListener, org.springframework.test.context.web.ServletTestExecutionListener, org.springframework.test.context.support.DirtiesContextBeforeModesTestExecutionListener, org.springframework.test.context.event.ApplicationEventsTestExecutionListener, org.springframework.test.context.support.DependencyInjectionTestExecutionListener, org.springframework.test.context.support.DirtiesContextTestExecutionListener, org.springframework.test.context.transaction.TransactionalTestExecutionListener, org.springframework.test.context.jdbc.SqlScriptsTestExecutionListener, org.springframework.test.context.event.EventPublishingTestExecutionListener]
2023-11-07 02:30:39.857  INFO 98385 --- [    Test worker] .b.t.c.SpringBootTestContextBootstrapper : Using TestExecutionListeners: [org.springframework.test.context.web.ServletTestExecutionListener@7ae76b2, org.springframework.test.context.support.DirtiesContextBeforeModesTestExecutionListener@76928be0, org.springframework.test.context.event.ApplicationEventsTestExecutionListener@d367d7d, org.springframework.boot.test.mock.mockito.MockitoTestExecutionListener@3131c0d8, org.springframework.boot.test.autoconfigure.SpringBootDependencyInjectionTestExecutionListener@45de2baa, org.springframework.test.context.support.DirtiesContextTestExecutionListener@2771657a, org.springframework.test.context.transaction.TransactionalTestExecutionListener@1912297c, org.springframework.test.context.jdbc.SqlScriptsTestExecutionListener@261a0d86, org.springframework.security.test.context.support.WithSecurityContextTestExecutionListener@122de194, org.springframework.test.context.event.EventPublishingTestExecutionListener@3edb0c1e, org.springframework.security.test.context.support.ReactorContextTestExecutionListener@368a8b70, org.springframework.boot.test.autoconfigure.restdocs.RestDocsTestExecutionListener@408ad61a, org.springframework.boot.test.autoconfigure.web.client.MockRestServiceServerResetTestExecutionListener@3dd6aede, org.springframework.boot.test.autoconfigure.web.servlet.MockMvcPrintOnlyOnFailureTestExecutionListener@5b0bfe86, org.springframework.boot.test.autoconfigure.web.servlet.WebDriverTestExecutionListener@39383f9c, org.springframework.boot.test.autoconfigure.webservices.client.MockWebServiceServerTestExecutionListener@2f9404a7, org.springframework.boot.test.mock.mockito.ResetMocksTestExecutionListener@273cefd5]
2023-11-07 02:30:39.870  INFO 98385 --- [    Test worker] o.s.t.c.transaction.TransactionContext   : Began transaction (1) for test context [DefaultTestContext@7d2c6085 testClass = ReservationRestControllerTest, testInstance = bdbe.bdbd.reservation.ReservationRestControllerTest@6c78ad08, testMethod = deleteReservation_test@ReservationRestControllerTest, testException = [null], mergedContextConfiguration = [WebMergedContextConfiguration@3328d00b testClass = ReservationRestControllerTest, locations = '{}', classes = '{class bdbe.bdbd.BdbdApplication}', contextInitializerClasses = '[]', activeProfiles = '{}', propertySourceLocations = '{}', propertySourceProperties = '{org.springframework.boot.test.context.SpringBootTestContextBootstrapper=true}', contextCustomizers = set[org.springframework.boot.test.autoconfigure.actuate.metrics.MetricsExportContextCustomizerFactory$DisableMetricExportContextCustomizer@78fb9a67, org.springframework.boot.test.autoconfigure.properties.PropertyMappingContextCustomizer@4b3fa0b3, org.springframework.boot.test.autoconfigure.web.servlet.WebDriverContextCustomizerFactory$Customizer@2692b61e, [ImportsContextCustomizer@2e740f3c key = [org.springframework.boot.test.autoconfigure.web.servlet.MockMvcAutoConfiguration, org.springframework.boot.test.autoconfigure.web.servlet.MockMvcWebClientAutoConfiguration, org.springframework.boot.test.autoconfigure.web.servlet.MockMvcWebDriverAutoConfiguration, org.springframework.boot.autoconfigure.security.oauth2.client.servlet.OAuth2ClientAutoConfiguration, org.springframework.boot.autoconfigure.security.oauth2.resource.servlet.OAuth2ResourceServerAutoConfiguration, org.springframework.boot.autoconfigure.security.servlet.SecurityAutoConfiguration, org.springframework.boot.autoconfigure.security.servlet.SecurityFilterAutoConfiguration, org.springframework.boot.autoconfigure.security.servlet.UserDetailsServiceAutoConfiguration, org.springframework.boot.test.autoconfigure.web.servlet.MockMvcSecurityConfiguration, org.springframework.boot.test.autoconfigure.web.reactive.WebTestClientAutoConfiguration]], org.springframework.boot.test.context.filter.ExcludeFilterContextCustomizer@47dbb1e2, org.springframework.boot.test.json.DuplicateJsonObjectContextCustomizerFactory$DuplicateJsonObjectContextCustomizer@6d24ffa1, org.springframework.boot.test.mock.mockito.MockitoContextCustomizer@0, org.springframework.boot.test.web.client.TestRestTemplateContextCustomizer@5ddabb18, org.springframework.boot.test.context.SpringBootTestArgs@1, org.springframework.boot.test.context.SpringBootTestWebEnvironment@7b993c65], resourceBasePath = 'src/main/webapp', contextLoader = 'org.springframework.boot.test.context.SpringBootContextLoader', parent = [null]], attributes = map['org.springframework.test.context.web.ServletTestExecutionListener.activateListener' -> true, 'org.springframework.test.context.web.ServletTestExecutionListener.populatedRequestContextHolder' -> true, 'org.springframework.test.context.web.ServletTestExecutionListener.resetRequestContextHolder' -> true, 'org.springframework.test.context.event.ApplicationEventsTestExecutionListener.recordApplicationEvents' -> false]]; transaction manager [org.springframework.orm.jpa.JpaTransactionManager@7a56c3c7]; rollback [true]
Hibernate: 
    select
        member0_.id as id1_6_,
        member0_.email as email2_6_,
        member0_.password as password3_6_,
        member0_.role as role4_6_,
        member0_.tel as tel5_6_,
        member0_.username as username6_6_ 
    from
        member member0_ 
    where
        member0_.email=?
2023-11-07 02:30:39.870 TRACE 98385 --- [    Test worker] o.h.type.descriptor.sql.BasicBinder      : binding parameter [1] as [VARCHAR] - [user@nate.com]
2023-11-07 02:30:39.881 TRACE 98385 --- [    Test worker] o.h.type.descriptor.sql.BasicExtractor   : extracted value ([id1_6_] : [BIGINT]) - [1]
2023-11-07 02:30:39.881 TRACE 98385 --- [    Test worker] o.h.type.descriptor.sql.BasicExtractor   : extracted value ([email2_6_] : [VARCHAR]) - [user@nate.com]
2023-11-07 02:30:39.881 TRACE 98385 --- [    Test worker] o.h.type.descriptor.sql.BasicExtractor   : extracted value ([password3_6_] : [VARCHAR]) - [{bcrypt}$2a$10$v8NhNtmO91URnZ9nJIYdSeapN9qj4qxBHuf8Kd/hkms9.eRUEHcQS]
2023-11-07 02:30:39.881 TRACE 98385 --- [    Test worker] o.h.type.descriptor.sql.BasicExtractor   : extracted value ([role4_6_] : [VARCHAR]) - [ROLE_USER]
2023-11-07 02:30:39.881 TRACE 98385 --- [    Test worker] o.h.type.descriptor.sql.BasicExtractor   : extracted value ([tel5_6_] : [VARCHAR]) - [010-1234-5678]
2023-11-07 02:30:39.881 TRACE 98385 --- [    Test worker] o.h.type.descriptor.sql.BasicExtractor   : extracted value ([username6_6_] : [VARCHAR]) - [imnewuser]
Hibernate: 
    select
        reservatio0_.id as id1_8_,
        reservatio0_.b_id as b_id8_8_,
        reservatio0_.created_at as created_2_8_,
        reservatio0_.end_time as end_time3_8_,
        reservatio0_.is_deleted as is_delet4_8_,
        reservatio0_.m_id as m_id9_8_,
        reservatio0_.price as price5_8_,
        reservatio0_.start_time as start_ti6_8_,
        reservatio0_.updated_at as updated_7_8_ 
    from
        reservation reservatio0_
2023-11-07 02:30:39.894 TRACE 98385 --- [    Test worker] o.h.type.descriptor.sql.BasicExtractor   : extracted value ([id1_8_] : [BIGINT]) - [1]
2023-11-07 02:30:39.894 TRACE 98385 --- [    Test worker] o.h.type.descriptor.sql.BasicExtractor   : extracted value ([b_id8_8_] : [BIGINT]) - [1]
2023-11-07 02:30:39.894 TRACE 98385 --- [    Test worker] o.h.type.descriptor.sql.BasicExtractor   : extracted value ([created_2_8_] : [TIMESTAMP]) - [2023-10-30T17:19:56.412271]
2023-11-07 02:30:39.894 TRACE 98385 --- [    Test worker] o.h.type.descriptor.sql.BasicExtractor   : extracted value ([end_time3_8_] : [TIMESTAMP]) - [2023-10-13T12:40]
2023-11-07 02:30:39.894 TRACE 98385 --- [    Test worker] o.h.type.descriptor.sql.BasicExtractor   : extracted value ([is_delet4_8_] : [BOOLEAN]) - [false]
2023-11-07 02:30:39.894 TRACE 98385 --- [    Test worker] o.h.type.descriptor.sql.BasicExtractor   : extracted value ([m_id9_8_] : [BIGINT]) - [1]
2023-11-07 02:30:39.894 TRACE 98385 --- [    Test worker] o.h.type.descriptor.sql.BasicExtractor   : extracted value ([price5_8_] : [INTEGER]) - [10000]
2023-11-07 02:30:39.894 TRACE 98385 --- [    Test worker] o.h.type.descriptor.sql.BasicExtractor   : extracted value ([start_ti6_8_] : [TIMESTAMP]) - [2023-10-13T12:10]
2023-11-07 02:30:39.894 TRACE 98385 --- [    Test worker] o.h.type.descriptor.sql.BasicExtractor   : extracted value ([updated_7_8_] : [TIMESTAMP]) - [2023-11-01T23:55:07.348766]
2023-11-07 02:30:39.894 TRACE 98385 --- [    Test worker] o.h.type.descriptor.sql.BasicExtractor   : extracted value ([id1_8_] : [BIGINT]) - [2]
2023-11-07 02:30:39.894 TRACE 98385 --- [    Test worker] o.h.type.descriptor.sql.BasicExtractor   : extracted value ([b_id8_8_] : [BIGINT]) - [2]
2023-11-07 02:30:39.894 TRACE 98385 --- [    Test worker] o.h.type.descriptor.sql.BasicExtractor   : extracted value ([created_2_8_] : [TIMESTAMP]) - [2023-10-30T17:19:56.412271]
2023-11-07 02:30:39.894 TRACE 98385 --- [    Test worker] o.h.type.descriptor.sql.BasicExtractor   : extracted value ([end_time3_8_] : [TIMESTAMP]) - [2023-10-25T11:30]
2023-11-07 02:30:39.894 TRACE 98385 --- [    Test worker] o.h.type.descriptor.sql.BasicExtractor   : extracted value ([is_delet4_8_] : [BOOLEAN]) - [false]
2023-11-07 02:30:39.894 TRACE 98385 --- [    Test worker] o.h.type.descriptor.sql.BasicExtractor   : extracted value ([m_id9_8_] : [BIGINT]) - [1]
2023-11-07 02:30:39.894 TRACE 98385 --- [    Test worker] o.h.type.descriptor.sql.BasicExtractor   : extracted value ([price5_8_] : [INTEGER]) - [10000]
2023-11-07 02:30:39.894 TRACE 98385 --- [    Test worker] o.h.type.descriptor.sql.BasicExtractor   : extracted value ([start_ti6_8_] : [TIMESTAMP]) - [2023-10-25T11:00]
2023-11-07 02:30:39.894 TRACE 98385 --- [    Test worker] o.h.type.descriptor.sql.BasicExtractor   : extracted value ([updated_7_8_] : [TIMESTAMP]) - [2023-10-30T17:19:56.412271]
2023-11-07 02:30:39.894 TRACE 98385 --- [    Test worker] o.h.type.descriptor.sql.BasicExtractor   : extracted value ([id1_8_] : [BIGINT]) - [3]
2023-11-07 02:30:39.894 TRACE 98385 --- [    Test worker] o.h.type.descriptor.sql.BasicExtractor   : extracted value ([b_id8_8_] : [BIGINT]) - [3]
2023-11-07 02:30:39.894 TRACE 98385 --- [    Test worker] o.h.type.descriptor.sql.BasicExtractor   : extracted value ([created_2_8_] : [TIMESTAMP]) - [2023-10-30T17:19:56.412271]
2023-11-07 02:30:39.894 TRACE 98385 --- [    Test worker] o.h.type.descriptor.sql.BasicExtractor   : extracted value ([end_time3_8_] : [TIMESTAMP]) - [2023-10-26T10:30]
2023-11-07 02:30:39.894 TRACE 98385 --- [    Test worker] o.h.type.descriptor.sql.BasicExtractor   : extracted value ([is_delet4_8_] : [BOOLEAN]) - [false]
2023-11-07 02:30:39.894 TRACE 98385 --- [    Test worker] o.h.type.descriptor.sql.BasicExtractor   : extracted value ([m_id9_8_] : [BIGINT]) - [1]
2023-11-07 02:30:39.894 TRACE 98385 --- [    Test worker] o.h.type.descriptor.sql.BasicExtractor   : extracted value ([price5_8_] : [INTEGER]) - [9000]
2023-11-07 02:30:39.894 TRACE 98385 --- [    Test worker] o.h.type.descriptor.sql.BasicExtractor   : extracted value ([start_ti6_8_] : [TIMESTAMP]) - [2023-10-26T10:00]
2023-11-07 02:30:39.894 TRACE 98385 --- [    Test worker] o.h.type.descriptor.sql.BasicExtractor   : extracted value ([updated_7_8_] : [TIMESTAMP]) - [2023-10-30T17:19:56.412271]
2023-11-07 02:30:39.894 TRACE 98385 --- [    Test worker] o.h.type.descriptor.sql.BasicExtractor   : extracted value ([id1_8_] : [BIGINT]) - [4]
2023-11-07 02:30:39.894 TRACE 98385 --- [    Test worker] o.h.type.descriptor.sql.BasicExtractor   : extracted value ([b_id8_8_] : [BIGINT]) - [4]
2023-11-07 02:30:39.894 TRACE 98385 --- [    Test worker] o.h.type.descriptor.sql.BasicExtractor   : extracted value ([created_2_8_] : [TIMESTAMP]) - [2023-10-30T17:19:56.412271]
2023-11-07 02:30:39.894 TRACE 98385 --- [    Test worker] o.h.type.descriptor.sql.BasicExtractor   : extracted value ([end_time3_8_] : [TIMESTAMP]) - [2023-10-26T11:30]
2023-11-07 02:30:39.894 TRACE 98385 --- [    Test worker] o.h.type.descriptor.sql.BasicExtractor   : extracted value ([is_delet4_8_] : [BOOLEAN]) - [false]
2023-11-07 02:30:39.894 TRACE 98385 --- [    Test worker] o.h.type.descriptor.sql.BasicExtractor   : extracted value ([m_id9_8_] : [BIGINT]) - [1]
2023-11-07 02:30:39.894 TRACE 98385 --- [    Test worker] o.h.type.descriptor.sql.BasicExtractor   : extracted value ([price5_8_] : [INTEGER]) - [9000]
2023-11-07 02:30:39.894 TRACE 98385 --- [    Test worker] o.h.type.descriptor.sql.BasicExtractor   : extracted value ([start_ti6_8_] : [TIMESTAMP]) - [2023-10-26T11:00]
2023-11-07 02:30:39.894 TRACE 98385 --- [    Test worker] o.h.type.descriptor.sql.BasicExtractor   : extracted value ([updated_7_8_] : [TIMESTAMP]) - [2023-10-30T17:19:56.412271]
2023-11-07 02:30:39.894 TRACE 98385 --- [    Test worker] o.h.type.descriptor.sql.BasicExtractor   : extracted value ([id1_8_] : [BIGINT]) - [5]
2023-11-07 02:30:39.894 TRACE 98385 --- [    Test worker] o.h.type.descriptor.sql.BasicExtractor   : extracted value ([b_id8_8_] : [BIGINT]) - [5]
2023-11-07 02:30:39.894 TRACE 98385 --- [    Test worker] o.h.type.descriptor.sql.BasicExtractor   : extracted value ([created_2_8_] : [TIMESTAMP]) - [2023-10-30T17:19:56.412271]
2023-11-07 02:30:39.894 TRACE 98385 --- [    Test worker] o.h.type.descriptor.sql.BasicExtractor   : extracted value ([end_time3_8_] : [TIMESTAMP]) - [2023-10-27T10:30]
2023-11-07 02:30:39.894 TRACE 98385 --- [    Test worker] o.h.type.descriptor.sql.BasicExtractor   : extracted value ([is_delet4_8_] : [BOOLEAN]) - [false]
2023-11-07 02:30:39.894 TRACE 98385 --- [    Test worker] o.h.type.descriptor.sql.BasicExtractor   : extracted value ([m_id9_8_] : [BIGINT]) - [1]
2023-11-07 02:30:39.894 TRACE 98385 --- [    Test worker] o.h.type.descriptor.sql.BasicExtractor   : extracted value ([price5_8_] : [INTEGER]) - [8500]
2023-11-07 02:30:39.894 TRACE 98385 --- [    Test worker] o.h.type.descriptor.sql.BasicExtractor   : extracted value ([start_ti6_8_] : [TIMESTAMP]) - [2023-10-27T10:00]
2023-11-07 02:30:39.894 TRACE 98385 --- [    Test worker] o.h.type.descriptor.sql.BasicExtractor   : extracted value ([updated_7_8_] : [TIMESTAMP]) - [2023-10-30T17:19:56.412271]
2023-11-07 02:30:39.894 TRACE 98385 --- [    Test worker] o.h.type.descriptor.sql.BasicExtractor   : extracted value ([id1_8_] : [BIGINT]) - [6]
2023-11-07 02:30:39.894 TRACE 98385 --- [    Test worker] o.h.type.descriptor.sql.BasicExtractor   : extracted value ([b_id8_8_] : [BIGINT]) - [6]
2023-11-07 02:30:39.894 TRACE 98385 --- [    Test worker] o.h.type.descriptor.sql.BasicExtractor   : extracted value ([created_2_8_] : [TIMESTAMP]) - [2023-10-30T17:19:56.412271]
2023-11-07 02:30:39.894 TRACE 98385 --- [    Test worker] o.h.type.descriptor.sql.BasicExtractor   : extracted value ([end_time3_8_] : [TIMESTAMP]) - [2023-10-27T11:30]
2023-11-07 02:30:39.894 TRACE 98385 --- [    Test worker] o.h.type.descriptor.sql.BasicExtractor   : extracted value ([is_delet4_8_] : [BOOLEAN]) - [false]
2023-11-07 02:30:39.894 TRACE 98385 --- [    Test worker] o.h.type.descriptor.sql.BasicExtractor   : extracted value ([m_id9_8_] : [BIGINT]) - [1]
2023-11-07 02:30:39.894 TRACE 98385 --- [    Test worker] o.h.type.descriptor.sql.BasicExtractor   : extracted value ([price5_8_] : [INTEGER]) - [8500]
2023-11-07 02:30:39.894 TRACE 98385 --- [    Test worker] o.h.type.descriptor.sql.BasicExtractor   : extracted value ([start_ti6_8_] : [TIMESTAMP]) - [2023-10-27T11:00]
2023-11-07 02:30:39.894 TRACE 98385 --- [    Test worker] o.h.type.descriptor.sql.BasicExtractor   : extracted value ([updated_7_8_] : [TIMESTAMP]) - [2023-10-30T17:19:56.412271]
2023-11-07 02:30:39.894 TRACE 98385 --- [    Test worker] o.h.type.descriptor.sql.BasicExtractor   : extracted value ([id1_8_] : [BIGINT]) - [7]
2023-11-07 02:30:39.894 TRACE 98385 --- [    Test worker] o.h.type.descriptor.sql.BasicExtractor   : extracted value ([b_id8_8_] : [BIGINT]) - [7]
2023-11-07 02:30:39.894 TRACE 98385 --- [    Test worker] o.h.type.descriptor.sql.BasicExtractor   : extracted value ([created_2_8_] : [TIMESTAMP]) - [2023-10-30T17:19:56.412271]
2023-11-07 02:30:39.894 TRACE 98385 --- [    Test worker] o.h.type.descriptor.sql.BasicExtractor   : extracted value ([end_time3_8_] : [TIMESTAMP]) - [2023-10-28T10:30]
2023-11-07 02:30:39.894 TRACE 98385 --- [    Test worker] o.h.type.descriptor.sql.BasicExtractor   : extracted value ([is_delet4_8_] : [BOOLEAN]) - [false]
2023-11-07 02:30:39.894 TRACE 98385 --- [    Test worker] o.h.type.descriptor.sql.BasicExtractor   : extracted value ([m_id9_8_] : [BIGINT]) - [1]
2023-11-07 02:30:39.894 TRACE 98385 --- [    Test worker] o.h.type.descriptor.sql.BasicExtractor   : extracted value ([price5_8_] : [INTEGER]) - [9500]
2023-11-07 02:30:39.894 TRACE 98385 --- [    Test worker] o.h.type.descriptor.sql.BasicExtractor   : extracted value ([start_ti6_8_] : [TIMESTAMP]) - [2023-10-28T10:00]
2023-11-07 02:30:39.894 TRACE 98385 --- [    Test worker] o.h.type.descriptor.sql.BasicExtractor   : extracted value ([updated_7_8_] : [TIMESTAMP]) - [2023-10-30T17:19:56.412271]
2023-11-07 02:30:39.894 TRACE 98385 --- [    Test worker] o.h.type.descriptor.sql.BasicExtractor   : extracted value ([id1_8_] : [BIGINT]) - [8]
2023-11-07 02:30:39.894 TRACE 98385 --- [    Test worker] o.h.type.descriptor.sql.BasicExtractor   : extracted value ([b_id8_8_] : [BIGINT]) - [8]
2023-11-07 02:30:39.894 TRACE 98385 --- [    Test worker] o.h.type.descriptor.sql.BasicExtractor   : extracted value ([created_2_8_] : [TIMESTAMP]) - [2023-10-30T17:19:56.412271]
2023-11-07 02:30:39.894 TRACE 98385 --- [    Test worker] o.h.type.descriptor.sql.BasicExtractor   : extracted value ([end_time3_8_] : [TIMESTAMP]) - [2023-10-28T11:30]
2023-11-07 02:30:39.894 TRACE 98385 --- [    Test worker] o.h.type.descriptor.sql.BasicExtractor   : extracted value ([is_delet4_8_] : [BOOLEAN]) - [false]
2023-11-07 02:30:39.894 TRACE 98385 --- [    Test worker] o.h.type.descriptor.sql.BasicExtractor   : extracted value ([m_id9_8_] : [BIGINT]) - [1]
2023-11-07 02:30:39.894 TRACE 98385 --- [    Test worker] o.h.type.descriptor.sql.BasicExtractor   : extracted value ([price5_8_] : [INTEGER]) - [9500]
2023-11-07 02:30:39.894 TRACE 98385 --- [    Test worker] o.h.type.descriptor.sql.BasicExtractor   : extracted value ([start_ti6_8_] : [TIMESTAMP]) - [2023-10-28T11:00]
2023-11-07 02:30:39.895 TRACE 98385 --- [    Test worker] o.h.type.descriptor.sql.BasicExtractor   : extracted value ([updated_7_8_] : [TIMESTAMP]) - [2023-10-30T17:19:56.412271]
2023-11-07 02:30:39.895 TRACE 98385 --- [    Test worker] o.h.type.descriptor.sql.BasicExtractor   : extracted value ([id1_8_] : [BIGINT]) - [9]
2023-11-07 02:30:39.895 TRACE 98385 --- [    Test worker] o.h.type.descriptor.sql.BasicExtractor   : extracted value ([b_id8_8_] : [BIGINT]) - [9]
2023-11-07 02:30:39.895 TRACE 98385 --- [    Test worker] o.h.type.descriptor.sql.BasicExtractor   : extracted value ([created_2_8_] : [TIMESTAMP]) - [2023-10-30T17:19:56.412271]
2023-11-07 02:30:39.895 TRACE 98385 --- [    Test worker] o.h.type.descriptor.sql.BasicExtractor   : extracted value ([end_time3_8_] : [TIMESTAMP]) - [2023-10-29T10:30]
2023-11-07 02:30:39.895 TRACE 98385 --- [    Test worker] o.h.type.descriptor.sql.BasicExtractor   : extracted value ([is_delet4_8_] : [BOOLEAN]) - [false]
2023-11-07 02:30:39.895 TRACE 98385 --- [    Test worker] o.h.type.descriptor.sql.BasicExtractor   : extracted value ([m_id9_8_] : [BIGINT]) - [1]
2023-11-07 02:30:39.895 TRACE 98385 --- [    Test worker] o.h.type.descriptor.sql.BasicExtractor   : extracted value ([price5_8_] : [INTEGER]) - [12000]
2023-11-07 02:30:39.895 TRACE 98385 --- [    Test worker] o.h.type.descriptor.sql.BasicExtractor   : extracted value ([start_ti6_8_] : [TIMESTAMP]) - [2023-10-29T10:00]
2023-11-07 02:30:39.895 TRACE 98385 --- [    Test worker] o.h.type.descriptor.sql.BasicExtractor   : extracted value ([updated_7_8_] : [TIMESTAMP]) - [2023-10-30T17:19:56.412271]
2023-11-07 02:30:39.895 TRACE 98385 --- [    Test worker] o.h.type.descriptor.sql.BasicExtractor   : extracted value ([id1_8_] : [BIGINT]) - [10]
2023-11-07 02:30:39.895 TRACE 98385 --- [    Test worker] o.h.type.descriptor.sql.BasicExtractor   : extracted value ([b_id8_8_] : [BIGINT]) - [10]
2023-11-07 02:30:39.895 TRACE 98385 --- [    Test worker] o.h.type.descriptor.sql.BasicExtractor   : extracted value ([created_2_8_] : [TIMESTAMP]) - [2023-10-30T17:19:56.412271]
2023-11-07 02:30:39.895 TRACE 98385 --- [    Test worker] o.h.type.descriptor.sql.BasicExtractor   : extracted value ([end_time3_8_] : [TIMESTAMP]) - [2023-10-29T11:30]
2023-11-07 02:30:39.895 TRACE 98385 --- [    Test worker] o.h.type.descriptor.sql.BasicExtractor   : extracted value ([is_delet4_8_] : [BOOLEAN]) - [true]
2023-11-07 02:30:39.895 TRACE 98385 --- [    Test worker] o.h.type.descriptor.sql.BasicExtractor   : extracted value ([m_id9_8_] : [BIGINT]) - [1]
2023-11-07 02:30:39.895 TRACE 98385 --- [    Test worker] o.h.type.descriptor.sql.BasicExtractor   : extracted value ([price5_8_] : [INTEGER]) - [12000]
2023-11-07 02:30:39.895 TRACE 98385 --- [    Test worker] o.h.type.descriptor.sql.BasicExtractor   : extracted value ([start_ti6_8_] : [TIMESTAMP]) - [2023-10-29T11:00]
2023-11-07 02:30:39.895 TRACE 98385 --- [    Test worker] o.h.type.descriptor.sql.BasicExtractor   : extracted value ([updated_7_8_] : [TIMESTAMP]) - [2023-11-01T23:47:34.314384]
2023-11-07 02:30:39.895 TRACE 98385 --- [    Test worker] o.h.type.descriptor.sql.BasicExtractor   : extracted value ([id1_8_] : [BIGINT]) - [21]
2023-11-07 02:30:39.895 TRACE 98385 --- [    Test worker] o.h.type.descriptor.sql.BasicExtractor   : extracted value ([b_id8_8_] : [BIGINT]) - [1]
2023-11-07 02:30:39.895 TRACE 98385 --- [    Test worker] o.h.type.descriptor.sql.BasicExtractor   : extracted value ([created_2_8_] : [TIMESTAMP]) - [2023-11-01T23:39:43.960177]
2023-11-07 02:30:39.895 TRACE 98385 --- [    Test worker] o.h.type.descriptor.sql.BasicExtractor   : extracted value ([end_time3_8_] : [TIMESTAMP]) - [2023-10-13T12:40]
2023-11-07 02:30:39.895 TRACE 98385 --- [    Test worker] o.h.type.descriptor.sql.BasicExtractor   : extracted value ([is_delet4_8_] : [BOOLEAN]) - [true]
2023-11-07 02:30:39.895 TRACE 98385 --- [    Test worker] o.h.type.descriptor.sql.BasicExtractor   : extracted value ([m_id9_8_] : [BIGINT]) - [61]
2023-11-07 02:30:39.895 TRACE 98385 --- [    Test worker] o.h.type.descriptor.sql.BasicExtractor   : extracted value ([price5_8_] : [INTEGER]) - [10000]
2023-11-07 02:30:39.895 TRACE 98385 --- [    Test worker] o.h.type.descriptor.sql.BasicExtractor   : extracted value ([start_ti6_8_] : [TIMESTAMP]) - [2023-10-13T12:10]
2023-11-07 02:30:39.895 TRACE 98385 --- [    Test worker] o.h.type.descriptor.sql.BasicExtractor   : extracted value ([updated_7_8_] : [TIMESTAMP]) - [2023-11-01T23:47:12.272712]
2023-11-07 02:30:39.895 TRACE 98385 --- [    Test worker] o.h.type.descriptor.sql.BasicExtractor   : extracted value ([id1_8_] : [BIGINT]) - [22]
2023-11-07 02:30:39.895 TRACE 98385 --- [    Test worker] o.h.type.descriptor.sql.BasicExtractor   : extracted value ([b_id8_8_] : [BIGINT]) - [1]
2023-11-07 02:30:39.895 TRACE 98385 --- [    Test worker] o.h.type.descriptor.sql.BasicExtractor   : extracted value ([created_2_8_] : [TIMESTAMP]) - [2023-11-01T23:50:20.346148]
2023-11-07 02:30:39.895 TRACE 98385 --- [    Test worker] o.h.type.descriptor.sql.BasicExtractor   : extracted value ([end_time3_8_] : [TIMESTAMP]) - [2023-10-13T11:40]
2023-11-07 02:30:39.895 TRACE 98385 --- [    Test worker] o.h.type.descriptor.sql.BasicExtractor   : extracted value ([is_delet4_8_] : [BOOLEAN]) - [true]
2023-11-07 02:30:39.895 TRACE 98385 --- [    Test worker] o.h.type.descriptor.sql.BasicExtractor   : extracted value ([m_id9_8_] : [BIGINT]) - [61]
2023-11-07 02:30:39.895 TRACE 98385 --- [    Test worker] o.h.type.descriptor.sql.BasicExtractor   : extracted value ([price5_8_] : [INTEGER]) - [10000]
2023-11-07 02:30:39.895 TRACE 98385 --- [    Test worker] o.h.type.descriptor.sql.BasicExtractor   : extracted value ([start_ti6_8_] : [TIMESTAMP]) - [2023-10-13T11:10]
2023-11-07 02:30:39.895 TRACE 98385 --- [    Test worker] o.h.type.descriptor.sql.BasicExtractor   : extracted value ([updated_7_8_] : [TIMESTAMP]) - [2023-11-04T21:57:32.549587]
2023-11-07 02:30:39.895 TRACE 98385 --- [    Test worker] o.h.type.descriptor.sql.BasicExtractor   : extracted value ([id1_8_] : [BIGINT]) - [23]
2023-11-07 02:30:39.895 TRACE 98385 --- [    Test worker] o.h.type.descriptor.sql.BasicExtractor   : extracted value ([b_id8_8_] : [BIGINT]) - [17]
2023-11-07 02:30:39.895 TRACE 98385 --- [    Test worker] o.h.type.descriptor.sql.BasicExtractor   : extracted value ([created_2_8_] : [TIMESTAMP]) - [2023-11-02T00:19:49.892438]
2023-11-07 02:30:39.895 TRACE 98385 --- [    Test worker] o.h.type.descriptor.sql.BasicExtractor   : extracted value ([end_time3_8_] : [TIMESTAMP]) - [2023-10-13T11:40]
2023-11-07 02:30:39.895 TRACE 98385 --- [    Test worker] o.h.type.descriptor.sql.BasicExtractor   : extracted value ([is_delet4_8_] : [BOOLEAN]) - [true]
2023-11-07 02:30:39.895 TRACE 98385 --- [    Test worker] o.h.type.descriptor.sql.BasicExtractor   : extracted value ([m_id9_8_] : [BIGINT]) - [61]
2023-11-07 02:30:39.895 TRACE 98385 --- [    Test worker] o.h.type.descriptor.sql.BasicExtractor   : extracted value ([price5_8_] : [INTEGER]) - [100]
2023-11-07 02:30:39.895 TRACE 98385 --- [    Test worker] o.h.type.descriptor.sql.BasicExtractor   : extracted value ([start_ti6_8_] : [TIMESTAMP]) - [2023-10-13T11:10]
2023-11-07 02:30:39.895 TRACE 98385 --- [    Test worker] o.h.type.descriptor.sql.BasicExtractor   : extracted value ([updated_7_8_] : [TIMESTAMP]) - [2023-11-04T21:58:01.059616]
2023-11-07 02:30:39.895 TRACE 98385 --- [    Test worker] o.h.type.descriptor.sql.BasicExtractor   : extracted value ([id1_8_] : [BIGINT]) - [24]
2023-11-07 02:30:39.895 TRACE 98385 --- [    Test worker] o.h.type.descriptor.sql.BasicExtractor   : extracted value ([b_id8_8_] : [BIGINT]) - [17]
2023-11-07 02:30:39.895 TRACE 98385 --- [    Test worker] o.h.type.descriptor.sql.BasicExtractor   : extracted value ([created_2_8_] : [TIMESTAMP]) - [2023-11-02T00:19:56.286087]
2023-11-07 02:30:39.895 TRACE 98385 --- [    Test worker] o.h.type.descriptor.sql.BasicExtractor   : extracted value ([end_time3_8_] : [TIMESTAMP]) - [2023-10-13T13:40]
2023-11-07 02:30:39.895 TRACE 98385 --- [    Test worker] o.h.type.descriptor.sql.BasicExtractor   : extracted value ([is_delet4_8_] : [BOOLEAN]) - [false]
2023-11-07 02:30:39.896 TRACE 98385 --- [    Test worker] o.h.type.descriptor.sql.BasicExtractor   : extracted value ([m_id9_8_] : [BIGINT]) - [61]
2023-11-07 02:30:39.896 TRACE 98385 --- [    Test worker] o.h.type.descriptor.sql.BasicExtractor   : extracted value ([price5_8_] : [INTEGER]) - [100]
2023-11-07 02:30:39.896 TRACE 98385 --- [    Test worker] o.h.type.descriptor.sql.BasicExtractor   : extracted value ([start_ti6_8_] : [TIMESTAMP]) - [2023-10-13T13:10]
2023-11-07 02:30:39.896 TRACE 98385 --- [    Test worker] o.h.type.descriptor.sql.BasicExtractor   : extracted value ([updated_7_8_] : [TIMESTAMP]) - [2023-11-02T00:19:56.286087]
2023-11-07 02:30:39.896 TRACE 98385 --- [    Test worker] o.h.type.descriptor.sql.BasicExtractor   : extracted value ([id1_8_] : [BIGINT]) - [37]
2023-11-07 02:30:39.896 TRACE 98385 --- [    Test worker] o.h.type.descriptor.sql.BasicExtractor   : extracted value ([b_id8_8_] : [BIGINT]) - [1]
2023-11-07 02:30:39.896 TRACE 98385 --- [    Test worker] o.h.type.descriptor.sql.BasicExtractor   : extracted value ([created_2_8_] : [TIMESTAMP]) - [2023-11-02T19:29:49.059448]
2023-11-07 02:30:39.896 TRACE 98385 --- [    Test worker] o.h.type.descriptor.sql.BasicExtractor   : extracted value ([end_time3_8_] : [TIMESTAMP]) - [2023-10-13T12:40]
2023-11-07 02:30:39.896 TRACE 98385 --- [    Test worker] o.h.type.descriptor.sql.BasicExtractor   : extracted value ([is_delet4_8_] : [BOOLEAN]) - [false]
2023-11-07 02:30:39.896 TRACE 98385 --- [    Test worker] o.h.type.descriptor.sql.BasicExtractor   : extracted value ([m_id9_8_] : [BIGINT]) - [2]
2023-11-07 02:30:39.896 TRACE 98385 --- [    Test worker] o.h.type.descriptor.sql.BasicExtractor   : extracted value ([price5_8_] : [INTEGER]) - [3000]
2023-11-07 02:30:39.896 TRACE 98385 --- [    Test worker] o.h.type.descriptor.sql.BasicExtractor   : extracted value ([start_ti6_8_] : [TIMESTAMP]) - [2023-10-13T12:10]
2023-11-07 02:30:39.896 TRACE 98385 --- [    Test worker] o.h.type.descriptor.sql.BasicExtractor   : extracted value ([updated_7_8_] : [TIMESTAMP]) - [2023-11-07T00:21:05.400495]
2023-11-07 02:30:39.896 TRACE 98385 --- [    Test worker] o.h.type.descriptor.sql.BasicExtractor   : extracted value ([id1_8_] : [BIGINT]) - [38]
2023-11-07 02:30:39.896 TRACE 98385 --- [    Test worker] o.h.type.descriptor.sql.BasicExtractor   : extracted value ([b_id8_8_] : [BIGINT]) - [1]
2023-11-07 02:30:39.896 TRACE 98385 --- [    Test worker] o.h.type.descriptor.sql.BasicExtractor   : extracted value ([created_2_8_] : [TIMESTAMP]) - [2023-11-02T19:30:49.811272]
2023-11-07 02:30:39.896 TRACE 98385 --- [    Test worker] o.h.type.descriptor.sql.BasicExtractor   : extracted value ([end_time3_8_] : [TIMESTAMP]) - [2023-11-02T13:40]
2023-11-07 02:30:39.896 TRACE 98385 --- [    Test worker] o.h.type.descriptor.sql.BasicExtractor   : extracted value ([is_delet4_8_] : [BOOLEAN]) - [true]
2023-11-07 02:30:39.896 TRACE 98385 --- [    Test worker] o.h.type.descriptor.sql.BasicExtractor   : extracted value ([m_id9_8_] : [BIGINT]) - [2]
2023-11-07 02:30:39.896 TRACE 98385 --- [    Test worker] o.h.type.descriptor.sql.BasicExtractor   : extracted value ([price5_8_] : [INTEGER]) - [3000]
2023-11-07 02:30:39.896 TRACE 98385 --- [    Test worker] o.h.type.descriptor.sql.BasicExtractor   : extracted value ([start_ti6_8_] : [TIMESTAMP]) - [2023-11-02T13:10]
2023-11-07 02:30:39.896 TRACE 98385 --- [    Test worker] o.h.type.descriptor.sql.BasicExtractor   : extracted value ([updated_7_8_] : [TIMESTAMP]) - [2023-11-07T00:20:29.099594]
2023-11-07 02:30:39.896 TRACE 98385 --- [    Test worker] o.h.type.descriptor.sql.BasicExtractor   : extracted value ([id1_8_] : [BIGINT]) - [39]
2023-11-07 02:30:39.896 TRACE 98385 --- [    Test worker] o.h.type.descriptor.sql.BasicExtractor   : extracted value ([b_id8_8_] : [BIGINT]) - [1]
2023-11-07 02:30:39.896 TRACE 98385 --- [    Test worker] o.h.type.descriptor.sql.BasicExtractor   : extracted value ([created_2_8_] : [TIMESTAMP]) - [2023-11-03T17:38:07.389456]
2023-11-07 02:30:39.896 TRACE 98385 --- [    Test worker] o.h.type.descriptor.sql.BasicExtractor   : extracted value ([end_time3_8_] : [TIMESTAMP]) - [2023-11-01T11:00]
2023-11-07 02:30:39.896 TRACE 98385 --- [    Test worker] o.h.type.descriptor.sql.BasicExtractor   : extracted value ([is_delet4_8_] : [BOOLEAN]) - [false]
2023-11-07 02:30:39.896 TRACE 98385 --- [    Test worker] o.h.type.descriptor.sql.BasicExtractor   : extracted value ([m_id9_8_] : [BIGINT]) - [1]
2023-11-07 02:30:39.896 TRACE 98385 --- [    Test worker] o.h.type.descriptor.sql.BasicExtractor   : extracted value ([price5_8_] : [INTEGER]) - [6000]
2023-11-07 02:30:39.896 TRACE 98385 --- [    Test worker] o.h.type.descriptor.sql.BasicExtractor   : extracted value ([start_ti6_8_] : [TIMESTAMP]) - [2023-11-01T10:00]
2023-11-07 02:30:39.896 TRACE 98385 --- [    Test worker] o.h.type.descriptor.sql.BasicExtractor   : extracted value ([updated_7_8_] : [TIMESTAMP]) - [2023-11-03T17:38:07.389456]
2023-11-07 02:30:39.896 TRACE 98385 --- [    Test worker] o.h.type.descriptor.sql.BasicExtractor   : extracted value ([id1_8_] : [BIGINT]) - [40]
2023-11-07 02:30:39.896 TRACE 98385 --- [    Test worker] o.h.type.descriptor.sql.BasicExtractor   : extracted value ([b_id8_8_] : [BIGINT]) - [1]
2023-11-07 02:30:39.896 TRACE 98385 --- [    Test worker] o.h.type.descriptor.sql.BasicExtractor   : extracted value ([created_2_8_] : [TIMESTAMP]) - [2023-11-03T19:32:06.092724]
2023-11-07 02:30:39.896 TRACE 98385 --- [    Test worker] o.h.type.descriptor.sql.BasicExtractor   : extracted value ([end_time3_8_] : [TIMESTAMP]) - [2023-11-01T10:00]
2023-11-07 02:30:39.896 TRACE 98385 --- [    Test worker] o.h.type.descriptor.sql.BasicExtractor   : extracted value ([is_delet4_8_] : [BOOLEAN]) - [false]
2023-11-07 02:30:39.896 TRACE 98385 --- [    Test worker] o.h.type.descriptor.sql.BasicExtractor   : extracted value ([m_id9_8_] : [BIGINT]) - [1]
2023-11-07 02:30:39.896 TRACE 98385 --- [    Test worker] o.h.type.descriptor.sql.BasicExtractor   : extracted value ([price5_8_] : [INTEGER]) - [6000]
2023-11-07 02:30:39.896 TRACE 98385 --- [    Test worker] o.h.type.descriptor.sql.BasicExtractor   : extracted value ([start_ti6_8_] : [TIMESTAMP]) - [2023-11-01T09:00]
2023-11-07 02:30:39.896 TRACE 98385 --- [    Test worker] o.h.type.descriptor.sql.BasicExtractor   : extracted value ([updated_7_8_] : [TIMESTAMP]) - [2023-11-03T19:32:06.092724]
2023-11-07 02:30:39.896 TRACE 98385 --- [    Test worker] o.h.type.descriptor.sql.BasicExtractor   : extracted value ([id1_8_] : [BIGINT]) - [41]
2023-11-07 02:30:39.896 TRACE 98385 --- [    Test worker] o.h.type.descriptor.sql.BasicExtractor   : extracted value ([b_id8_8_] : [BIGINT]) - [1]
2023-11-07 02:30:39.896 TRACE 98385 --- [    Test worker] o.h.type.descriptor.sql.BasicExtractor   : extracted value ([created_2_8_] : [TIMESTAMP]) - [2023-11-03T20:01:55.531780]
2023-11-07 02:30:39.896 TRACE 98385 --- [    Test worker] o.h.type.descriptor.sql.BasicExtractor   : extracted value ([end_time3_8_] : [TIMESTAMP]) - [2023-11-01T09:00]
2023-11-07 02:30:39.896 TRACE 98385 --- [    Test worker] o.h.type.descriptor.sql.BasicExtractor   : extracted value ([is_delet4_8_] : [BOOLEAN]) - [false]
2023-11-07 02:30:39.896 TRACE 98385 --- [    Test worker] o.h.type.descriptor.sql.BasicExtractor   : extracted value ([m_id9_8_] : [BIGINT]) - [1]
2023-11-07 02:30:39.896 TRACE 98385 --- [    Test worker] o.h.type.descriptor.sql.BasicExtractor   : extracted value ([price5_8_] : [INTEGER]) - [0]
2023-11-07 02:30:39.896 TRACE 98385 --- [    Test worker] o.h.type.descriptor.sql.BasicExtractor   : extracted value ([start_ti6_8_] : [TIMESTAMP]) - [2023-11-01T09:00]
2023-11-07 02:30:39.896 TRACE 98385 --- [    Test worker] o.h.type.descriptor.sql.BasicExtractor   : extracted value ([updated_7_8_] : [TIMESTAMP]) - [2023-11-03T20:01:55.531780]
2023-11-07 02:30:39.896 TRACE 98385 --- [    Test worker] o.h.type.descriptor.sql.BasicExtractor   : extracted value ([id1_8_] : [BIGINT]) - [42]
2023-11-07 02:30:39.896 TRACE 98385 --- [    Test worker] o.h.type.descriptor.sql.BasicExtractor   : extracted value ([b_id8_8_] : [BIGINT]) - [1]
2023-11-07 02:30:39.896 TRACE 98385 --- [    Test worker] o.h.type.descriptor.sql.BasicExtractor   : extracted value ([created_2_8_] : [TIMESTAMP]) - [2023-11-03T20:05:58.228837]
2023-11-07 02:30:39.896 TRACE 98385 --- [    Test worker] o.h.type.descriptor.sql.BasicExtractor   : extracted value ([end_time3_8_] : [TIMESTAMP]) - [2024-11-01T10:00]
2023-11-07 02:30:39.896 TRACE 98385 --- [    Test worker] o.h.type.descriptor.sql.BasicExtractor   : extracted value ([is_delet4_8_] : [BOOLEAN]) - [false]
2023-11-07 02:30:39.896 TRACE 98385 --- [    Test worker] o.h.type.descriptor.sql.BasicExtractor   : extracted value ([m_id9_8_] : [BIGINT]) - [1]
2023-11-07 02:30:39.896 TRACE 98385 --- [    Test worker] o.h.type.descriptor.sql.BasicExtractor   : extracted value ([price5_8_] : [INTEGER]) - [6000]
2023-11-07 02:30:39.896 TRACE 98385 --- [    Test worker] o.h.type.descriptor.sql.BasicExtractor   : extracted value ([start_ti6_8_] : [TIMESTAMP]) - [2024-11-01T09:00]
2023-11-07 02:30:39.896 TRACE 98385 --- [    Test worker] o.h.type.descriptor.sql.BasicExtractor   : extracted value ([updated_7_8_] : [TIMESTAMP]) - [2023-11-03T20:05:58.228837]
2023-11-07 02:30:39.896 TRACE 98385 --- [    Test worker] o.h.type.descriptor.sql.BasicExtractor   : extracted value ([id1_8_] : [BIGINT]) - [43]
2023-11-07 02:30:39.896 TRACE 98385 --- [    Test worker] o.h.type.descriptor.sql.BasicExtractor   : extracted value ([b_id8_8_] : [BIGINT]) - [1]
2023-11-07 02:30:39.897 TRACE 98385 --- [    Test worker] o.h.type.descriptor.sql.BasicExtractor   : extracted value ([created_2_8_] : [TIMESTAMP]) - [2023-11-03T20:33:56.312323]
2023-11-07 02:30:39.897 TRACE 98385 --- [    Test worker] o.h.type.descriptor.sql.BasicExtractor   : extracted value ([end_time3_8_] : [TIMESTAMP]) - [2024-11-01T11:00]
2023-11-07 02:30:39.897 TRACE 98385 --- [    Test worker] o.h.type.descriptor.sql.BasicExtractor   : extracted value ([is_delet4_8_] : [BOOLEAN]) - [false]
2023-11-07 02:30:39.897 TRACE 98385 --- [    Test worker] o.h.type.descriptor.sql.BasicExtractor   : extracted value ([m_id9_8_] : [BIGINT]) - [1]
2023-11-07 02:30:39.897 TRACE 98385 --- [    Test worker] o.h.type.descriptor.sql.BasicExtractor   : extracted value ([price5_8_] : [INTEGER]) - [6000]
2023-11-07 02:30:39.897 TRACE 98385 --- [    Test worker] o.h.type.descriptor.sql.BasicExtractor   : extracted value ([start_ti6_8_] : [TIMESTAMP]) - [2024-11-01T10:00]
2023-11-07 02:30:39.897 TRACE 98385 --- [    Test worker] o.h.type.descriptor.sql.BasicExtractor   : extracted value ([updated_7_8_] : [TIMESTAMP]) - [2023-11-03T20:33:56.312323]
2023-11-07 02:30:39.897 TRACE 98385 --- [    Test worker] o.h.type.descriptor.sql.BasicExtractor   : extracted value ([id1_8_] : [BIGINT]) - [44]
2023-11-07 02:30:39.897 TRACE 98385 --- [    Test worker] o.h.type.descriptor.sql.BasicExtractor   : extracted value ([b_id8_8_] : [BIGINT]) - [1]
2023-11-07 02:30:39.897 TRACE 98385 --- [    Test worker] o.h.type.descriptor.sql.BasicExtractor   : extracted value ([created_2_8_] : [TIMESTAMP]) - [2023-11-03T20:48:07.670962]
2023-11-07 02:30:39.897 TRACE 98385 --- [    Test worker] o.h.type.descriptor.sql.BasicExtractor   : extracted value ([end_time3_8_] : [TIMESTAMP]) - [2024-11-01T12:00]
2023-11-07 02:30:39.897 TRACE 98385 --- [    Test worker] o.h.type.descriptor.sql.BasicExtractor   : extracted value ([is_delet4_8_] : [BOOLEAN]) - [false]
2023-11-07 02:30:39.897 TRACE 98385 --- [    Test worker] o.h.type.descriptor.sql.BasicExtractor   : extracted value ([m_id9_8_] : [BIGINT]) - [1]
2023-11-07 02:30:39.897 TRACE 98385 --- [    Test worker] o.h.type.descriptor.sql.BasicExtractor   : extracted value ([price5_8_] : [INTEGER]) - [6000]
2023-11-07 02:30:39.897 TRACE 98385 --- [    Test worker] o.h.type.descriptor.sql.BasicExtractor   : extracted value ([start_ti6_8_] : [TIMESTAMP]) - [2024-11-01T11:00]
2023-11-07 02:30:39.897 TRACE 98385 --- [    Test worker] o.h.type.descriptor.sql.BasicExtractor   : extracted value ([updated_7_8_] : [TIMESTAMP]) - [2023-11-03T20:48:07.670962]
2023-11-07 02:30:39.897 TRACE 98385 --- [    Test worker] o.h.type.descriptor.sql.BasicExtractor   : extracted value ([id1_8_] : [BIGINT]) - [45]
2023-11-07 02:30:39.897 TRACE 98385 --- [    Test worker] o.h.type.descriptor.sql.BasicExtractor   : extracted value ([b_id8_8_] : [BIGINT]) - [1]
2023-11-07 02:30:39.897 TRACE 98385 --- [    Test worker] o.h.type.descriptor.sql.BasicExtractor   : extracted value ([created_2_8_] : [TIMESTAMP]) - [2023-11-03T21:01:05.303063]
2023-11-07 02:30:39.897 TRACE 98385 --- [    Test worker] o.h.type.descriptor.sql.BasicExtractor   : extracted value ([end_time3_8_] : [TIMESTAMP]) - [2024-11-01T13:00]
2023-11-07 02:30:39.897 TRACE 98385 --- [    Test worker] o.h.type.descriptor.sql.BasicExtractor   : extracted value ([is_delet4_8_] : [BOOLEAN]) - [false]
2023-11-07 02:30:39.897 TRACE 98385 --- [    Test worker] o.h.type.descriptor.sql.BasicExtractor   : extracted value ([m_id9_8_] : [BIGINT]) - [1]
2023-11-07 02:30:39.897 TRACE 98385 --- [    Test worker] o.h.type.descriptor.sql.BasicExtractor   : extracted value ([price5_8_] : [INTEGER]) - [6000]
2023-11-07 02:30:39.897 TRACE 98385 --- [    Test worker] o.h.type.descriptor.sql.BasicExtractor   : extracted value ([start_ti6_8_] : [TIMESTAMP]) - [2024-11-01T12:00]
2023-11-07 02:30:39.897 TRACE 98385 --- [    Test worker] o.h.type.descriptor.sql.BasicExtractor   : extracted value ([updated_7_8_] : [TIMESTAMP]) - [2023-11-03T21:01:05.303063]
2023-11-07 02:30:39.897 TRACE 98385 --- [    Test worker] o.h.type.descriptor.sql.BasicExtractor   : extracted value ([id1_8_] : [BIGINT]) - [46]
2023-11-07 02:30:39.897 TRACE 98385 --- [    Test worker] o.h.type.descriptor.sql.BasicExtractor   : extracted value ([b_id8_8_] : [BIGINT]) - [1]
2023-11-07 02:30:39.897 TRACE 98385 --- [    Test worker] o.h.type.descriptor.sql.BasicExtractor   : extracted value ([created_2_8_] : [TIMESTAMP]) - [2023-11-03T21:33:46.376654]
2023-11-07 02:30:39.897 TRACE 98385 --- [    Test worker] o.h.type.descriptor.sql.BasicExtractor   : extracted value ([end_time3_8_] : [TIMESTAMP]) - [2023-10-18T22:00]
2023-11-07 02:30:39.897 TRACE 98385 --- [    Test worker] o.h.type.descriptor.sql.BasicExtractor   : extracted value ([is_delet4_8_] : [BOOLEAN]) - [false]
2023-11-07 02:30:39.897 TRACE 98385 --- [    Test worker] o.h.type.descriptor.sql.BasicExtractor   : extracted value ([m_id9_8_] : [BIGINT]) - [61]
2023-11-07 02:30:39.897 TRACE 98385 --- [    Test worker] o.h.type.descriptor.sql.BasicExtractor   : extracted value ([price5_8_] : [INTEGER]) - [3000]
2023-11-07 02:30:39.897 TRACE 98385 --- [    Test worker] o.h.type.descriptor.sql.BasicExtractor   : extracted value ([start_ti6_8_] : [TIMESTAMP]) - [2023-10-18T21:30]
2023-11-07 02:30:39.897 TRACE 98385 --- [    Test worker] o.h.type.descriptor.sql.BasicExtractor   : extracted value ([updated_7_8_] : [TIMESTAMP]) - [2023-11-06T13:38:02.720037]
2023-11-07 02:30:39.897 TRACE 98385 --- [    Test worker] o.h.type.descriptor.sql.BasicExtractor   : extracted value ([id1_8_] : [BIGINT]) - [47]
2023-11-07 02:30:39.897 TRACE 98385 --- [    Test worker] o.h.type.descriptor.sql.BasicExtractor   : extracted value ([b_id8_8_] : [BIGINT]) - [1]
2023-11-07 02:30:39.897 TRACE 98385 --- [    Test worker] o.h.type.descriptor.sql.BasicExtractor   : extracted value ([created_2_8_] : [TIMESTAMP]) - [2023-11-03T22:39:13.924831]
2023-11-07 02:30:39.897 TRACE 98385 --- [    Test worker] o.h.type.descriptor.sql.BasicExtractor   : extracted value ([end_time3_8_] : [TIMESTAMP]) - [2024-11-01T18:00]
2023-11-07 02:30:39.897 TRACE 98385 --- [    Test worker] o.h.type.descriptor.sql.BasicExtractor   : extracted value ([is_delet4_8_] : [BOOLEAN]) - [true]
2023-11-07 02:30:39.897 TRACE 98385 --- [    Test worker] o.h.type.descriptor.sql.BasicExtractor   : extracted value ([m_id9_8_] : [BIGINT]) - [61]
2023-11-07 02:30:39.897 TRACE 98385 --- [    Test worker] o.h.type.descriptor.sql.BasicExtractor   : extracted value ([price5_8_] : [INTEGER]) - [6000]
2023-11-07 02:30:39.897 TRACE 98385 --- [    Test worker] o.h.type.descriptor.sql.BasicExtractor   : extracted value ([start_ti6_8_] : [TIMESTAMP]) - [2024-11-01T17:00]
2023-11-07 02:30:39.897 TRACE 98385 --- [    Test worker] o.h.type.descriptor.sql.BasicExtractor   : extracted value ([updated_7_8_] : [TIMESTAMP]) - [2023-11-06T13:23:40.449351]
2023-11-07 02:30:39.897 TRACE 98385 --- [    Test worker] o.h.type.descriptor.sql.BasicExtractor   : extracted value ([id1_8_] : [BIGINT]) - [48]
2023-11-07 02:30:39.897 TRACE 98385 --- [    Test worker] o.h.type.descriptor.sql.BasicExtractor   : extracted value ([b_id8_8_] : [BIGINT]) - [1]
2023-11-07 02:30:39.897 TRACE 98385 --- [    Test worker] o.h.type.descriptor.sql.BasicExtractor   : extracted value ([created_2_8_] : [TIMESTAMP]) - [2023-11-04T22:17:53.614800]
2023-11-07 02:30:39.897 TRACE 98385 --- [    Test worker] o.h.type.descriptor.sql.BasicExtractor   : extracted value ([end_time3_8_] : [TIMESTAMP]) - [2023-11-04T13:40]
2023-11-07 02:30:39.897 TRACE 98385 --- [    Test worker] o.h.type.descriptor.sql.BasicExtractor   : extracted value ([is_delet4_8_] : [BOOLEAN]) - [true]
2023-11-07 02:30:39.897 TRACE 98385 --- [    Test worker] o.h.type.descriptor.sql.BasicExtractor   : extracted value ([m_id9_8_] : [BIGINT]) - [61]
2023-11-07 02:30:39.897 TRACE 98385 --- [    Test worker] o.h.type.descriptor.sql.BasicExtractor   : extracted value ([price5_8_] : [INTEGER]) - [3000]
2023-11-07 02:30:39.897 TRACE 98385 --- [    Test worker] o.h.type.descriptor.sql.BasicExtractor   : extracted value ([start_ti6_8_] : [TIMESTAMP]) - [2023-11-04T13:10]
2023-11-07 02:30:39.897 TRACE 98385 --- [    Test worker] o.h.type.descriptor.sql.BasicExtractor   : extracted value ([updated_7_8_] : [TIMESTAMP]) - [2023-11-04T22:18:58.922487]
2023-11-07 02:30:39.897 TRACE 98385 --- [    Test worker] o.h.type.descriptor.sql.BasicExtractor   : extracted value ([id1_8_] : [BIGINT]) - [49]
2023-11-07 02:30:39.897 TRACE 98385 --- [    Test worker] o.h.type.descriptor.sql.BasicExtractor   : extracted value ([b_id8_8_] : [BIGINT]) - [1]
2023-11-07 02:30:39.897 TRACE 98385 --- [    Test worker] o.h.type.descriptor.sql.BasicExtractor   : extracted value ([created_2_8_] : [TIMESTAMP]) - [2023-11-04T22:19:09.191277]
2023-11-07 02:30:39.897 TRACE 98385 --- [    Test worker] o.h.type.descriptor.sql.BasicExtractor   : extracted value ([end_time3_8_] : [TIMESTAMP]) - [2023-11-04T13:40]
2023-11-07 02:30:39.897 TRACE 98385 --- [    Test worker] o.h.type.descriptor.sql.BasicExtractor   : extracted value ([is_delet4_8_] : [BOOLEAN]) - [false]
2023-11-07 02:30:39.897 TRACE 98385 --- [    Test worker] o.h.type.descriptor.sql.BasicExtractor   : extracted value ([m_id9_8_] : [BIGINT]) - [61]
2023-11-07 02:30:39.897 TRACE 98385 --- [    Test worker] o.h.type.descriptor.sql.BasicExtractor   : extracted value ([price5_8_] : [INTEGER]) - [3000]
2023-11-07 02:30:39.897 TRACE 98385 --- [    Test worker] o.h.type.descriptor.sql.BasicExtractor   : extracted value ([start_ti6_8_] : [TIMESTAMP]) - [2023-11-04T13:10]
2023-11-07 02:30:39.897 TRACE 98385 --- [    Test worker] o.h.type.descriptor.sql.BasicExtractor   : extracted value ([updated_7_8_] : [TIMESTAMP]) - [2023-11-04T22:19:09.191277]
2023-11-07 02:30:39.897 TRACE 98385 --- [    Test worker] o.h.type.descriptor.sql.BasicExtractor   : extracted value ([id1_8_] : [BIGINT]) - [54]
2023-11-07 02:30:39.897 TRACE 98385 --- [    Test worker] o.h.type.descriptor.sql.BasicExtractor   : extracted value ([b_id8_8_] : [BIGINT]) - [1]
2023-11-07 02:30:39.897 TRACE 98385 --- [    Test worker] o.h.type.descriptor.sql.BasicExtractor   : extracted value ([created_2_8_] : [TIMESTAMP]) - [2023-11-05T00:13:06.577624]
2023-11-07 02:30:39.897 TRACE 98385 --- [    Test worker] o.h.type.descriptor.sql.BasicExtractor   : extracted value ([end_time3_8_] : [TIMESTAMP]) - [2023-11-05T13:40]
2023-11-07 02:30:39.897 TRACE 98385 --- [    Test worker] o.h.type.descriptor.sql.BasicExtractor   : extracted value ([is_delet4_8_] : [BOOLEAN]) - [false]
2023-11-07 02:30:39.897 TRACE 98385 --- [    Test worker] o.h.type.descriptor.sql.BasicExtractor   : extracted value ([m_id9_8_] : [BIGINT]) - [2]
2023-11-07 02:30:39.897 TRACE 98385 --- [    Test worker] o.h.type.descriptor.sql.BasicExtractor   : extracted value ([price5_8_] : [INTEGER]) - [3000]
2023-11-07 02:30:39.897 TRACE 98385 --- [    Test worker] o.h.type.descriptor.sql.BasicExtractor   : extracted value ([start_ti6_8_] : [TIMESTAMP]) - [2023-11-05T13:10]
2023-11-07 02:30:39.897 TRACE 98385 --- [    Test worker] o.h.type.descriptor.sql.BasicExtractor   : extracted value ([updated_7_8_] : [TIMESTAMP]) - [2023-11-05T00:13:06.577624]
1
1
1
reservation id: 1
응답 Body : {"success":true,"response":null,"error":null}
2023-11-07 02:30:39.928  INFO 98385 --- [    Test worker] o.s.t.c.transaction.TransactionContext   : Rolled back transaction for test: [DefaultTestContext@7d2c6085 testClass = ReservationRestControllerTest, testInstance = bdbe.bdbd.reservation.ReservationRestControllerTest@6c78ad08, testMethod = deleteReservation_test@ReservationRestControllerTest, testException = [null], mergedContextConfiguration = [WebMergedContextConfiguration@3328d00b testClass = ReservationRestControllerTest, locations = '{}', classes = '{class bdbe.bdbd.BdbdApplication}', contextInitializerClasses = '[]', activeProfiles = '{}', propertySourceLocations = '{}', propertySourceProperties = '{org.springframework.boot.test.context.SpringBootTestContextBootstrapper=true}', contextCustomizers = set[org.springframework.boot.test.autoconfigure.actuate.metrics.MetricsExportContextCustomizerFactory$DisableMetricExportContextCustomizer@78fb9a67, org.springframework.boot.test.autoconfigure.properties.PropertyMappingContextCustomizer@4b3fa0b3, org.springframework.boot.test.autoconfigure.web.servlet.WebDriverContextCustomizerFactory$Customizer@2692b61e, [ImportsContextCustomizer@2e740f3c key = [org.springframework.boot.test.autoconfigure.web.servlet.MockMvcAutoConfiguration, org.springframework.boot.test.autoconfigure.web.servlet.MockMvcWebClientAutoConfiguration, org.springframework.boot.test.autoconfigure.web.servlet.MockMvcWebDriverAutoConfiguration, org.springframework.boot.autoconfigure.security.oauth2.client.servlet.OAuth2ClientAutoConfiguration, org.springframework.boot.autoconfigure.security.oauth2.resource.servlet.OAuth2ResourceServerAutoConfiguration, org.springframework.boot.autoconfigure.security.servlet.SecurityAutoConfiguration, org.springframework.boot.autoconfigure.security.servlet.SecurityFilterAutoConfiguration, org.springframework.boot.autoconfigure.security.servlet.UserDetailsServiceAutoConfiguration, org.springframework.boot.test.autoconfigure.web.servlet.MockMvcSecurityConfiguration, org.springframework.boot.test.autoconfigure.web.reactive.WebTestClientAutoConfiguration]], org.springframework.boot.test.context.filter.ExcludeFilterContextCustomizer@47dbb1e2, org.springframework.boot.test.json.DuplicateJsonObjectContextCustomizerFactory$DuplicateJsonObjectContextCustomizer@6d24ffa1, org.springframework.boot.test.mock.mockito.MockitoContextCustomizer@0, org.springframework.boot.test.web.client.TestRestTemplateContextCustomizer@5ddabb18, org.springframework.boot.test.context.SpringBootTestArgs@1, org.springframework.boot.test.context.SpringBootTestWebEnvironment@7b993c65], resourceBasePath = 'src/main/webapp', contextLoader = 'org.springframework.boot.test.context.SpringBootContextLoader', parent = [null]], attributes = map['org.springframework.test.context.web.ServletTestExecutionListener.activateListener' -> true, 'org.springframework.test.context.web.ServletTestExecutionListener.populatedRequestContextHolder' -> true, 'org.springframework.test.context.web.ServletTestExecutionListener.resetRequestContextHolder' -> true, 'org.springframework.test.context.event.ApplicationEventsTestExecutionListener.recordApplicationEvents' -> false]]
2023-11-07 02:30:39.970  INFO 98385 --- [    Test worker] o.s.t.c.transaction.TransactionContext   : Began transaction (1) for test context [DefaultTestContext@7d2c6085 testClass = ReservationRestControllerTest, testInstance = bdbe.bdbd.reservation.ReservationRestControllerTest@12ce5274, testMethod = updateReservation_test@ReservationRestControllerTest, testException = [null], mergedContextConfiguration = [WebMergedContextConfiguration@3328d00b testClass = ReservationRestControllerTest, locations = '{}', classes = '{class bdbe.bdbd.BdbdApplication}', contextInitializerClasses = '[]', activeProfiles = '{}', propertySourceLocations = '{}', propertySourceProperties = '{org.springframework.boot.test.context.SpringBootTestContextBootstrapper=true}', contextCustomizers = set[org.springframework.boot.test.autoconfigure.actuate.metrics.MetricsExportContextCustomizerFactory$DisableMetricExportContextCustomizer@78fb9a67, org.springframework.boot.test.autoconfigure.properties.PropertyMappingContextCustomizer@4b3fa0b3, org.springframework.boot.test.autoconfigure.web.servlet.WebDriverContextCustomizerFactory$Customizer@2692b61e, [ImportsContextCustomizer@2e740f3c key = [org.springframework.boot.test.autoconfigure.web.servlet.MockMvcAutoConfiguration, org.springframework.boot.test.autoconfigure.web.servlet.MockMvcWebClientAutoConfiguration, org.springframework.boot.test.autoconfigure.web.servlet.MockMvcWebDriverAutoConfiguration, org.springframework.boot.autoconfigure.security.oauth2.client.servlet.OAuth2ClientAutoConfiguration, org.springframework.boot.autoconfigure.security.oauth2.resource.servlet.OAuth2ResourceServerAutoConfiguration, org.springframework.boot.autoconfigure.security.servlet.SecurityAutoConfiguration, org.springframework.boot.autoconfigure.security.servlet.SecurityFilterAutoConfiguration, org.springframework.boot.autoconfigure.security.servlet.UserDetailsServiceAutoConfiguration, org.springframework.boot.test.autoconfigure.web.servlet.MockMvcSecurityConfiguration, org.springframework.boot.test.autoconfigure.web.reactive.WebTestClientAutoConfiguration]], org.springframework.boot.test.context.filter.ExcludeFilterContextCustomizer@47dbb1e2, org.springframework.boot.test.json.DuplicateJsonObjectContextCustomizerFactory$DuplicateJsonObjectContextCustomizer@6d24ffa1, org.springframework.boot.test.mock.mockito.MockitoContextCustomizer@0, org.springframework.boot.test.web.client.TestRestTemplateContextCustomizer@5ddabb18, org.springframework.boot.test.context.SpringBootTestArgs@1, org.springframework.boot.test.context.SpringBootTestWebEnvironment@7b993c65], resourceBasePath = 'src/main/webapp', contextLoader = 'org.springframework.boot.test.context.SpringBootContextLoader', parent = [null]], attributes = map['org.springframework.test.context.web.ServletTestExecutionListener.activateListener' -> true, 'org.springframework.test.context.web.ServletTestExecutionListener.populatedRequestContextHolder' -> true, 'org.springframework.test.context.web.ServletTestExecutionListener.resetRequestContextHolder' -> true, 'org.springframework.test.context.event.ApplicationEventsTestExecutionListener.recordApplicationEvents' -> false]]; transaction manager [org.springframework.orm.jpa.JpaTransactionManager@7a56c3c7]; rollback [true]
Hibernate: 
    select
        member0_.id as id1_6_,
        member0_.email as email2_6_,
        member0_.password as password3_6_,
        member0_.role as role4_6_,
        member0_.tel as tel5_6_,
        member0_.username as username6_6_ 
    from
        member member0_ 
    where
        member0_.email=?
2023-11-07 02:30:39.971 TRACE 98385 --- [    Test worker] o.h.type.descriptor.sql.BasicBinder      : binding parameter [1] as [VARCHAR] - [user@nate.com]
2023-11-07 02:30:39.982 TRACE 98385 --- [    Test worker] o.h.type.descriptor.sql.BasicExtractor   : extracted value ([id1_6_] : [BIGINT]) - [1]
2023-11-07 02:30:39.982 TRACE 98385 --- [    Test worker] o.h.type.descriptor.sql.BasicExtractor   : extracted value ([email2_6_] : [VARCHAR]) - [user@nate.com]
2023-11-07 02:30:39.982 TRACE 98385 --- [    Test worker] o.h.type.descriptor.sql.BasicExtractor   : extracted value ([password3_6_] : [VARCHAR]) - [{bcrypt}$2a$10$v8NhNtmO91URnZ9nJIYdSeapN9qj4qxBHuf8Kd/hkms9.eRUEHcQS]
2023-11-07 02:30:39.982 TRACE 98385 --- [    Test worker] o.h.type.descriptor.sql.BasicExtractor   : extracted value ([role4_6_] : [VARCHAR]) - [ROLE_USER]
2023-11-07 02:30:39.982 TRACE 98385 --- [    Test worker] o.h.type.descriptor.sql.BasicExtractor   : extracted value ([tel5_6_] : [VARCHAR]) - [010-1234-5678]
2023-11-07 02:30:39.982 TRACE 98385 --- [    Test worker] o.h.type.descriptor.sql.BasicExtractor   : extracted value ([username6_6_] : [VARCHAR]) - [imnewuser]
Hibernate: 
    select
        reservatio0_.id as id1_8_,
        reservatio0_.b_id as b_id8_8_,
        reservatio0_.created_at as created_2_8_,
        reservatio0_.end_time as end_time3_8_,
        reservatio0_.is_deleted as is_delet4_8_,
        reservatio0_.m_id as m_id9_8_,
        reservatio0_.price as price5_8_,
        reservatio0_.start_time as start_ti6_8_,
        reservatio0_.updated_at as updated_7_8_ 
    from
        reservation reservatio0_
2023-11-07 02:30:39.994 TRACE 98385 --- [    Test worker] o.h.type.descriptor.sql.BasicExtractor   : extracted value ([id1_8_] : [BIGINT]) - [1]
2023-11-07 02:30:39.994 TRACE 98385 --- [    Test worker] o.h.type.descriptor.sql.BasicExtractor   : extracted value ([b_id8_8_] : [BIGINT]) - [1]
2023-11-07 02:30:39.994 TRACE 98385 --- [    Test worker] o.h.type.descriptor.sql.BasicExtractor   : extracted value ([created_2_8_] : [TIMESTAMP]) - [2023-10-30T17:19:56.412271]
2023-11-07 02:30:39.994 TRACE 98385 --- [    Test worker] o.h.type.descriptor.sql.BasicExtractor   : extracted value ([end_time3_8_] : [TIMESTAMP]) - [2023-10-13T12:40]
2023-11-07 02:30:39.994 TRACE 98385 --- [    Test worker] o.h.type.descriptor.sql.BasicExtractor   : extracted value ([is_delet4_8_] : [BOOLEAN]) - [false]
2023-11-07 02:30:39.994 TRACE 98385 --- [    Test worker] o.h.type.descriptor.sql.BasicExtractor   : extracted value ([m_id9_8_] : [BIGINT]) - [1]
2023-11-07 02:30:39.994 TRACE 98385 --- [    Test worker] o.h.type.descriptor.sql.BasicExtractor   : extracted value ([price5_8_] : [INTEGER]) - [10000]
2023-11-07 02:30:39.995 TRACE 98385 --- [    Test worker] o.h.type.descriptor.sql.BasicExtractor   : extracted value ([start_ti6_8_] : [TIMESTAMP]) - [2023-10-13T12:10]
2023-11-07 02:30:39.995 TRACE 98385 --- [    Test worker] o.h.type.descriptor.sql.BasicExtractor   : extracted value ([updated_7_8_] : [TIMESTAMP]) - [2023-11-01T23:55:07.348766]
2023-11-07 02:30:39.995 TRACE 98385 --- [    Test worker] o.h.type.descriptor.sql.BasicExtractor   : extracted value ([id1_8_] : [BIGINT]) - [2]
2023-11-07 02:30:39.995 TRACE 98385 --- [    Test worker] o.h.type.descriptor.sql.BasicExtractor   : extracted value ([b_id8_8_] : [BIGINT]) - [2]
2023-11-07 02:30:39.995 TRACE 98385 --- [    Test worker] o.h.type.descriptor.sql.BasicExtractor   : extracted value ([created_2_8_] : [TIMESTAMP]) - [2023-10-30T17:19:56.412271]
2023-11-07 02:30:39.995 TRACE 98385 --- [    Test worker] o.h.type.descriptor.sql.BasicExtractor   : extracted value ([end_time3_8_] : [TIMESTAMP]) - [2023-10-25T11:30]
2023-11-07 02:30:39.995 TRACE 98385 --- [    Test worker] o.h.type.descriptor.sql.BasicExtractor   : extracted value ([is_delet4_8_] : [BOOLEAN]) - [false]
2023-11-07 02:30:39.995 TRACE 98385 --- [    Test worker] o.h.type.descriptor.sql.BasicExtractor   : extracted value ([m_id9_8_] : [BIGINT]) - [1]
2023-11-07 02:30:39.995 TRACE 98385 --- [    Test worker] o.h.type.descriptor.sql.BasicExtractor   : extracted value ([price5_8_] : [INTEGER]) - [10000]
2023-11-07 02:30:39.995 TRACE 98385 --- [    Test worker] o.h.type.descriptor.sql.BasicExtractor   : extracted value ([start_ti6_8_] : [TIMESTAMP]) - [2023-10-25T11:00]
2023-11-07 02:30:39.995 TRACE 98385 --- [    Test worker] o.h.type.descriptor.sql.BasicExtractor   : extracted value ([updated_7_8_] : [TIMESTAMP]) - [2023-10-30T17:19:56.412271]
2023-11-07 02:30:39.995 TRACE 98385 --- [    Test worker] o.h.type.descriptor.sql.BasicExtractor   : extracted value ([id1_8_] : [BIGINT]) - [3]
2023-11-07 02:30:39.995 TRACE 98385 --- [    Test worker] o.h.type.descriptor.sql.BasicExtractor   : extracted value ([b_id8_8_] : [BIGINT]) - [3]
2023-11-07 02:30:39.995 TRACE 98385 --- [    Test worker] o.h.type.descriptor.sql.BasicExtractor   : extracted value ([created_2_8_] : [TIMESTAMP]) - [2023-10-30T17:19:56.412271]
2023-11-07 02:30:39.995 TRACE 98385 --- [    Test worker] o.h.type.descriptor.sql.BasicExtractor   : extracted value ([end_time3_8_] : [TIMESTAMP]) - [2023-10-26T10:30]
2023-11-07 02:30:39.995 TRACE 98385 --- [    Test worker] o.h.type.descriptor.sql.BasicExtractor   : extracted value ([is_delet4_8_] : [BOOLEAN]) - [false]
2023-11-07 02:30:39.995 TRACE 98385 --- [    Test worker] o.h.type.descriptor.sql.BasicExtractor   : extracted value ([m_id9_8_] : [BIGINT]) - [1]
2023-11-07 02:30:39.995 TRACE 98385 --- [    Test worker] o.h.type.descriptor.sql.BasicExtractor   : extracted value ([price5_8_] : [INTEGER]) - [9000]
2023-11-07 02:30:39.995 TRACE 98385 --- [    Test worker] o.h.type.descriptor.sql.BasicExtractor   : extracted value ([start_ti6_8_] : [TIMESTAMP]) - [2023-10-26T10:00]
2023-11-07 02:30:39.995 TRACE 98385 --- [    Test worker] o.h.type.descriptor.sql.BasicExtractor   : extracted value ([updated_7_8_] : [TIMESTAMP]) - [2023-10-30T17:19:56.412271]
2023-11-07 02:30:39.995 TRACE 98385 --- [    Test worker] o.h.type.descriptor.sql.BasicExtractor   : extracted value ([id1_8_] : [BIGINT]) - [4]
2023-11-07 02:30:39.995 TRACE 98385 --- [    Test worker] o.h.type.descriptor.sql.BasicExtractor   : extracted value ([b_id8_8_] : [BIGINT]) - [4]
2023-11-07 02:30:39.995 TRACE 98385 --- [    Test worker] o.h.type.descriptor.sql.BasicExtractor   : extracted value ([created_2_8_] : [TIMESTAMP]) - [2023-10-30T17:19:56.412271]
2023-11-07 02:30:39.995 TRACE 98385 --- [    Test worker] o.h.type.descriptor.sql.BasicExtractor   : extracted value ([end_time3_8_] : [TIMESTAMP]) - [2023-10-26T11:30]
2023-11-07 02:30:39.995 TRACE 98385 --- [    Test worker] o.h.type.descriptor.sql.BasicExtractor   : extracted value ([is_delet4_8_] : [BOOLEAN]) - [false]
2023-11-07 02:30:39.995 TRACE 98385 --- [    Test worker] o.h.type.descriptor.sql.BasicExtractor   : extracted value ([m_id9_8_] : [BIGINT]) - [1]
2023-11-07 02:30:39.995 TRACE 98385 --- [    Test worker] o.h.type.descriptor.sql.BasicExtractor   : extracted value ([price5_8_] : [INTEGER]) - [9000]
2023-11-07 02:30:39.995 TRACE 98385 --- [    Test worker] o.h.type.descriptor.sql.BasicExtractor   : extracted value ([start_ti6_8_] : [TIMESTAMP]) - [2023-10-26T11:00]
2023-11-07 02:30:39.995 TRACE 98385 --- [    Test worker] o.h.type.descriptor.sql.BasicExtractor   : extracted value ([updated_7_8_] : [TIMESTAMP]) - [2023-10-30T17:19:56.412271]
2023-11-07 02:30:39.995 TRACE 98385 --- [    Test worker] o.h.type.descriptor.sql.BasicExtractor   : extracted value ([id1_8_] : [BIGINT]) - [5]
2023-11-07 02:30:39.995 TRACE 98385 --- [    Test worker] o.h.type.descriptor.sql.BasicExtractor   : extracted value ([b_id8_8_] : [BIGINT]) - [5]
2023-11-07 02:30:39.995 TRACE 98385 --- [    Test worker] o.h.type.descriptor.sql.BasicExtractor   : extracted value ([created_2_8_] : [TIMESTAMP]) - [2023-10-30T17:19:56.412271]
2023-11-07 02:30:39.995 TRACE 98385 --- [    Test worker] o.h.type.descriptor.sql.BasicExtractor   : extracted value ([end_time3_8_] : [TIMESTAMP]) - [2023-10-27T10:30]
2023-11-07 02:30:39.995 TRACE 98385 --- [    Test worker] o.h.type.descriptor.sql.BasicExtractor   : extracted value ([is_delet4_8_] : [BOOLEAN]) - [false]
2023-11-07 02:30:39.995 TRACE 98385 --- [    Test worker] o.h.type.descriptor.sql.BasicExtractor   : extracted value ([m_id9_8_] : [BIGINT]) - [1]
2023-11-07 02:30:39.995 TRACE 98385 --- [    Test worker] o.h.type.descriptor.sql.BasicExtractor   : extracted value ([price5_8_] : [INTEGER]) - [8500]
2023-11-07 02:30:39.995 TRACE 98385 --- [    Test worker] o.h.type.descriptor.sql.BasicExtractor   : extracted value ([start_ti6_8_] : [TIMESTAMP]) - [2023-10-27T10:00]
2023-11-07 02:30:39.995 TRACE 98385 --- [    Test worker] o.h.type.descriptor.sql.BasicExtractor   : extracted value ([updated_7_8_] : [TIMESTAMP]) - [2023-10-30T17:19:56.412271]
2023-11-07 02:30:39.995 TRACE 98385 --- [    Test worker] o.h.type.descriptor.sql.BasicExtractor   : extracted value ([id1_8_] : [BIGINT]) - [6]
2023-11-07 02:30:39.995 TRACE 98385 --- [    Test worker] o.h.type.descriptor.sql.BasicExtractor   : extracted value ([b_id8_8_] : [BIGINT]) - [6]
2023-11-07 02:30:39.995 TRACE 98385 --- [    Test worker] o.h.type.descriptor.sql.BasicExtractor   : extracted value ([created_2_8_] : [TIMESTAMP]) - [2023-10-30T17:19:56.412271]
2023-11-07 02:30:39.995 TRACE 98385 --- [    Test worker] o.h.type.descriptor.sql.BasicExtractor   : extracted value ([end_time3_8_] : [TIMESTAMP]) - [2023-10-27T11:30]
2023-11-07 02:30:39.995 TRACE 98385 --- [    Test worker] o.h.type.descriptor.sql.BasicExtractor   : extracted value ([is_delet4_8_] : [BOOLEAN]) - [false]
2023-11-07 02:30:39.995 TRACE 98385 --- [    Test worker] o.h.type.descriptor.sql.BasicExtractor   : extracted value ([m_id9_8_] : [BIGINT]) - [1]
2023-11-07 02:30:39.995 TRACE 98385 --- [    Test worker] o.h.type.descriptor.sql.BasicExtractor   : extracted value ([price5_8_] : [INTEGER]) - [8500]
2023-11-07 02:30:39.995 TRACE 98385 --- [    Test worker] o.h.type.descriptor.sql.BasicExtractor   : extracted value ([start_ti6_8_] : [TIMESTAMP]) - [2023-10-27T11:00]
2023-11-07 02:30:39.995 TRACE 98385 --- [    Test worker] o.h.type.descriptor.sql.BasicExtractor   : extracted value ([updated_7_8_] : [TIMESTAMP]) - [2023-10-30T17:19:56.412271]
2023-11-07 02:30:39.995 TRACE 98385 --- [    Test worker] o.h.type.descriptor.sql.BasicExtractor   : extracted value ([id1_8_] : [BIGINT]) - [7]
2023-11-07 02:30:39.995 TRACE 98385 --- [    Test worker] o.h.type.descriptor.sql.BasicExtractor   : extracted value ([b_id8_8_] : [BIGINT]) - [7]
2023-11-07 02:30:39.995 TRACE 98385 --- [    Test worker] o.h.type.descriptor.sql.BasicExtractor   : extracted value ([created_2_8_] : [TIMESTAMP]) - [2023-10-30T17:19:56.412271]
2023-11-07 02:30:39.995 TRACE 98385 --- [    Test worker] o.h.type.descriptor.sql.BasicExtractor   : extracted value ([end_time3_8_] : [TIMESTAMP]) - [2023-10-28T10:30]
2023-11-07 02:30:39.995 TRACE 98385 --- [    Test worker] o.h.type.descriptor.sql.BasicExtractor   : extracted value ([is_delet4_8_] : [BOOLEAN]) - [false]
2023-11-07 02:30:39.995 TRACE 98385 --- [    Test worker] o.h.type.descriptor.sql.BasicExtractor   : extracted value ([m_id9_8_] : [BIGINT]) - [1]
2023-11-07 02:30:39.995 TRACE 98385 --- [    Test worker] o.h.type.descriptor.sql.BasicExtractor   : extracted value ([price5_8_] : [INTEGER]) - [9500]
2023-11-07 02:30:39.995 TRACE 98385 --- [    Test worker] o.h.type.descriptor.sql.BasicExtractor   : extracted value ([start_ti6_8_] : [TIMESTAMP]) - [2023-10-28T10:00]
2023-11-07 02:30:39.995 TRACE 98385 --- [    Test worker] o.h.type.descriptor.sql.BasicExtractor   : extracted value ([updated_7_8_] : [TIMESTAMP]) - [2023-10-30T17:19:56.412271]
2023-11-07 02:30:39.995 TRACE 98385 --- [    Test worker] o.h.type.descriptor.sql.BasicExtractor   : extracted value ([id1_8_] : [BIGINT]) - [8]
2023-11-07 02:30:39.995 TRACE 98385 --- [    Test worker] o.h.type.descriptor.sql.BasicExtractor   : extracted value ([b_id8_8_] : [BIGINT]) - [8]
2023-11-07 02:30:39.995 TRACE 98385 --- [    Test worker] o.h.type.descriptor.sql.BasicExtractor   : extracted value ([created_2_8_] : [TIMESTAMP]) - [2023-10-30T17:19:56.412271]
2023-11-07 02:30:39.995 TRACE 98385 --- [    Test worker] o.h.type.descriptor.sql.BasicExtractor   : extracted value ([end_time3_8_] : [TIMESTAMP]) - [2023-10-28T11:30]
2023-11-07 02:30:39.995 TRACE 98385 --- [    Test worker] o.h.type.descriptor.sql.BasicExtractor   : extracted value ([is_delet4_8_] : [BOOLEAN]) - [false]
2023-11-07 02:30:39.995 TRACE 98385 --- [    Test worker] o.h.type.descriptor.sql.BasicExtractor   : extracted value ([m_id9_8_] : [BIGINT]) - [1]
2023-11-07 02:30:39.995 TRACE 98385 --- [    Test worker] o.h.type.descriptor.sql.BasicExtractor   : extracted value ([price5_8_] : [INTEGER]) - [9500]
2023-11-07 02:30:39.995 TRACE 98385 --- [    Test worker] o.h.type.descriptor.sql.BasicExtractor   : extracted value ([start_ti6_8_] : [TIMESTAMP]) - [2023-10-28T11:00]
2023-11-07 02:30:39.995 TRACE 98385 --- [    Test worker] o.h.type.descriptor.sql.BasicExtractor   : extracted value ([updated_7_8_] : [TIMESTAMP]) - [2023-10-30T17:19:56.412271]
2023-11-07 02:30:39.995 TRACE 98385 --- [    Test worker] o.h.type.descriptor.sql.BasicExtractor   : extracted value ([id1_8_] : [BIGINT]) - [9]
2023-11-07 02:30:39.995 TRACE 98385 --- [    Test worker] o.h.type.descriptor.sql.BasicExtractor   : extracted value ([b_id8_8_] : [BIGINT]) - [9]
2023-11-07 02:30:39.995 TRACE 98385 --- [    Test worker] o.h.type.descriptor.sql.BasicExtractor   : extracted value ([created_2_8_] : [TIMESTAMP]) - [2023-10-30T17:19:56.412271]
2023-11-07 02:30:39.995 TRACE 98385 --- [    Test worker] o.h.type.descriptor.sql.BasicExtractor   : extracted value ([end_time3_8_] : [TIMESTAMP]) - [2023-10-29T10:30]
2023-11-07 02:30:39.995 TRACE 98385 --- [    Test worker] o.h.type.descriptor.sql.BasicExtractor   : extracted value ([is_delet4_8_] : [BOOLEAN]) - [false]
2023-11-07 02:30:39.995 TRACE 98385 --- [    Test worker] o.h.type.descriptor.sql.BasicExtractor   : extracted value ([m_id9_8_] : [BIGINT]) - [1]
2023-11-07 02:30:39.995 TRACE 98385 --- [    Test worker] o.h.type.descriptor.sql.BasicExtractor   : extracted value ([price5_8_] : [INTEGER]) - [12000]
2023-11-07 02:30:39.996 TRACE 98385 --- [    Test worker] o.h.type.descriptor.sql.BasicExtractor   : extracted value ([start_ti6_8_] : [TIMESTAMP]) - [2023-10-29T10:00]
2023-11-07 02:30:39.996 TRACE 98385 --- [    Test worker] o.h.type.descriptor.sql.BasicExtractor   : extracted value ([updated_7_8_] : [TIMESTAMP]) - [2023-10-30T17:19:56.412271]
2023-11-07 02:30:39.996 TRACE 98385 --- [    Test worker] o.h.type.descriptor.sql.BasicExtractor   : extracted value ([id1_8_] : [BIGINT]) - [10]
2023-11-07 02:30:39.996 TRACE 98385 --- [    Test worker] o.h.type.descriptor.sql.BasicExtractor   : extracted value ([b_id8_8_] : [BIGINT]) - [10]
2023-11-07 02:30:39.996 TRACE 98385 --- [    Test worker] o.h.type.descriptor.sql.BasicExtractor   : extracted value ([created_2_8_] : [TIMESTAMP]) - [2023-10-30T17:19:56.412271]
2023-11-07 02:30:39.996 TRACE 98385 --- [    Test worker] o.h.type.descriptor.sql.BasicExtractor   : extracted value ([end_time3_8_] : [TIMESTAMP]) - [2023-10-29T11:30]
2023-11-07 02:30:39.996 TRACE 98385 --- [    Test worker] o.h.type.descriptor.sql.BasicExtractor   : extracted value ([is_delet4_8_] : [BOOLEAN]) - [true]
2023-11-07 02:30:39.996 TRACE 98385 --- [    Test worker] o.h.type.descriptor.sql.BasicExtractor   : extracted value ([m_id9_8_] : [BIGINT]) - [1]
2023-11-07 02:30:39.996 TRACE 98385 --- [    Test worker] o.h.type.descriptor.sql.BasicExtractor   : extracted value ([price5_8_] : [INTEGER]) - [12000]
2023-11-07 02:30:39.996 TRACE 98385 --- [    Test worker] o.h.type.descriptor.sql.BasicExtractor   : extracted value ([start_ti6_8_] : [TIMESTAMP]) - [2023-10-29T11:00]
2023-11-07 02:30:39.996 TRACE 98385 --- [    Test worker] o.h.type.descriptor.sql.BasicExtractor   : extracted value ([updated_7_8_] : [TIMESTAMP]) - [2023-11-01T23:47:34.314384]
2023-11-07 02:30:39.996 TRACE 98385 --- [    Test worker] o.h.type.descriptor.sql.BasicExtractor   : extracted value ([id1_8_] : [BIGINT]) - [21]
2023-11-07 02:30:39.996 TRACE 98385 --- [    Test worker] o.h.type.descriptor.sql.BasicExtractor   : extracted value ([b_id8_8_] : [BIGINT]) - [1]
2023-11-07 02:30:39.996 TRACE 98385 --- [    Test worker] o.h.type.descriptor.sql.BasicExtractor   : extracted value ([created_2_8_] : [TIMESTAMP]) - [2023-11-01T23:39:43.960177]
2023-11-07 02:30:39.996 TRACE 98385 --- [    Test worker] o.h.type.descriptor.sql.BasicExtractor   : extracted value ([end_time3_8_] : [TIMESTAMP]) - [2023-10-13T12:40]
2023-11-07 02:30:39.996 TRACE 98385 --- [    Test worker] o.h.type.descriptor.sql.BasicExtractor   : extracted value ([is_delet4_8_] : [BOOLEAN]) - [true]
2023-11-07 02:30:39.996 TRACE 98385 --- [    Test worker] o.h.type.descriptor.sql.BasicExtractor   : extracted value ([m_id9_8_] : [BIGINT]) - [61]
2023-11-07 02:30:39.996 TRACE 98385 --- [    Test worker] o.h.type.descriptor.sql.BasicExtractor   : extracted value ([price5_8_] : [INTEGER]) - [10000]
2023-11-07 02:30:39.996 TRACE 98385 --- [    Test worker] o.h.type.descriptor.sql.BasicExtractor   : extracted value ([start_ti6_8_] : [TIMESTAMP]) - [2023-10-13T12:10]
2023-11-07 02:30:39.996 TRACE 98385 --- [    Test worker] o.h.type.descriptor.sql.BasicExtractor   : extracted value ([updated_7_8_] : [TIMESTAMP]) - [2023-11-01T23:47:12.272712]
2023-11-07 02:30:39.996 TRACE 98385 --- [    Test worker] o.h.type.descriptor.sql.BasicExtractor   : extracted value ([id1_8_] : [BIGINT]) - [22]
2023-11-07 02:30:39.996 TRACE 98385 --- [    Test worker] o.h.type.descriptor.sql.BasicExtractor   : extracted value ([b_id8_8_] : [BIGINT]) - [1]
2023-11-07 02:30:39.996 TRACE 98385 --- [    Test worker] o.h.type.descriptor.sql.BasicExtractor   : extracted value ([created_2_8_] : [TIMESTAMP]) - [2023-11-01T23:50:20.346148]
2023-11-07 02:30:39.996 TRACE 98385 --- [    Test worker] o.h.type.descriptor.sql.BasicExtractor   : extracted value ([end_time3_8_] : [TIMESTAMP]) - [2023-10-13T11:40]
2023-11-07 02:30:39.996 TRACE 98385 --- [    Test worker] o.h.type.descriptor.sql.BasicExtractor   : extracted value ([is_delet4_8_] : [BOOLEAN]) - [true]
2023-11-07 02:30:39.996 TRACE 98385 --- [    Test worker] o.h.type.descriptor.sql.BasicExtractor   : extracted value ([m_id9_8_] : [BIGINT]) - [61]
2023-11-07 02:30:39.996 TRACE 98385 --- [    Test worker] o.h.type.descriptor.sql.BasicExtractor   : extracted value ([price5_8_] : [INTEGER]) - [10000]
2023-11-07 02:30:39.996 TRACE 98385 --- [    Test worker] o.h.type.descriptor.sql.BasicExtractor   : extracted value ([start_ti6_8_] : [TIMESTAMP]) - [2023-10-13T11:10]
2023-11-07 02:30:39.996 TRACE 98385 --- [    Test worker] o.h.type.descriptor.sql.BasicExtractor   : extracted value ([updated_7_8_] : [TIMESTAMP]) - [2023-11-04T21:57:32.549587]
2023-11-07 02:30:39.996 TRACE 98385 --- [    Test worker] o.h.type.descriptor.sql.BasicExtractor   : extracted value ([id1_8_] : [BIGINT]) - [23]
2023-11-07 02:30:39.996 TRACE 98385 --- [    Test worker] o.h.type.descriptor.sql.BasicExtractor   : extracted value ([b_id8_8_] : [BIGINT]) - [17]
2023-11-07 02:30:39.996 TRACE 98385 --- [    Test worker] o.h.type.descriptor.sql.BasicExtractor   : extracted value ([created_2_8_] : [TIMESTAMP]) - [2023-11-02T00:19:49.892438]
2023-11-07 02:30:39.996 TRACE 98385 --- [    Test worker] o.h.type.descriptor.sql.BasicExtractor   : extracted value ([end_time3_8_] : [TIMESTAMP]) - [2023-10-13T11:40]
2023-11-07 02:30:39.996 TRACE 98385 --- [    Test worker] o.h.type.descriptor.sql.BasicExtractor   : extracted value ([is_delet4_8_] : [BOOLEAN]) - [true]
2023-11-07 02:30:39.996 TRACE 98385 --- [    Test worker] o.h.type.descriptor.sql.BasicExtractor   : extracted value ([m_id9_8_] : [BIGINT]) - [61]
2023-11-07 02:30:39.996 TRACE 98385 --- [    Test worker] o.h.type.descriptor.sql.BasicExtractor   : extracted value ([price5_8_] : [INTEGER]) - [100]
2023-11-07 02:30:39.996 TRACE 98385 --- [    Test worker] o.h.type.descriptor.sql.BasicExtractor   : extracted value ([start_ti6_8_] : [TIMESTAMP]) - [2023-10-13T11:10]
2023-11-07 02:30:39.996 TRACE 98385 --- [    Test worker] o.h.type.descriptor.sql.BasicExtractor   : extracted value ([updated_7_8_] : [TIMESTAMP]) - [2023-11-04T21:58:01.059616]
2023-11-07 02:30:39.996 TRACE 98385 --- [    Test worker] o.h.type.descriptor.sql.BasicExtractor   : extracted value ([id1_8_] : [BIGINT]) - [24]
2023-11-07 02:30:39.996 TRACE 98385 --- [    Test worker] o.h.type.descriptor.sql.BasicExtractor   : extracted value ([b_id8_8_] : [BIGINT]) - [17]
2023-11-07 02:30:39.996 TRACE 98385 --- [    Test worker] o.h.type.descriptor.sql.BasicExtractor   : extracted value ([created_2_8_] : [TIMESTAMP]) - [2023-11-02T00:19:56.286087]
2023-11-07 02:30:39.996 TRACE 98385 --- [    Test worker] o.h.type.descriptor.sql.BasicExtractor   : extracted value ([end_time3_8_] : [TIMESTAMP]) - [2023-10-13T13:40]
2023-11-07 02:30:39.996 TRACE 98385 --- [    Test worker] o.h.type.descriptor.sql.BasicExtractor   : extracted value ([is_delet4_8_] : [BOOLEAN]) - [false]
2023-11-07 02:30:39.996 TRACE 98385 --- [    Test worker] o.h.type.descriptor.sql.BasicExtractor   : extracted value ([m_id9_8_] : [BIGINT]) - [61]
2023-11-07 02:30:39.996 TRACE 98385 --- [    Test worker] o.h.type.descriptor.sql.BasicExtractor   : extracted value ([price5_8_] : [INTEGER]) - [100]
2023-11-07 02:30:39.996 TRACE 98385 --- [    Test worker] o.h.type.descriptor.sql.BasicExtractor   : extracted value ([start_ti6_8_] : [TIMESTAMP]) - [2023-10-13T13:10]
2023-11-07 02:30:39.996 TRACE 98385 --- [    Test worker] o.h.type.descriptor.sql.BasicExtractor   : extracted value ([updated_7_8_] : [TIMESTAMP]) - [2023-11-02T00:19:56.286087]
2023-11-07 02:30:39.996 TRACE 98385 --- [    Test worker] o.h.type.descriptor.sql.BasicExtractor   : extracted value ([id1_8_] : [BIGINT]) - [37]
2023-11-07 02:30:39.996 TRACE 98385 --- [    Test worker] o.h.type.descriptor.sql.BasicExtractor   : extracted value ([b_id8_8_] : [BIGINT]) - [1]
[...]
2023-11-07 02:30:40.709 TRACE 98385 --- [    Test worker] o.h.type.descriptor.sql.BasicExtractor   : extracted value ([price5_8_0_] : [INTEGER]) - [9000]
2023-11-07 02:30:40.709 TRACE 98385 --- [    Test worker] o.h.type.descriptor.sql.BasicExtractor   : extracted value ([start_ti6_8_0_] : [TIMESTAMP]) - [2023-10-26T10:00]
2023-11-07 02:30:40.709 TRACE 98385 --- [    Test worker] o.h.type.descriptor.sql.BasicExtractor   : extracted value ([updated_7_8_0_] : [TIMESTAMP]) - [2023-10-30T17:19:56.412271]
2023-11-07 02:30:40.709 TRACE 98385 --- [    Test worker] o.h.type.descriptor.sql.BasicExtractor   : extracted value ([bay_num2_0_1_] : [INTEGER]) - [1]
2023-11-07 02:30:40.709 TRACE 98385 --- [    Test worker] o.h.type.descriptor.sql.BasicExtractor   : extracted value ([w_id4_0_1_] : [BIGINT]) - [2]
2023-11-07 02:30:40.709 TRACE 98385 --- [    Test worker] o.h.type.descriptor.sql.BasicExtractor   : extracted value ([status3_0_1_] : [INTEGER]) - [0]
2023-11-07 02:30:40.709 TRACE 98385 --- [    Test worker] o.h.type.descriptor.sql.BasicExtractor   : extracted value ([des2_1_2_] : [VARCHAR]) - [안녕하세요]
2023-11-07 02:30:40.709 TRACE 98385 --- [    Test worker] o.h.type.descriptor.sql.BasicExtractor   : extracted value ([l_id7_1_2_] : [BIGINT]) - [2]
2023-11-07 02:30:40.709 TRACE 98385 --- [    Test worker] o.h.type.descriptor.sql.BasicExtractor   : extracted value ([m_id8_1_2_] : [BIGINT]) - [2]
2023-11-07 02:30:40.709 TRACE 98385 --- [    Test worker] o.h.type.descriptor.sql.BasicExtractor   : extracted value ([name3_1_2_] : [VARCHAR]) - [구름r 세차장]
2023-11-07 02:30:40.710 TRACE 98385 --- [    Test worker] o.h.type.descriptor.sql.BasicExtractor   : extracted value ([price4_1_2_] : [INTEGER]) - [3000]
2023-11-07 02:30:40.710 TRACE 98385 --- [    Test worker] o.h.type.descriptor.sql.BasicExtractor   : extracted value ([rate5_1_2_] : [DOUBLE]) - [4.0]
2023-11-07 02:30:40.710 TRACE 98385 --- [    Test worker] o.h.type.descriptor.sql.BasicExtractor   : extracted value ([tel6_1_2_] : [VARCHAR]) - [010-2222-3333]
2023-11-07 02:30:40.710 TRACE 98385 --- [    Test worker] o.h.type.descriptor.sql.BasicExtractor   : extracted value ([id1_8_0_] : [BIGINT]) - [4]
2023-11-07 02:30:40.710 TRACE 98385 --- [    Test worker] o.h.type.descriptor.sql.BasicExtractor   : extracted value ([id1_0_1_] : [BIGINT]) - [4]
2023-11-07 02:30:40.710 TRACE 98385 --- [    Test worker] o.h.type.descriptor.sql.BasicExtractor   : extracted value ([id1_1_2_] : [BIGINT]) - [2]
2023-11-07 02:30:40.710 TRACE 98385 --- [    Test worker] o.h.type.descriptor.sql.BasicExtractor   : extracted value ([b_id8_8_0_] : [BIGINT]) - [4]
2023-11-07 02:30:40.710 TRACE 98385 --- [    Test worker] o.h.type.descriptor.sql.BasicExtractor   : extracted value ([created_2_8_0_] : [TIMESTAMP]) - [2023-10-30T17:19:56.412271]
2023-11-07 02:30:40.710 TRACE 98385 --- [    Test worker] o.h.type.descriptor.sql.BasicExtractor   : extracted value ([end_time3_8_0_] : [TIMESTAMP]) - [2023-10-26T11:30]
2023-11-07 02:30:40.710 TRACE 98385 --- [    Test worker] o.h.type.descriptor.sql.BasicExtractor   : extracted value ([is_delet4_8_0_] : [BOOLEAN]) - [false]
2023-11-07 02:30:40.710 TRACE 98385 --- [    Test worker] o.h.type.descriptor.sql.BasicExtractor   : extracted value ([m_id9_8_0_] : [BIGINT]) - [1]
2023-11-07 02:30:40.710 TRACE 98385 --- [    Test worker] o.h.type.descriptor.sql.BasicExtractor   : extracted value ([price5_8_0_] : [INTEGER]) - [9000]
2023-11-07 02:30:40.710 TRACE 98385 --- [    Test worker] o.h.type.descriptor.sql.BasicExtractor   : extracted value ([start_ti6_8_0_] : [TIMESTAMP]) - [2023-10-26T11:00]
2023-11-07 02:30:40.710 TRACE 98385 --- [    Test worker] o.h.type.descriptor.sql.BasicExtractor   : extracted value ([updated_7_8_0_] : [TIMESTAMP]) - [2023-10-30T17:19:56.412271]
2023-11-07 02:30:40.710 TRACE 98385 --- [    Test worker] o.h.type.descriptor.sql.BasicExtractor   : extracted value ([bay_num2_0_1_] : [INTEGER]) - [2]
2023-11-07 02:30:40.710 TRACE 98385 --- [    Test worker] o.h.type.descriptor.sql.BasicExtractor   : extracted value ([w_id4_0_1_] : [BIGINT]) - [2]
2023-11-07 02:30:40.710 TRACE 98385 --- [    Test worker] o.h.type.descriptor.sql.BasicExtractor   : extracted value ([status3_0_1_] : [INTEGER]) - [1]
2023-11-07 02:30:40.710 TRACE 98385 --- [    Test worker] o.h.type.descriptor.sql.BasicExtractor   : extracted value ([id1_8_0_] : [BIGINT]) - [5]
2023-11-07 02:30:40.710 TRACE 98385 --- [    Test worker] o.h.type.descriptor.sql.BasicExtractor   : extracted value ([id1_0_1_] : [BIGINT]) - [5]
2023-11-07 02:30:40.710 TRACE 98385 --- [    Test worker] o.h.type.descriptor.sql.BasicExtractor   : extracted value ([id1_1_2_] : [BIGINT]) - [3]
2023-11-07 02:30:40.710 TRACE 98385 --- [    Test worker] o.h.type.descriptor.sql.BasicExtractor   : extracted value ([b_id8_8_0_] : [BIGINT]) - [5]
2023-11-07 02:30:40.710 TRACE 98385 --- [    Test worker] o.h.type.descriptor.sql.BasicExtractor   : extracted value ([created_2_8_0_] : [TIMESTAMP]) - [2023-10-30T17:19:56.412271]
2023-11-07 02:30:40.710 TRACE 98385 --- [    Test worker] o.h.type.descriptor.sql.BasicExtractor   : extracted value ([end_time3_8_0_] : [TIMESTAMP]) - [2023-10-27T10:30]
2023-11-07 02:30:40.710 TRACE 98385 --- [    Test worker] o.h.type.descriptor.sql.BasicExtractor   : extracted value ([is_delet4_8_0_] : [BOOLEAN]) - [false]
2023-11-07 02:30:40.710 TRACE 98385 --- [    Test worker] o.h.type.descriptor.sql.BasicExtractor   : extracted value ([m_id9_8_0_] : [BIGINT]) - [1]
2023-11-07 02:30:40.710 TRACE 98385 --- [    Test worker] o.h.type.descriptor.sql.BasicExtractor   : extracted value ([price5_8_0_] : [INTEGER]) - [8500]
2023-11-07 02:30:40.710 TRACE 98385 --- [    Test worker] o.h.type.descriptor.sql.BasicExtractor   : extracted value ([start_ti6_8_0_] : [TIMESTAMP]) - [2023-10-27T10:00]
2023-11-07 02:30:40.710 TRACE 98385 --- [    Test worker] o.h.type.descriptor.sql.BasicExtractor   : extracted value ([updated_7_8_0_] : [TIMESTAMP]) - [2023-10-30T17:19:56.412271]
2023-11-07 02:30:40.710 TRACE 98385 --- [    Test worker] o.h.type.descriptor.sql.BasicExtractor   : extracted value ([bay_num2_0_1_] : [INTEGER]) - [1]
2023-11-07 02:30:40.710 TRACE 98385 --- [    Test worker] o.h.type.descriptor.sql.BasicExtractor   : extracted value ([w_id4_0_1_] : [BIGINT]) - [3]
2023-11-07 02:30:40.710 TRACE 98385 --- [    Test worker] o.h.type.descriptor.sql.BasicExtractor   : extracted value ([status3_0_1_] : [INTEGER]) - [0]
2023-11-07 02:30:40.710 TRACE 98385 --- [    Test worker] o.h.type.descriptor.sql.BasicExtractor   : extracted value ([des2_1_2_] : [VARCHAR]) - [세차의 세계]
2023-11-07 02:30:40.710 TRACE 98385 --- [    Test worker] o.h.type.descriptor.sql.BasicExtractor   : extracted value ([l_id7_1_2_] : [BIGINT]) - [3]
2023-11-07 02:30:40.710 TRACE 98385 --- [    Test worker] o.h.type.descriptor.sql.BasicExtractor   : extracted value ([m_id8_1_2_] : [BIGINT]) - [2]
2023-11-07 02:30:40.710 TRACE 98385 --- [    Test worker] o.h.type.descriptor.sql.BasicExtractor   : extracted value ([name3_1_2_] : [VARCHAR]) - [세차 월드]
2023-11-07 02:30:40.710 TRACE 98385 --- [    Test worker] o.h.type.descriptor.sql.BasicExtractor   : extracted value ([price4_1_2_] : [INTEGER]) - [8500]
2023-11-07 02:30:40.710 TRACE 98385 --- [    Test worker] o.h.type.descriptor.sql.BasicExtractor   : extracted value ([rate5_1_2_] : [DOUBLE]) - [4.2]
2023-11-07 02:30:40.710 TRACE 98385 --- [    Test worker] o.h.type.descriptor.sql.BasicExtractor   : extracted value ([tel6_1_2_] : [VARCHAR]) - [062-1234-5680]
2023-11-07 02:30:40.710 TRACE 98385 --- [    Test worker] org.hibernate.type.CollectionType        : Created collection wrapper: [bdbe.bdbd.carwash.Carwash.carwashKeywords#1]
2023-11-07 02:30:40.710 TRACE 98385 --- [    Test worker] org.hibernate.type.CollectionType        : Created collection wrapper: [bdbe.bdbd.carwash.Carwash.fileList#1]
Hibernate: 
    select
        location0_.id as id1_5_0_,
        location0_.address as address2_5_0_,
        location0_.latitude as latitude3_5_0_,
        location0_.longitude as longitud4_5_0_,
        location0_.place as place5_5_0_ 
    from
        location location0_ 
    where
        location0_.id=?
2023-11-07 02:30:40.710 TRACE 98385 --- [    Test worker] o.h.type.descriptor.sql.BasicBinder      : binding parameter [1] as [BIGINT] - [1]
2023-11-07 02:30:40.720 TRACE 98385 --- [    Test worker] o.h.type.descriptor.sql.BasicExtractor   : extracted value ([address2_5_0_] : [VARCHAR]) - [구름 주소]
2023-11-07 02:30:40.721 TRACE 98385 --- [    Test worker] o.h.type.descriptor.sql.BasicExtractor   : extracted value ([latitude3_5_0_] : [DOUBLE]) - [12.121]
2023-11-07 02:30:40.721 TRACE 98385 --- [    Test worker] o.h.type.descriptor.sql.BasicExtractor   : extracted value ([longitud4_5_0_] : [DOUBLE]) - [2.232]
2023-11-07 02:30:40.721 TRACE 98385 --- [    Test worker] o.h.type.descriptor.sql.BasicExtractor   : extracted value ([place5_5_0_] : [VARCHAR]) - [구름 이름]
2023-11-07 02:30:40.721 TRACE 98385 --- [    Test worker] org.hibernate.type.CollectionType        : Created collection wrapper: [bdbe.bdbd.carwash.Carwash.carwashKeywords#2]
2023-11-07 02:30:40.721 TRACE 98385 --- [    Test worker] org.hibernate.type.CollectionType        : Created collection wrapper: [bdbe.bdbd.carwash.Carwash.fileList#2]
Hibernate: 
    select
        location0_.id as id1_5_0_,
        location0_.address as address2_5_0_,
        location0_.latitude as latitude3_5_0_,
        location0_.longitude as longitud4_5_0_,
        location0_.place as place5_5_0_ 
    from
        location location0_ 
    where
        location0_.id=?
2023-11-07 02:30:40.721 TRACE 98385 --- [    Test worker] o.h.type.descriptor.sql.BasicBinder      : binding parameter [1] as [BIGINT] - [2]
2023-11-07 02:30:40.732 TRACE 98385 --- [    Test worker] o.h.type.descriptor.sql.BasicExtractor   : extracted value ([address2_5_0_] : [VARCHAR]) - [구름 주소]
2023-11-07 02:30:40.732 TRACE 98385 --- [    Test worker] o.h.type.descriptor.sql.BasicExtractor   : extracted value ([latitude3_5_0_] : [DOUBLE]) - [12.121]
2023-11-07 02:30:40.732 TRACE 98385 --- [    Test worker] o.h.type.descriptor.sql.BasicExtractor   : extracted value ([longitud4_5_0_] : [DOUBLE]) - [2.232]
2023-11-07 02:30:40.732 TRACE 98385 --- [    Test worker] o.h.type.descriptor.sql.BasicExtractor   : extracted value ([place5_5_0_] : [VARCHAR]) - [구름 이름]
2023-11-07 02:30:40.732 TRACE 98385 --- [    Test worker] org.hibernate.type.CollectionType        : Created collection wrapper: [bdbe.bdbd.carwash.Carwash.carwashKeywords#3]
2023-11-07 02:30:40.732 TRACE 98385 --- [    Test worker] org.hibernate.type.CollectionType        : Created collection wrapper: [bdbe.bdbd.carwash.Carwash.fileList#3]
Hibernate: 
    select
        location0_.id as id1_5_0_,
        location0_.address as address2_5_0_,
        location0_.latitude as latitude3_5_0_,
        location0_.longitude as longitud4_5_0_,
        location0_.place as place5_5_0_ 
    from
        location location0_ 
    where
        location0_.id=?
2023-11-07 02:30:40.732 TRACE 98385 --- [    Test worker] o.h.type.descriptor.sql.BasicBinder      : binding parameter [1] as [BIGINT] - [3]
2023-11-07 02:30:40.744 TRACE 98385 --- [    Test worker] o.h.type.descriptor.sql.BasicExtractor   : extracted value ([address2_5_0_] : [VARCHAR]) - [광주 남구 봉선2로 96-14]
2023-11-07 02:30:40.744 TRACE 98385 --- [    Test worker] o.h.type.descriptor.sql.BasicExtractor   : extracted value ([latitude3_5_0_] : [DOUBLE]) - [35.125349394619]
2023-11-07 02:30:40.744 TRACE 98385 --- [    Test worker] o.h.type.descriptor.sql.BasicExtractor   : extracted value ([longitud4_5_0_] : [DOUBLE]) - [126.916778560933]
2023-11-07 02:30:40.744 TRACE 98385 --- [    Test worker] o.h.type.descriptor.sql.BasicExtractor   : extracted value ([place5_5_0_] : [VARCHAR]) - [세차 월드]
Hibernate: 
    select
        file0_.id as id1_3_,
        file0_.c_id as c_id6_3_,
        file0_.is_deleted as is_delet2_3_,
        file0_.name as name3_3_,
        file0_.uploaded_at as uploaded4_3_,
        file0_.url as url5_3_ 
    from
        file file0_ 
    left outer join
        carwash carwash1_ 
            on file0_.c_id=carwash1_.id 
    where
        carwash1_.id=? 
        and file0_.is_deleted=0
2023-11-07 02:30:40.745 TRACE 98385 --- [    Test worker] o.h.type.descriptor.sql.BasicBinder      : binding parameter [1] as [BIGINT] - [1]
2023-11-07 02:30:40.756 TRACE 98385 --- [    Test worker] o.h.type.descriptor.sql.BasicExtractor   : extracted value ([id1_3_] : [BIGINT]) - [36]
2023-11-07 02:30:40.756 TRACE 98385 --- [    Test worker] o.h.type.descriptor.sql.BasicExtractor   : extracted value ([c_id6_3_] : [BIGINT]) - [1]
2023-11-07 02:30:40.756 TRACE 98385 --- [    Test worker] o.h.type.descriptor.sql.BasicExtractor   : extracted value ([is_delet2_3_] : [BOOLEAN]) - [false]
2023-11-07 02:30:40.756 TRACE 98385 --- [    Test worker] o.h.type.descriptor.sql.BasicExtractor   : extracted value ([name3_3_] : [VARCHAR]) - [8ba5e3d8-fd07-49e9-aaeb-72d463cbacb3]
2023-11-07 02:30:40.756 TRACE 98385 --- [    Test worker] o.h.type.descriptor.sql.BasicExtractor   : extracted value ([uploaded4_3_] : [TIMESTAMP]) - [2023-11-07T00:34:54.438203]
2023-11-07 02:30:40.756 TRACE 98385 --- [    Test worker] o.h.type.descriptor.sql.BasicExtractor   : extracted value ([url5_3_] : [VARCHAR]) - [https://bdbdfiles.s3.ap-northeast-2.amazonaws.com/uploads/8ba5e3d8-fd07-49e9-aaeb-72d463cbacb3]
Hibernate: 
    select
        file0_.id as id1_3_,
        file0_.c_id as c_id6_3_,
        file0_.is_deleted as is_delet2_3_,
        file0_.name as name3_3_,
        file0_.uploaded_at as uploaded4_3_,
        file0_.url as url5_3_ 
    from
        file file0_ 
    left outer join
        carwash carwash1_ 
            on file0_.c_id=carwash1_.id 
    where
        carwash1_.id=? 
        and file0_.is_deleted=0
2023-11-07 02:30:40.757 TRACE 98385 --- [    Test worker] o.h.type.descriptor.sql.BasicBinder      : binding parameter [1] as [BIGINT] - [1]
2023-11-07 02:30:40.768 TRACE 98385 --- [    Test worker] o.h.type.descriptor.sql.BasicExtractor   : extracted value ([id1_3_] : [BIGINT]) - [36]
Hibernate: 
    select
        file0_.id as id1_3_,
        file0_.c_id as c_id6_3_,
        file0_.is_deleted as is_delet2_3_,
        file0_.name as name3_3_,
        file0_.uploaded_at as uploaded4_3_,
        file0_.url as url5_3_ 
    from
        file file0_ 
    left outer join
        carwash carwash1_ 
            on file0_.c_id=carwash1_.id 
    where
        carwash1_.id=? 
        and file0_.is_deleted=0
2023-11-07 02:30:40.768 TRACE 98385 --- [    Test worker] o.h.type.descriptor.sql.BasicBinder      : binding parameter [1] as [BIGINT] - [2]
Hibernate: 
    select
        file0_.id as id1_3_,
        file0_.c_id as c_id6_3_,
        file0_.is_deleted as is_delet2_3_,
        file0_.name as name3_3_,
        file0_.uploaded_at as uploaded4_3_,
        file0_.url as url5_3_ 
    from
        file file0_ 
    left outer join
        carwash carwash1_ 
            on file0_.c_id=carwash1_.id 
    where
        carwash1_.id=? 
        and file0_.is_deleted=0
2023-11-07 02:30:40.783 TRACE 98385 --- [    Test worker] o.h.type.descriptor.sql.BasicBinder      : binding parameter [1] as [BIGINT] - [2]
Hibernate: 
    select
        file0_.id as id1_3_,
        file0_.c_id as c_id6_3_,
        file0_.is_deleted as is_delet2_3_,
        file0_.name as name3_3_,
        file0_.uploaded_at as uploaded4_3_,
        file0_.url as url5_3_ 
    from
        file file0_ 
    left outer join
        carwash carwash1_ 
            on file0_.c_id=carwash1_.id 
    where
        carwash1_.id=? 
        and file0_.is_deleted=0
2023-11-07 02:30:40.793 TRACE 98385 --- [    Test worker] o.h.type.descriptor.sql.BasicBinder      : binding parameter [1] as [BIGINT] - [3]
응답 Body : {"success":true,"response":{"recent":[{"carwashId":1,"image":{"id":36,"name":"8ba5e3d8-fd07-49e9-aaeb-72d463cbacb3","url":"https://bdbdfiles.s3.ap-northeast-2.amazonaws.com/uploads/8ba5e3d8-fd07-49e9-aaeb-72d463cbacb3","uploadedAt":"2023-11-07T00:34"},"date":"2023-10-13","carwashName":"구름r 세차장"},{"carwashId":1,"image":{"id":36,"name":"8ba5e3d8-fd07-49e9-aaeb-72d463cbacb3","url":"https://bdbdfiles.s3.ap-northeast-2.amazonaws.com/uploads/8ba5e3d8-fd07-49e9-aaeb-72d463cbacb3","uploadedAt":"2023-11-07T00:34"},"date":"2023-10-25","carwashName":"구름r 세차장"},{"carwashId":2,"image":null,"date":"2023-10-26","carwashName":"구름r 세차장"},{"carwashId":2,"image":null,"date":"2023-10-26","carwashName":"구름r 세차장"},{"carwashId":3,"image":null,"date":"2023-10-27","carwashName":"세차 월드"}]},"error":null}
2023-11-07 02:30:40.831  INFO 98385 --- [    Test worker] o.s.t.c.transaction.TransactionContext   : Rolled back transaction for test: [DefaultTestContext@7d2c6085 testClass = ReservationRestControllerTest, testInstance = bdbe.bdbd.reservation.ReservationRestControllerTest@78ead218, testMethod = fetchRecentReservation_test@ReservationRestControllerTest, testException = [null], mergedContextConfiguration = [WebMergedContextConfiguration@3328d00b testClass = ReservationRestControllerTest, locations = '{}', classes = '{class bdbe.bdbd.BdbdApplication}', contextInitializerClasses = '[]', activeProfiles = '{}', propertySourceLocations = '{}', propertySourceProperties = '{org.springframework.boot.test.context.SpringBootTestContextBootstrapper=true}', contextCustomizers = set[org.springframework.boot.test.autoconfigure.actuate.metrics.MetricsExportContextCustomizerFactory$DisableMetricExportContextCustomizer@78fb9a67, org.springframework.boot.test.autoconfigure.properties.PropertyMappingContextCustomizer@4b3fa0b3, org.springframework.boot.test.autoconfigure.web.servlet.WebDriverContextCustomizerFactory$Customizer@2692b61e, [ImportsContextCustomizer@2e740f3c key = [org.springframework.boot.test.autoconfigure.web.servlet.MockMvcAutoConfiguration, org.springframework.boot.test.autoconfigure.web.servlet.MockMvcWebClientAutoConfiguration, org.springframework.boot.test.autoconfigure.web.servlet.MockMvcWebDriverAutoConfiguration, org.springframework.boot.autoconfigure.security.oauth2.client.servlet.OAuth2ClientAutoConfiguration, org.springframework.boot.autoconfigure.security.oauth2.resource.servlet.OAuth2ResourceServerAutoConfiguration, org.springframework.boot.autoconfigure.security.servlet.SecurityAutoConfiguration, org.springframework.boot.autoconfigure.security.servlet.SecurityFilterAutoConfiguration, org.springframework.boot.autoconfigure.security.servlet.UserDetailsServiceAutoConfiguration, org.springframework.boot.test.autoconfigure.web.servlet.MockMvcSecurityConfiguration, org.springframework.boot.test.autoconfigure.web.reactive.WebTestClientAutoConfiguration]], org.springframework.boot.test.context.filter.ExcludeFilterContextCustomizer@47dbb1e2, org.springframework.boot.test.json.DuplicateJsonObjectContextCustomizerFactory$DuplicateJsonObjectContextCustomizer@6d24ffa1, org.springframework.boot.test.mock.mockito.MockitoContextCustomizer@0, org.springframework.boot.test.web.client.TestRestTemplateContextCustomizer@5ddabb18, org.springframework.boot.test.context.SpringBootTestArgs@1, org.springframework.boot.test.context.SpringBootTestWebEnvironment@7b993c65], resourceBasePath = 'src/main/webapp', contextLoader = 'org.springframework.boot.test.context.SpringBootContextLoader', parent = [null]], attributes = map['org.springframework.test.context.web.ServletTestExecutionListener.activateListener' -> true, 'org.springframework.test.context.web.ServletTestExecutionListener.populatedRequestContextHolder' -> true, 'org.springframework.test.context.web.ServletTestExecutionListener.resetRequestContextHolder' -> true, 'org.springframework.test.context.event.ApplicationEventsTestExecutionListener.recordApplicationEvents' -> false]]
]]></system-out>
  <system-err><![CDATA[]]></system-err>
</testsuite>
